#
# There is insufficient memory for the Java Runtime Environment to continue.
# Native memory allocation (mmap) failed to map 34078720 bytes for committing reserved memory.
# Possible reasons:
#   The system is out of physical RAM or swap space
#   In 32 bit mode, the process size limit was hit
# Possible solutions:
#   Reduce memory load on the system
#   Increase physical memory or swap space
#   Check if swap backing store is full
#   Use 64 bit Java on a 64 bit OS
#   Decrease Java heap size (-Xmx/-Xms)
#   Decrease number of Java threads
#   Decrease Java thread stack sizes (-Xss)
#   Set larger code cache with -XX:ReservedCodeCacheSize=
# This output file may be truncated or incomplete.
#
#  Out of Memory Error (os_linux.cpp:2640), pid=8892, tid=0x00007f7d1f2d1700
#
# JRE version: OpenJDK Runtime Environment (8.0_152-b01) (build 1.8.0_152-release-1024-b01)
# Java VM: OpenJDK 64-Bit Server VM (25.152-b01 mixed mode linux-amd64 compressed oops)
# Failed to write core dump. Core dumps have been disabled. To enable core dumping, try "ulimit -c unlimited" before starting Java again
#

---------------  T H R E A D  ---------------

Current thread (0x00007f7d44079000):  VMThread [stack: 0x00007f7d1f1d1000,0x00007f7d1f2d2000] [id=8901]

Stack: [0x00007f7d1f1d1000,0x00007f7d1f2d2000],  sp=0x00007f7d1f2d0470,  free space=1021k
Native frames: (J=compiled Java code, j=interpreted, Vv=VM code, C=native code)
V  [libjvm.so+0x9ed02d]  VMError::report_and_die()+0x15d
V  [libjvm.so+0x4b99fa]  report_vm_out_of_memory(char const*, int, unsigned long, VMErrorType, char const*)+0x8a
V  [libjvm.so+0x852c20]  os::pd_commit_memory(char*, unsigned long, unsigned long, bool)+0xf0
V  [libjvm.so+0x84d72f]  os::commit_memory(char*, unsigned long, unsigned long, bool)+0x1f
V  [libjvm.so+0x8c448b]  PSVirtualSpace::expand_by(unsigned long)+0x5b
V  [libjvm.so+0x8c5100]  PSYoungGen::resize_generation(unsigned long, unsigned long)+0xb0
V  [libjvm.so+0x8c541b]  PSYoungGen::resize(unsigned long, unsigned long)+0x1b
V  [libjvm.so+0x8c1b0c]  PSScavenge::invoke_no_policy()+0xdac
V  [libjvm.so+0x8c22e8]  PSScavenge::invoke()+0x38
V  [libjvm.so+0x876633]  ParallelScavengeHeap::failed_mem_allocate(unsigned long)+0x63
V  [libjvm.so+0x9eeb54]  VM_ParallelGCFailedAllocation::doit()+0x84
V  [libjvm.so+0x9f3067]  VM_Operation::evaluate()+0x47
V  [libjvm.so+0x9f1a48]  VMThread::evaluate_operation(VM_Operation*)+0x2c8
V  [libjvm.so+0x9f1ec9]  VMThread::loop()+0x219
V  [libjvm.so+0x9f2312]  VMThread::run()+0x72
V  [libjvm.so+0x850032]  java_start(Thread*)+0xf2

VM_Operation (0x00007f7d1ca8d620): ParallelGCFailedAllocation, mode: safepoint, requested by thread 0x00007f7cec00a000


---------------  P R O C E S S  ---------------

Java Threads: ( => current thread )
  0x00007f7cd97bd800 JavaThread "Memory manager" [_thread_blocked, id=8932, stack(0x00007f7cc6fcd000,0x00007f7cc70ce000)]
  0x00007f7cd970e800 JavaThread "pool-1-thread-1" [_thread_blocked, id=8931, stack(0x00007f7cc72ce000,0x00007f7cc73cf000)]
  0x00007f7cd923b000 JavaThread "Build operations Thread 4" [_thread_blocked, id=8930, stack(0x00007f7cc7bfc000,0x00007f7cc7cfd000)]
  0x00007f7cd9239800 JavaThread "Build operations Thread 3" [_thread_blocked, id=8929, stack(0x00007f7cc7cfd000,0x00007f7cc7dfe000)]
  0x00007f7cd9235800 JavaThread "Build operations Thread 2" [_thread_blocked, id=8928, stack(0x00007f7cc7dfe000,0x00007f7cc7eff000)]
  0x00007f7cd9233000 JavaThread "Build operations" [_thread_blocked, id=8927, stack(0x00007f7cc7eff000,0x00007f7cc8000000)]
  0x00007f7cd8eec800 JavaThread "Cache worker for Artifact transforms cache (/home/jk/.gradle/caches/transforms-1)" [_thread_blocked, id=8925, stack(0x00007f7cf4205000,0x00007f7cf4306000)]
  0x00007f7cd824d800 JavaThread "Cache worker for file hash cache (/home/jk/AndroidStudioProjects/2017-Winter-Summer-School/SummerSchool/.gradle/4.5/fileHashes)" [_thread_blocked, id=8924, stack(0x00007f7d1c090000,0x00007f7d1c191000)]
  0x00007f7cd81c1000 JavaThread "File lock request listener" [_thread_in_native, id=8922, stack(0x00007f7d1c391000,0x00007f7d1c492000)]
  0x00007f7cd8119000 JavaThread "Cache worker for file hash cache (/home/jk/.gradle/caches/4.5/fileHashes)" [_thread_blocked, id=8921, stack(0x00007f7d1c492000,0x00007f7d1c593000)]
  0x00007f7cd8011000 JavaThread "Stdin handler" [_thread_blocked, id=8920, stack(0x00007f7d1c793000,0x00007f7d1c894000)]
  0x00007f7cd8010000 JavaThread "Asynchronous log dispatcher for DefaultDaemonConnection: socket connection from /127.0.0.1:42619 to /127.0.0.1:38800" [_thread_blocked, id=8919, stack(0x00007f7d1c894000,0x00007f7d1c995000)]
  0x00007f7cec00a000 JavaThread "Daemon worker" [_thread_blocked, id=8916, stack(0x00007f7d1c995000,0x00007f7d1ca96000)]
  0x00007f7cec008800 JavaThread "Cancel handler" [_thread_blocked, id=8915, stack(0x00007f7d1ca96000,0x00007f7d1cb97000)]
  0x00007f7cec004000 JavaThread "Handler for socket connection from /127.0.0.1:42619 to /127.0.0.1:38800" [_thread_in_native, id=8914, stack(0x00007f7d1cb97000,0x00007f7d1cc98000)]
  0x00007f7cf0045000 JavaThread "Daemon" [_thread_blocked, id=8913, stack(0x00007f7d1cc98000,0x00007f7d1cd99000)]
  0x00007f7d44dee000 JavaThread "Daemon periodic checks" [_thread_blocked, id=8912, stack(0x00007f7d1cd99000,0x00007f7d1ce9a000)]
  0x00007f7d44dcc800 JavaThread "Incoming local TCP Connector on port 42619" [_thread_in_native, id=8911, stack(0x00007f7d1cea1000,0x00007f7d1cfa2000)]
  0x00007f7d440c2000 JavaThread "Service Thread" daemon [_thread_blocked, id=8908, stack(0x00007f7d1e6a8000,0x00007f7d1e7a9000)]
  0x00007f7d440bf000 JavaThread "C1 CompilerThread2" daemon [_thread_blocked, id=8907, stack(0x00007f7d1e7a9000,0x00007f7d1e8aa000)]
  0x00007f7d440bd800 JavaThread "C2 CompilerThread1" daemon [_thread_blocked, id=8906, stack(0x00007f7d1e8aa000,0x00007f7d1e9ab000)]
  0x00007f7d440ba800 JavaThread "C2 CompilerThread0" daemon [_thread_in_native, id=8905, stack(0x00007f7d1e9ab000,0x00007f7d1eaac000)]
  0x00007f7d440b6800 JavaThread "Signal Dispatcher" daemon [_thread_blocked, id=8904, stack(0x00007f7d1eaac000,0x00007f7d1ebad000)]
  0x00007f7d44085000 JavaThread "Finalizer" daemon [_thread_blocked, id=8903, stack(0x00007f7d1efcf000,0x00007f7d1f0d0000)]
  0x00007f7d44080800 JavaThread "Reference Handler" daemon [_thread_blocked, id=8902, stack(0x00007f7d1f0d0000,0x00007f7d1f1d1000)]
  0x00007f7d4400b000 JavaThread "main" [_thread_blocked, id=8896, stack(0x00007f7d4ab0a000,0x00007f7d4ac0b000)]

Other Threads:
=>0x00007f7d44079000 VMThread [stack: 0x00007f7d1f1d1000,0x00007f7d1f2d2000] [id=8901]
  0x00007f7d440c4800 WatcherThread [stack: 0x00007f7d1e5a7000,0x00007f7d1e6a8000] [id=8909]

VM state:at safepoint (normal execution)

VM Mutex/Monitor currently owned by a thread:  ([mutex/lock_event])
[0x00007f7d44007c20] Threads_lock - owner thread: 0x00007f7d44079000
[0x00007f7d44008120] Heap_lock - owner thread: 0x00007f7cec00a000

Heap:
 PSYoungGen      total 183808K, used 12799K [0x00000000e0000000, 0x00000000ede80000, 0x0000000100000000)
  eden space 171008K, 0% used [0x00000000e0000000,0x00000000e0000000,0x00000000ea700000)
  from space 12800K, 99% used [0x00000000ea700000,0x00000000eb37fc98,0x00000000eb380000)
  to   space 11776K, 0% used [0x00000000eb380000,0x00000000eb380000,0x00000000ebf00000)
 ParOldGen       total 56320K, used 21654K [0x00000000a0000000, 0x00000000a3700000, 0x00000000e0000000)
  object space 56320K, 38% used [0x00000000a0000000,0x00000000a1525868,0x00000000a3700000)
 Metaspace       used 45576K, capacity 46422K, committed 46680K, reserved 1089536K
  class space    used 6176K, capacity 6452K, committed 6528K, reserved 1048576K

Card table byte_map: [0x00007f7d34511000,0x00007f7d34812000] byte_map_base: 0x00007f7d34011000

Marking Bits: (ParMarkBitMap*) 0x00007f7d49fc2440
 Begin Bits: [0x00007f7d25000000, 0x00007f7d26800000)
 End Bits:   [0x00007f7d26800000, 0x00007f7d28000000)

Polling page: 0x00007f7d4ac2f000

CodeCache: size=245760Kb used=14750Kb max_used=14759Kb free=231009Kb
 bounds [0x00007f7d34bd2000, 0x00007f7d35a52000, 0x00007f7d43bd2000]
 total_blobs=5052 nmethods=4320 adapters=645
 compilation: enabled

Compilation events (10 events):
Event: 12.189 Thread 0x00007f7d440bf000 4828       3       java.util.concurrent.locks.ReentrantReadWriteLock$ReadLock::unlock (10 bytes)
Event: 12.189 Thread 0x00007f7d440bf000 nmethod 4828 0x00007f7d35a26ad0 code [0x00007f7d35a26c60, 0x00007f7d35a26fd8]
Event: 12.189 Thread 0x00007f7d440bf000 4829       3       java.util.concurrent.locks.ReentrantReadWriteLock$Sync::tryReleaseShared (147 bytes)
Event: 12.191 Thread 0x00007f7d440bf000 nmethod 4829 0x00007f7d35a25610 code [0x00007f7d35a25820, 0x00007f7d35a264c8]
Event: 12.191 Thread 0x00007f7d440bf000 4826       3       com.sun.xml.bind.v2.model.impl.RuntimeElementPropertyInfoImpl::getTypes (5 bytes)
Event: 12.191 Thread 0x00007f7d440bf000 nmethod 4826 0x00007f7d35a25290 code [0x00007f7d35a25400, 0x00007f7d35a25588]
Event: 12.197 Thread 0x00007f7d440bd800 nmethod 4734 0x00007f7d35a446d0 code [0x00007f7d35a44920, 0x00007f7d35a45a80]
Event: 12.197 Thread 0x00007f7d440bd800 4822       4       java.io.DataInputStream::readUTF (501 bytes)
Event: 12.211 Thread 0x00007f7d440bf000 4830       3       java.util.concurrent.locks.ReentrantReadWriteLock$Sync::tryAcquireShared (177 bytes)
Event: 12.212 Thread 0x00007f7d440bf000 nmethod 4830 0x00007f7d35a23850 code [0x00007f7d35a23aa0, 0x00007f7d35a24b68]

GC Heap History (10 events):
Event: 4.425 GC heap after
Heap after GC invocations=6 (full 1):
 PSYoungGen      total 66048K, used 0K [0x00000000e0000000, 0x00000000e9000000, 0x0000000100000000)
  eden space 63488K, 0% used [0x00000000e0000000,0x00000000e0000000,0x00000000e3e00000)
  from space 2560K, 0% used [0x00000000e3e00000,0x00000000e3e00000,0x00000000e4080000)
  to   space 10240K, 0% used [0x00000000e8600000,0x00000000e8600000,0x00000000e9000000)
 ParOldGen       total 41472K, used 10662K [0x00000000a0000000, 0x00000000a2880000, 0x00000000e0000000)
  object space 41472K, 25% used [0x00000000a0000000,0x00000000a0a69900,0x00000000a2880000)
 Metaspace       used 20821K, capacity 21102K, committed 21248K, reserved 1067008K
  class space    used 2930K, capacity 3018K, committed 3072K, reserved 1048576K
}
Event: 5.334 GC heap before
{Heap before GC invocations=7 (full 1):
 PSYoungGen      total 66048K, used 63488K [0x00000000e0000000, 0x00000000e9000000, 0x0000000100000000)
  eden space 63488K, 100% used [0x00000000e0000000,0x00000000e3e00000,0x00000000e3e00000)
  from space 2560K, 0% used [0x00000000e3e00000,0x00000000e3e00000,0x00000000e4080000)
  to   space 10240K, 0% used [0x00000000e8600000,0x00000000e8600000,0x00000000e9000000)
 ParOldGen       total 41472K, used 10662K [0x00000000a0000000, 0x00000000a2880000, 0x00000000e0000000)
  object space 41472K, 25% used [0x00000000a0000000,0x00000000a0a69900,0x00000000a2880000)
 Metaspace       used 25158K, capacity 25580K, committed 25728K, reserved 1071104K
  class space    used 3534K, capacity 3711K, committed 3712K, reserved 1048576K
Event: 5.375 GC heap after
Heap after GC invocations=7 (full 1):
 PSYoungGen      total 112128K, used 7169K [0x00000000e0000000, 0x00000000e8d80000, 0x0000000100000000)
  eden space 104448K, 0% used [0x00000000e0000000,0x00000000e0000000,0x00000000e6600000)
  from space 7680K, 93% used [0x00000000e8600000,0x00000000e8d00548,0x00000000e8d80000)
  to   space 10752K, 0% used [0x00000000e7880000,0x00000000e7880000,0x00000000e8300000)
 ParOldGen       total 41472K, used 10670K [0x00000000a0000000, 0x00000000a2880000, 0x00000000e0000000)
  object space 41472K, 25% used [0x00000000a0000000,0x00000000a0a6b900,0x00000000a2880000)
 Metaspace       used 25158K, capacity 25580K, committed 25728K, reserved 1071104K
  class space    used 3534K, capacity 3711K, committed 3712K, reserved 1048576K
}
Event: 7.188 GC heap before
{Heap before GC invocations=8 (full 1):
 PSYoungGen      total 112128K, used 111617K [0x00000000e0000000, 0x00000000e8d80000, 0x0000000100000000)
  eden space 104448K, 100% used [0x00000000e0000000,0x00000000e6600000,0x00000000e6600000)
  from space 7680K, 93% used [0x00000000e8600000,0x00000000e8d00548,0x00000000e8d80000)
  to   space 10752K, 0% used [0x00000000e7880000,0x00000000e7880000,0x00000000e8300000)
 ParOldGen       total 41472K, used 10670K [0x00000000a0000000, 0x00000000a2880000, 0x00000000e0000000)
  object space 41472K, 25% used [0x00000000a0000000,0x00000000a0a6b900,0x00000000a2880000)
 Metaspace       used 30664K, capacity 31100K, committed 31232K, reserved 1077248K
  class space    used 4184K, capacity 4333K, committed 4352K, reserved 1048576K
Event: 7.233 GC heap after
Heap after GC invocations=8 (full 1):
 PSYoungGen      total 134144K, used 9005K [0x00000000e0000000, 0x00000000ebf00000, 0x0000000100000000)
  eden space 123392K, 0% used [0x00000000e0000000,0x00000000e0000000,0x00000000e7880000)
  from space 10752K, 83% used [0x00000000e7880000,0x00000000e814b4a0,0x00000000e8300000)
  to   space 11776K, 0% used [0x00000000eb380000,0x00000000eb380000,0x00000000ebf00000)
 ParOldGen       total 41472K, used 10670K [0x00000000a0000000, 0x00000000a2880000, 0x00000000e0000000)
  object space 41472K, 25% used [0x00000000a0000000,0x00000000a0a6b900,0x00000000a2880000)
 Metaspace       used 30664K, capacity 31100K, committed 31232K, reserved 1077248K
  class space    used 4184K, capacity 4333K, committed 4352K, reserved 1048576K
}
Event: 8.986 GC heap before
{Heap before GC invocations=9 (full 1):
 PSYoungGen      total 134144K, used 56985K [0x00000000e0000000, 0x00000000ebf00000, 0x0000000100000000)
  eden space 123392K, 38% used [0x00000000e0000000,0x00000000e2edb080,0x00000000e7880000)
  from space 10752K, 83% used [0x00000000e7880000,0x00000000e814b4a0,0x00000000e8300000)
  to   space 11776K, 0% used [0x00000000eb380000,0x00000000eb380000,0x00000000ebf00000)
 ParOldGen       total 41472K, used 10670K [0x00000000a0000000, 0x00000000a2880000, 0x00000000e0000000)
  object space 41472K, 25% used [0x00000000a0000000,0x00000000a0a6b900,0x00000000a2880000)
 Metaspace       used 34760K, capacity 35286K, committed 35416K, reserved 1079296K
  class space    used 4751K, capacity 4945K, committed 4992K, reserved 1048576K
Event: 9.021 GC heap after
Heap after GC invocations=9 (full 1):
 PSYoungGen      total 182784K, used 9678K [0x00000000e0000000, 0x00000000ede80000, 0x0000000100000000)
  eden space 171008K, 0% used [0x00000000e0000000,0x00000000e0000000,0x00000000ea700000)
  from space 11776K, 82% used [0x00000000eb380000,0x00000000ebcf3b98,0x00000000ebf00000)
  to   space 12800K, 0% used [0x00000000ea700000,0x00000000ea700000,0x00000000eb380000)
 ParOldGen       total 41472K, used 10750K [0x00000000a0000000, 0x00000000a2880000, 0x00000000e0000000)
  object space 41472K, 25% used [0x00000000a0000000,0x00000000a0a7f910,0x00000000a2880000)
 Metaspace       used 34760K, capacity 35286K, committed 35416K, reserved 1079296K
  class space    used 4751K, capacity 4945K, committed 4992K, reserved 1048576K
}
Event: 9.021 GC heap before
{Heap before GC invocations=10 (full 2):
 PSYoungGen      total 182784K, used 9678K [0x00000000e0000000, 0x00000000ede80000, 0x0000000100000000)
  eden space 171008K, 0% used [0x00000000e0000000,0x00000000e0000000,0x00000000ea700000)
  from space 11776K, 82% used [0x00000000eb380000,0x00000000ebcf3b98,0x00000000ebf00000)
  to   space 12800K, 0% used [0x00000000ea700000,0x00000000ea700000,0x00000000eb380000)
 ParOldGen       total 41472K, used 10750K [0x00000000a0000000, 0x00000000a2880000, 0x00000000e0000000)
  object space 41472K, 25% used [0x00000000a0000000,0x00000000a0a7f910,0x00000000a2880000)
 Metaspace       used 34760K, capacity 35286K, committed 35416K, reserved 1079296K
  class space    used 4751K, capacity 4945K, committed 4992K, reserved 1048576K
Event: 9.116 GC heap after
Heap after GC invocations=10 (full 2):
 PSYoungGen      total 182784K, used 0K [0x00000000e0000000, 0x00000000ede80000, 0x0000000100000000)
  eden space 171008K, 0% used [0x00000000e0000000,0x00000000e0000000,0x00000000ea700000)
  from space 11776K, 0% used [0x00000000eb380000,0x00000000eb380000,0x00000000ebf00000)
  to   space 12800K, 0% used [0x00000000ea700000,0x00000000ea700000,0x00000000eb380000)
 ParOldGen       total 56320K, used 16192K [0x00000000a0000000, 0x00000000a3700000, 0x00000000e0000000)
  object space 56320K, 28% used [0x00000000a0000000,0x00000000a0fd0000,0x00000000a3700000)
 Metaspace       used 34760K, capacity 35286K, committed 35416K, reserved 1079296K
  class space    used 4751K, capacity 4945K, committed 4992K, reserved 1048576K
}
Event: 12.216 GC heap before
{Heap before GC invocations=11 (full 2):
 PSYoungGen      total 182784K, used 171008K [0x00000000e0000000, 0x00000000ede80000, 0x0000000100000000)
  eden space 171008K, 100% used [0x00000000e0000000,0x00000000ea700000,0x00000000ea700000)
  from space 11776K, 0% used [0x00000000eb380000,0x00000000eb380000,0x00000000ebf00000)
  to   space 12800K, 0% used [0x00000000ea700000,0x00000000ea700000,0x00000000eb380000)
 ParOldGen       total 56320K, used 16192K [0x00000000a0000000, 0x00000000a3700000, 0x00000000e0000000)
  object space 56320K, 28% used [0x00000000a0000000,0x00000000a0fd0000,0x00000000a3700000)
 Metaspace       used 45576K, capacity 46422K, committed 46680K, reserved 1089536K
  class space    used 6176K, capacity 6452K, committed 6528K, reserved 1048576K

Deoptimization events (10 events):
Event: 10.154 Thread 0x00007f7cec00a000 Uncommon trap: reason=unstable_if action=reinterpret pc=0x00007f7d34eab050 method=java.security.CodeSource.getCertificates()[Ljava/security/cert/Certificate; @ 22
Event: 10.180 Thread 0x00007f7cec00a000 Uncommon trap: reason=unstable_if action=reinterpret pc=0x00007f7d357f5f28 method=java.util.LinkedHashMap.get(Ljava/lang/Object;)Ljava/lang/Object; @ 20
Event: 10.703 Thread 0x00007f7cec00a000 Uncommon trap: reason=range_check action=make_not_entrant pc=0x00007f7d3590ad80 method=java.lang.String.charAt(I)C @ 27
Event: 10.922 Thread 0x00007f7cec00a000 Uncommon trap: reason=class_check action=maybe_recompile pc=0x00007f7d3528fb38 method=org.codehaus.groovy.runtime.metaclass.MetaMethodIndex.addMethodToList(Ljava/lang/Object;Lgroovy/lang/MetaMethod;)Ljava/lang/Object; @ 220
Event: 10.923 Thread 0x00007f7cec00a000 Uncommon trap: reason=class_check action=maybe_recompile pc=0x00007f7d3528fb38 method=org.codehaus.groovy.runtime.metaclass.MetaMethodIndex.addMethodToList(Ljava/lang/Object;Lgroovy/lang/MetaMethod;)Ljava/lang/Object; @ 220
Event: 10.949 Thread 0x00007f7cec00a000 Uncommon trap: reason=null_check action=make_not_entrant pc=0x00007f7d35881694 method=java.lang.ThreadLocal$ThreadLocalMap.getEntryAfterMiss(Ljava/lang/ThreadLocal;ILjava/lang/ThreadLocal$ThreadLocalMap$Entry;)Ljava/lang/ThreadLocal$ThreadLocalMap$Entry; 
Event: 12.032 Thread 0x00007f7cec00a000 Uncommon trap: reason=bimorphic action=maybe_recompile pc=0x00007f7d356b53c4 method=java.util.AbstractList$Itr.next()Ljava/lang/Object; @ 14
Event: 12.035 Thread 0x00007f7cec00a000 Uncommon trap: reason=bimorphic action=maybe_recompile pc=0x00007f7d356b53c4 method=java.util.AbstractList$Itr.next()Ljava/lang/Object; @ 14
Event: 12.036 Thread 0x00007f7cec00a000 Uncommon trap: reason=bimorphic action=maybe_recompile pc=0x00007f7d356b53c4 method=java.util.AbstractList$Itr.next()Ljava/lang/Object; @ 14
Event: 12.036 Thread 0x00007f7cec00a000 Uncommon trap: reason=bimorphic action=maybe_recompile pc=0x00007f7d356b53c4 method=java.util.AbstractList$Itr.next()Ljava/lang/Object; @ 14

Classes redefined (0 events):
No events

Internal exceptions (10 events):
Event: 11.754 Thread 0x00007f7cec00a000 Exception <a 'sun/nio/fs/UnixException'> (0x00000000e91b43d8) thrown at [/usr/local/google/home/ralucas/source/AOSP-openjdk-git/jdk8u/hotspot/src/share/vm/prims/jni.cpp, line 709]
Event: 11.754 Thread 0x00007f7cec00a000 Exception <a 'sun/nio/fs/UnixException'> (0x00000000e91b5e50) thrown at [/usr/local/google/home/ralucas/source/AOSP-openjdk-git/jdk8u/hotspot/src/share/vm/prims/jni.cpp, line 709]
Event: 11.756 Thread 0x00007f7cec00a000 Exception <a 'sun/nio/fs/UnixException'> (0x00000000e91b8698) thrown at [/usr/local/google/home/ralucas/source/AOSP-openjdk-git/jdk8u/hotspot/src/share/vm/prims/jni.cpp, line 709]
Event: 11.756 Thread 0x00007f7cec00a000 Exception <a 'sun/nio/fs/UnixException'> (0x00000000e91ba298) thrown at [/usr/local/google/home/ralucas/source/AOSP-openjdk-git/jdk8u/hotspot/src/share/vm/prims/jni.cpp, line 709]
Event: 11.757 Thread 0x00007f7cec00a000 Exception <a 'sun/nio/fs/UnixException'> (0x00000000e91bd4e8) thrown at [/usr/local/google/home/ralucas/source/AOSP-openjdk-git/jdk8u/hotspot/src/share/vm/prims/jni.cpp, line 709]
Event: 11.757 Thread 0x00007f7cec00a000 Exception <a 'sun/nio/fs/UnixException'> (0x00000000e91bf080) thrown at [/usr/local/google/home/ralucas/source/AOSP-openjdk-git/jdk8u/hotspot/src/share/vm/prims/jni.cpp, line 709]
Event: 11.759 Thread 0x00007f7cec00a000 Exception <a 'sun/nio/fs/UnixException'> (0x00000000e91c1da8) thrown at [/usr/local/google/home/ralucas/source/AOSP-openjdk-git/jdk8u/hotspot/src/share/vm/prims/jni.cpp, line 709]
Event: 11.759 Thread 0x00007f7cec00a000 Exception <a 'sun/nio/fs/UnixException'> (0x00000000e91c35c8) thrown at [/usr/local/google/home/ralucas/source/AOSP-openjdk-git/jdk8u/hotspot/src/share/vm/prims/jni.cpp, line 709]
Event: 11.786 Thread 0x00007f7cec00a000 Exception <a 'java/lang/ClassNotFoundException': com/sun/org/glassfish/hk2/osgiresourcelocator/ServiceLoader> (0x00000000e921c2a0) thrown at [/usr/local/google/home/ralucas/source/AOSP-openjdk-git/jdk8u/hotspot/src/share/vm/classfile/systemDictionary.cpp,
Event: 11.861 Thread 0x00007f7cec00a000 Exception <a 'java/lang/NullPointerException'> (0x00000000e968d8c8) thrown at [/usr/local/google/home/ralucas/source/AOSP-openjdk-git/jdk8u/hotspot/src/share/vm/interpreter/linkResolver.cpp, line 1301]

Events (10 events):
Event: 12.203 loading class com/sun/xml/bind/v2/runtime/reflect/PrimitiveArrayListerShort done
Event: 12.205 loading class com/sun/xml/bind/v2/runtime/reflect/Lister$2
Event: 12.205 loading class com/sun/xml/bind/v2/runtime/reflect/Lister$2 done
Event: 12.205 loading class com/sun/xml/bind/v2/ClassFactory
Event: 12.205 loading class com/sun/xml/bind/v2/ClassFactory done
Event: 12.207 loading class com/sun/xml/bind/v2/ClassFactory$1
Event: 12.207 loading class com/sun/xml/bind/v2/ClassFactory$1 done
Event: 12.208 loading class java/lang/ExceptionInInitializerError
Event: 12.209 loading class java/lang/ExceptionInInitializerError done
Event: 12.214 Executing VM operation: ParallelGCFailedAllocation


Dynamic libraries:
00400000-00401000 r-xp 00000000 08:02 5515006                            /usr/local/android-studio/jre/bin/java
00600000-00601000 r--p 00000000 08:02 5515006                            /usr/local/android-studio/jre/bin/java
00601000-00602000 rw-p 00001000 08:02 5515006                            /usr/local/android-studio/jre/bin/java
00bdd000-00bfe000 rw-p 00000000 00:00 0                                  [heap]
a0000000-a3700000 rw-p 00000000 00:00 0 
a3700000-e0000000 ---p 00000000 00:00 0 
e0000000-ede80000 rw-p 00000000 00:00 0 
eff00000-100000000 ---p 00000000 00:00 0 
100000000-100660000 rw-p 00000000 00:00 0 
100660000-140000000 ---p 00000000 00:00 0 
7f7cac000000-7f7cac021000 rw-p 00000000 00:00 0 
7f7cac021000-7f7cb0000000 ---p 00000000 00:00 0 
7f7cb0000000-7f7cb0021000 rw-p 00000000 00:00 0 
7f7cb0021000-7f7cb4000000 ---p 00000000 00:00 0 
7f7cb4000000-7f7cb4021000 rw-p 00000000 00:00 0 
7f7cb4021000-7f7cb8000000 ---p 00000000 00:00 0 
7f7cb8000000-7f7cb8021000 rw-p 00000000 00:00 0 
7f7cb8021000-7f7cbc000000 ---p 00000000 00:00 0 
7f7cbc000000-7f7cbc021000 rw-p 00000000 00:00 0 
7f7cbc021000-7f7cc0000000 ---p 00000000 00:00 0 
7f7cc0000000-7f7cc0021000 rw-p 00000000 00:00 0 
7f7cc0021000-7f7cc4000000 ---p 00000000 00:00 0 
7f7cc69b8000-7f7cc69ca000 r--s 00345000 08:02 5515088                    /usr/local/android-studio/jre/jre/lib/resources.jar
7f7cc69ca000-7f7cc6b0a000 rw-p 00000000 00:00 0 
7f7cc6b0a000-7f7cc6bca000 ---p 00000000 00:00 0 
7f7cc6bca000-7f7cc6dca000 rw-p 00000000 00:00 0 
7f7cc6dca000-7f7cc6dcd000 r--s 00015000 08:02 5515087                    /usr/local/android-studio/jre/jre/lib/jce.jar
7f7cc6dcd000-7f7cc6fcd000 rw-p 00000000 00:00 0 
7f7cc6fcd000-7f7cc6fd0000 ---p 00000000 00:00 0 
7f7cc6fd0000-7f7cc72ce000 rw-p 00000000 00:00 0 
7f7cc72ce000-7f7cc72d1000 ---p 00000000 00:00 0 
7f7cc72d1000-7f7cc75cf000 rw-p 00000000 00:00 0 
7f7cc75cf000-7f7cc77c5000 rw-p 00000000 00:00 0 
7f7cc77c5000-7f7cc77cf000 ---p 00000000 00:00 0 
7f7cc77cf000-7f7cc77d0000 r--s 00005000 08:02 7223790                    /home/jk/.gradle/caches/jars-3/9174d0d367bafcebcd239806f93d90dc/istack-commons-runtime-2.21.jar
7f7cc77d0000-7f7cc77d2000 r--s 0000f000 08:02 7223789                    /home/jk/.gradle/caches/jars-3/406a870a988b3914ac54eb29fd01fdfd/txw2-2.2.11.jar
7f7cc77d2000-7f7cc77d5000 r--s 00016000 08:02 7223788                    /home/jk/.gradle/caches/jars-3/ce70df06e313ae5b1ad4fa1bcd386d6f/jaxb-api-2.2.12-b140109.1041.jar
7f7cc77d5000-7f7cc77da000 r--s 00044000 08:02 7223787                    /home/jk/.gradle/caches/jars-3/5ebe152791cc4289b54232ea17c6fb1b/FastInfoset-1.2.13.jar
7f7cc77da000-7f7cc77dc000 r--s 00007000 08:02 7223786                    /home/jk/.gradle/caches/jars-3/2475591a5e42dd51c58dd218cd998894/stax-ex-1.7.7.jar
7f7cc77dc000-7f7cc77e1000 r--s 00021000 08:02 7223785                    /home/jk/.gradle/caches/jars-3/e95a9589df4f9a6c34d088f900ea6226/jaxb-core-2.2.11.jar
7f7cc77e1000-7f7cc77e7000 r--s 00033000 08:02 929293                     /home/jk/.gradle/caches/jars-3/6d14fda7961c06a1d3f65b914902aaca/commons-codec-1.6.jar
7f7cc77e7000-7f7cc77e9000 r--s 0000d000 08:02 929291                     /home/jk/.gradle/caches/jars-3/b958e1f87f076c583b5ee3dbc28a0bda/commons-logging-1.1.1.jar
7f7cc77e9000-7f7cc77ef000 r--s 00032000 08:02 929289                     /home/jk/.gradle/caches/jars-3/81dc9d67dc6677389b34cb21689a42ad/httpcore-4.2.5.jar
7f7cc77ef000-7f7cc7800000 r--s 000eb000 08:02 7223784                    /home/jk/.gradle/caches/jars-3/e2fa0d2d55e3e3991520cbe8387ccd2a/jaxb-runtime-2.2.11.jar
7f7cc7800000-7f7cc7803000 r--s 00011000 08:02 7223783                    /home/jk/.gradle/caches/jars-3/bfacc0a383370eff24c8eb8cf1220418/javax.activation-1.2.0.jar
7f7cc7803000-7f7cc7805000 r--s 00003000 08:02 929287                     /home/jk/.gradle/caches/jars-3/461985c1f4e307944bd7490eedc627b4/annotations-13.0.jar
7f7cc7805000-7f7cc7806000 r--s 0000a000 08:02 929277                     /home/jk/.gradle/caches/jars-3/4352e397eb3e8adfc2bd942162e1dc9c/kxml2-2.3.0.jar
7f7cc7806000-7f7cc7808000 r--s 00005000 08:02 929273                     /home/jk/.gradle/caches/jars-3/5a14ce4d8ba906c5d0043250e8894139/httpmime-4.1.jar
7f7cc7808000-7f7cc7812000 r--s 00061000 08:02 272773                     /home/jk/.gradle/caches/jars-3/d42bf4fcccc63f349c6810abfcd8877a/httpclient-4.2.6.jar
7f7cc7812000-7f7cc781b000 r--s 00064000 08:02 272771                     /home/jk/.gradle/caches/jars-3/6d1a19fc7bf82a43f3c9fa5a512a45ec/commons-compress-1.12.jar
7f7cc781b000-7f7cc781c000 r--s 00000000 08:02 929285                     /home/jk/.gradle/caches/jars-3/da76d16a7380e837619b3393622b331c/animal-sniffer-annotations-1.14.jar
7f7cc781c000-7f7cc781e000 r--s 00001000 08:02 929283                     /home/jk/.gradle/caches/jars-3/e9abfccb43bd544f77a0d92ec9afadd7/j2objc-annotations-1.1.jar
7f7cc781e000-7f7cc7821000 r--s 00006000 08:02 7356987                    /home/jk/.gradle/caches/jars-3/258dd0c3148622e9c507fcb6c0649341/jsr305-1.3.9.jar
7f7cc7821000-7f7cc7831000 r--s 000d6000 08:02 272767                     /home/jk/.gradle/caches/jars-3/3e3040dc2daab2a7347504eb413f0df5/proguard-base-5.3.3.jar
7f7cc7831000-7f7cc7841000 r--s 000d4000 08:02 7356985                    /home/jk/.gradle/caches/jars-3/5d46a7bc936f4bc0d131fbf26d5d24b2/kotlin-stdlib-1.2.0.jar
7f7cc7841000-7f7cc7842000 r--s 00000000 08:02 7356983                    /home/jk/.gradle/caches/jars-3/2c3b89536fa7a179e76f6d27394a50cd/kotlin-stdlib-jre7-1.2.0.jar
7f7cc7842000-7f7cc7843000 r--s 00001000 08:02 6847357                    /home/jk/.gradle/caches/modules-2/files-2.1/com.android.tools/annotations/26.2.0-alpha02/8fe327ad261d0725bbb39a8de9cac4c3ee1f3134/annotations-26.2.0-alpha02.jar
7f7cc7843000-7f7cc7848000 r--s 00034000 08:02 7356979                    /home/jk/.gradle/caches/jars-3/0bc928489d6453805d3269cd57bfdfb9/gson-2.7.jar
7f7cc7848000-7f7cc784b000 r--s 00033000 08:02 272759                     /home/jk/.gradle/caches/jars-3/891a605f5da1268301fcb1a7ef45692d/juniversalchardet-1.0.3.jar
7f7cc784b000-7f7cc784f000 r--s 0002a000 08:02 272757                     /home/jk/.gradle/caches/jars-3/cd2efe6fe5cb7c2f6f78581f68a8a39b/commons-io-2.4.jar
7f7cc784f000-7f7cc7866000 r--s 00154000 08:02 272755                     /home/jk/.gradle/caches/jars-3/a65edfa7b9842d93dc7c423619bf678f/antlr4-4.5.3.jar
7f7cc7866000-7f7cc789a000 r--s 00239000 08:02 7356973                    /home/jk/.gradle/caches/jars-3/9b2ad6e490dafa7b23339296a2c97f4e/kotlin-reflect-1.2.0.jar
7f7cc789a000-7f7cc79bf000 r--s 00f5d000 08:02 272743                     /home/jk/.gradle/caches/jars-3/a007888cf940169896c734d0e8fa7bf1/fastutil-7.2.0.jar
7f7cc79bf000-7f7cc7a0a000 r--s 002ff000 08:02 272741                     /home/jk/.gradle/caches/jars-3/e0daa3dd76e278d343c26d2295b4574d/bcprov-jdk15on-1.56.jar
7f7cc7a0a000-7f7cc7a1b000 r--s 00097000 08:02 272739                     /home/jk/.gradle/caches/jars-3/a13765522a6a2719251f3c45666b012b/bcpkix-jdk15on-1.56.jar
7f7cc7a1b000-7f7cc7a2a000 r--s 00143000 08:02 7356965                    /home/jk/.gradle/caches/jars-3/46c24996d88156a9bb38a9e8cb9faabe/protobuf-java-3.4.0.jar
7f7cc7a2a000-7f7cc7bfc000 r--s 0188a000 08:02 6847336                    /home/jk/.gradle/caches/modules-2/files-2.1/com.android.tools.build/builder/3.2.0-alpha02/d60f419742d333fe66f4ffa7354d89da303edfe8/builder-3.2.0-alpha02.jar
7f7cc7bfc000-7f7cc7bff000 ---p 00000000 00:00 0 
7f7cc7bff000-7f7cc7cfd000 rw-p 00000000 00:00 0 
7f7cc7cfd000-7f7cc7d00000 ---p 00000000 00:00 0 
7f7cc7d00000-7f7cc7dfe000 rw-p 00000000 00:00 0 
7f7cc7dfe000-7f7cc7e01000 ---p 00000000 00:00 0 
7f7cc7e01000-7f7cc7eff000 rw-p 00000000 00:00 0 
7f7cc7eff000-7f7cc7f02000 ---p 00000000 00:00 0 
7f7cc7f02000-7f7cc8000000 rw-p 00000000 00:00 0 
7f7cc8000000-7f7cc8021000 rw-p 00000000 00:00 0 
7f7cc8021000-7f7ccc000000 ---p 00000000 00:00 0 
7f7ccc000000-7f7ccc021000 rw-p 00000000 00:00 0 
7f7ccc021000-7f7cd0000000 ---p 00000000 00:00 0 
7f7cd0000000-7f7cd0021000 rw-p 00000000 00:00 0 
7f7cd0021000-7f7cd4000000 ---p 00000000 00:00 0 
7f7cd4000000-7f7cd4070000 rw-p 00000000 00:00 0 
7f7cd4070000-7f7cd8000000 ---p 00000000 00:00 0 
7f7cd8000000-7f7cd9837000 rw-p 00000000 00:00 0 
7f7cd9837000-7f7cdc000000 ---p 00000000 00:00 0 
7f7cdc000000-7f7cdc284000 rw-p 00000000 00:00 0 
7f7cdc284000-7f7ce0000000 ---p 00000000 00:00 0 
7f7ce0000000-7f7ce002a000 rw-p 00000000 00:00 0 
7f7ce002a000-7f7ce4000000 ---p 00000000 00:00 0 
7f7ce4000000-7f7ce4021000 rw-p 00000000 00:00 0 
7f7ce4021000-7f7ce8000000 ---p 00000000 00:00 0 
7f7ce8000000-7f7ce8021000 rw-p 00000000 00:00 0 
7f7ce8021000-7f7cec000000 ---p 00000000 00:00 0 
7f7cec000000-7f7cec021000 rw-p 00000000 00:00 0 
7f7cec021000-7f7cf0000000 ---p 00000000 00:00 0 
7f7cf0000000-7f7cf007c000 rw-p 00000000 00:00 0 
7f7cf007c000-7f7cf4000000 ---p 00000000 00:00 0 
7f7cf4000000-7f7cf4002000 r--s 00015000 08:02 7356977                    /home/jk/.gradle/caches/jars-3/57b6ff4becf3541fcbf2bf20b3550d5b/javapoet-1.8.0.jar
7f7cf4002000-7f7cf4003000 r--s 00003000 08:02 6847356                    /home/jk/.gradle/caches/modules-2/files-2.1/com.android.databinding/baseLibrary/3.2.0-alpha02/81bfb4e06ade66f4211df319560cd134978b2c62/baseLibrary-3.2.0-alpha02.jar
7f7cf4003000-7f7cf4005000 r--s 00002000 08:02 272737                     /home/jk/.gradle/caches/jars-3/c758fa8868209f4d03b01225e1ed2001/javawriter-2.5.0.jar
7f7cf4005000-7f7cf4205000 rw-p 00000000 00:00 0 
7f7cf4205000-7f7cf4208000 ---p 00000000 00:00 0 
7f7cf4208000-7f7cf4306000 rw-p 00000000 00:00 0 
7f7cf4306000-7f7cf4307000 r--s 00003000 08:02 272745                     /home/jk/.gradle/caches/jars-3/886874542f908119a3606ae736c6e667/json-simple-1.1.jar
7f7cf4307000-7f7cf430c000 r--s 0003f000 08:02 6847355                    /home/jk/.gradle/caches/modules-2/files-2.1/com.android.tools.build/apksig/3.2.0-alpha02/d0d684be3fd5fc09256f1b28aa043841f775233e/apksig-3.2.0-alpha02.jar
7f7cf430c000-7f7cf430f000 r--s 00007000 08:02 6847354                    /home/jk/.gradle/caches/modules-2/files-2.1/com.android.tools.build/builder-model/3.2.0-alpha02/7f45493f42a9ac6c92022a8458c3875259f167e3/builder-model-3.2.0-alpha02.jar
7f7cf430f000-7f7cf4310000 r--s 00002000 08:02 7356967                    /home/jk/.gradle/caches/jars-3/41de841032328c6af5380db0a760d6f1/error_prone_annotations-2.1.2.jar
7f7cf4310000-7f7cf4326000 r--s 001f6000 08:02 6847353                    /home/jk/.gradle/caches/modules-2/files-2.1/com.android.tools.analytics-library/protos/26.2.0-alpha02/d9540a533305ff2e16bc856dc4ec6b09b76dbcbe/protos-26.2.0-alpha02.jar
7f7cf4326000-7f7cf432c000 r--s 00085000 08:02 6847352                    /home/jk/.gradle/caches/modules-2/files-2.1/com.android.tools.build/aapt2-proto/0.2.0/462d00a275701932a04c63ba652a1e9f69e2c029/aapt2-proto-0.2.0.jar
7f7cf432c000-7f7cf435c000 r--s 00245000 08:02 272751                     /home/jk/.gradle/caches/jars-3/3c96b3800bef5a9d130642a5fce696b5/guava-22.0.jar
7f7cf435c000-7f7cf4360000 r--s 0002f000 08:02 272749                     /home/jk/.gradle/caches/jars-3/de8d73ecf39301704b1c7f034cd2130b/jimfs-1.1.jar
7f7cf4360000-7f7cf4364000 r--s 00029000 08:02 6847351                    /home/jk/.gradle/caches/modules-2/files-2.1/com.android.tools/common/26.2.0-alpha02/b3b2166104a5192ae5b2b7f1932f3893cc3b16ca/common-26.2.0-alpha02.jar
7f7cf4364000-7f7cf4366000 r--s 00006000 08:02 6847350                    /home/jk/.gradle/caches/modules-2/files-2.1/com.android.tools/dvlib/26.2.0-alpha02/448f7e085a02666afd567cc798b957b5b9e10493/dvlib-26.2.0-alpha02.jar
7f7cf4366000-7f7cf4369000 r--s 00016000 08:02 6847349                    /home/jk/.gradle/caches/modules-2/files-2.1/com.android.tools.layoutlib/layoutlib-api/26.2.0-alpha02/43ac1f3e17c6b724f1e4b8b3d4732a64b53a4c7d/layoutlib-api-26.2.0-alpha02.jar
7f7cf4369000-7f7cf436a000 r--s 00005000 08:02 6847348                    /home/jk/.gradle/caches/modules-2/files-2.1/com.android.tools.analytics-library/shared/26.2.0-alpha02/51426c7e898306b4c2630d75ef36851c301cc016/shared-26.2.0-alpha02.jar
7f7cf436a000-7f7cf436c000 r--s 00004000 08:02 6847347                    /home/jk/.gradle/caches/modules-2/files-2.1/com.android.tools.analytics-library/tracker/26.2.0-alpha02/467c6a9faa82e1ab8fa264ddc06667f5e1cfca9/tracker-26.2.0-alpha02.jar
7f7cf436c000-7f7cf4371000 r--s 0004e000 08:02 6847346                    /home/jk/.gradle/caches/modules-2/files-2.1/com.android.tools.ddms/ddmlib/26.2.0-alpha02/155315cae3a11498635a37171e19d062f2928b94/ddmlib-26.2.0-alpha02.jar
7f7cf4371000-7f7cf4372000 r--s 00003000 08:02 6847345                    /home/jk/.gradle/caches/modules-2/files-2.1/com.android.tools.build/builder-test-api/3.2.0-alpha02/3ec096188c048045e659f85ce22b5597178a0e81/builder-test-api-3.2.0-alpha02.jar
7f7cf4372000-7f7cf4374000 r--s 0000f000 08:02 7225780                    /home/jk/.gradle/caches/jars-3/f95469bfd6794589c9fe7bdfac7a8e2f/protobuf-java-util-3.4.0.jar
7f7cf4374000-7f7cf4393000 r--s 0016b000 08:02 7225778                    /home/jk/.gradle/caches/jars-3/0c33c560e717c75a0f8c6f91c6217da3/auto-value-1.5.2.jar
7f7cf4393000-7f7cf4395000 r--s 00002000 08:02 272715                     /home/jk/.gradle/caches/jars-3/aef91c30517375c16ce5441e84be0f5e/proguard-gradle-5.3.3.jar
7f7cf4395000-7f7cf4397000 r--s 0000f000 08:02 272713                     /home/jk/.gradle/caches/jars-3/c93e74da8ceb3a75ff5456599f439b40/jopt-simple-4.9.jar
7f7cf4397000-7f7cf4399000 r--s 0000c000 08:02 149407                     /home/jk/.gradle/caches/jars-3/0ede7333fe09a80fbc4fe1a0c9b586cd/asm-5.1.jar
7f7cf4399000-7f7cf439b000 r--s 00006000 08:02 149405                     /home/jk/.gradle/caches/jars-3/bc49c094a2443fb7fadba7269dffb02a/asm-tree-5.1.jar
7f7cf439b000-7f7cf439c000 r--s 0000a000 08:02 149403                     /home/jk/.gradle/caches/jars-3/01be4c5f22346cb9b30cf8da870a55d5/asm-util-5.1.jar
7f7cf439c000-7f7cf439e000 r--s 0000a000 08:02 149401                     /home/jk/.gradle/caches/jars-3/08cdd41fe1f26baeb39b42fea9560740/asm-commons-5.1.jar
7f7cf439e000-7f7cf43a4000 r--s 00030000 08:02 6847344                    /home/jk/.gradle/caches/modules-2/files-2.1/com.android.tools/repository/26.2.0-alpha02/8287b2f703a228d0eb37d0255740a1fc7b596185/repository-26.2.0-alpha02.jar
7f7cf43a4000-7f7cf43ae000 r--s 0009c000 08:02 6847343                    /home/jk/.gradle/caches/modules-2/files-2.1/com.android.tools/sdklib/26.2.0-alpha02/a69e9341648942960fd896d30e87a8b74b193b64/sdklib-26.2.0-alpha02.jar
7f7cf43ae000-7f7cf43da000 r--s 0028f000 08:02 6847337                    /home/jk/.gradle/caches/modules-2/files-2.1/com.android.tools.build/gradle-core/3.2.0-alpha02/6254eaa5af937da64148fdc22d4de02cf06d40af/gradle-core-3.2.0-alpha02.jar
7f7cf43da000-7f7cf45da000 rw-p 00000000 00:00 0 
7f7cf45da000-7f7cf47da000 rw-p 00000000 00:00 0 
7f7cf47da000-7f7cf49da000 rw-p 00000000 00:00 0 
7f7cf49da000-7f7cf4bda000 rw-p 00000000 00:00 0 
7f7cf4bda000-7f7cf4dda000 rw-p 00000000 00:00 0 
7f7cf4dda000-7f7cf4ddb000 r--s 00004000 08:02 149399                     /home/jk/.gradle/caches/jars-3/0c311c56cf8ab286a5dc313445596433/asm-analysis-5.1.jar
7f7cf4ddb000-7f7cf4ddc000 r--s 00000000 08:02 149397                     /home/jk/.gradle/caches/jars-3/3a19f245a69e4fe4a3bf28e8723c23d3/transform-api-2.0.0-deprecated-use-gradle-api.jar
7f7cf4ddc000-7f7cf4ddd000 r--s 00002000 08:02 7225776                    /home/jk/.gradle/caches/jars-3/6114f06b482e8d3f7601c1f6ae428e24/kotlin-stdlib-jre8-1.2.0.jar
7f7cf4ddd000-7f7cf4def000 r--s 0010f000 08:02 6847342                    /home/jk/.gradle/caches/modules-2/files-2.1/com.android.tools/sdk-common/26.2.0-alpha02/7f27de6dbcfc8e2dd10c11d50db15663786d0662/sdk-common-26.2.0-alpha02.jar
7f7cf4def000-7f7cf4df5000 r--s 00040000 08:02 6847340                    /home/jk/.gradle/caches/modules-2/files-2.1/com.android.databinding/compilerCommon/3.2.0-alpha02/59b256c161fb930a0b8b7e90a5c6a20aa470a430/compilerCommon-3.2.0-alpha02.jar
7f7cf4df5000-7f7cf4dff000 r--s 00078000 08:02 6822146                    /home/jk/.gradle/caches/modules-2/files-2.1/org.sonarsource.scanner.api/sonar-scanner-api/2.9.0.887/daf561ff8b9d3f83bbd2080c44083147426dc9ae/sonar-scanner-api-2.9.0.887.jar
7f7cf4dff000-7f7cf4fff000 rw-p 00000000 00:00 0 
7f7cf4fff000-7f7cf8000000 rw-p 00000000 00:00 0 
7f7cf8000000-7f7cf8021000 rw-p 00000000 00:00 0 
7f7cf8021000-7f7cfc000000 ---p 00000000 00:00 0 
7f7cfc000000-7f7cfc021000 rw-p 00000000 00:00 0 
7f7cfc021000-7f7d00000000 ---p 00000000 00:00 0 
7f7d00000000-7f7d023f2000 rw-p 00000000 00:00 0 
7f7d023f2000-7f7d04000000 ---p 00000000 00:00 0 
7f7d04000000-7f7d049af000 rw-p 00000000 00:00 0 
7f7d049af000-7f7d08000000 ---p 00000000 00:00 0 
7f7d08000000-7f7d08021000 rw-p 00000000 00:00 0 
7f7d08021000-7f7d0c000000 ---p 00000000 00:00 0 
7f7d0c000000-7f7d0dedf000 rw-p 00000000 00:00 0 
7f7d0dedf000-7f7d10000000 ---p 00000000 00:00 0 
7f7d10000000-7f7d10021000 rw-p 00000000 00:00 0 
7f7d10021000-7f7d14000000 ---p 00000000 00:00 0 
7f7d14000000-7f7d14021000 rw-p 00000000 00:00 0 
7f7d14021000-7f7d18000000 ---p 00000000 00:00 0 
7f7d18000000-7f7d182c2000 rw-p 00000000 00:00 0 
7f7d182c2000-7f7d1c000000 ---p 00000000 00:00 0 
7f7d1c000000-7f7d1c003000 r--s 0002a000 08:02 6847341                    /home/jk/.gradle/caches/modules-2/files-2.1/com.android.tools.build/manifest-merger/26.2.0-alpha02/1305539d462389064189c78608441e713e7561a4/manifest-merger-26.2.0-alpha02.jar
7f7d1c003000-7f7d1c007000 r--s 00013000 08:02 6847339                    /home/jk/.gradle/caches/modules-2/files-2.1/com.android.tools.build/gradle-api/3.2.0-alpha02/86f19ea7dda1ecd90951d8297d40b298168b8421/gradle-api-3.2.0-alpha02.jar
7f7d1c007000-7f7d1c008000 r--s 00004000 08:02 6847338                    /home/jk/.gradle/caches/modules-2/files-2.1/com.android.tools.lint/lint-gradle-api/26.2.0-alpha02/e75848e41c4960a9856d5897768ac8cf7779cbdc/lint-gradle-api-26.2.0-alpha02.jar
7f7d1c008000-7f7d1c010000 r--s 00082000 08:02 6847358                    /home/jk/.gradle/caches/modules-2/files-2.1/com.android.tools.build/bundletool/0.1.0-alpha04/f089ca28affa96df2d8ec33a43f59e29d3f5377c/bundletool-0.1.0-alpha04.jar
7f7d1c010000-7f7d1c012000 r--s 00005000 08:02 6847302                    /home/jk/.gradle/caches/modules-2/files-2.1/org.sonarsource.scanner.gradle/sonarqube-gradle-plugin/2.6.1/ca061a521af2a40386b255656446427771958823/sonarqube-gradle-plugin-2.6.1.jar
7f7d1c012000-7f7d1c014000 r--s 00007000 08:02 6843332                    /home/jk/.gradle/caches/modules-2/files-2.1/com.google.gms/google-services/3.1.1/aca432c928821bad3626ddd1b9164cd85a73641/google-services-3.1.1.jar
7f7d1c014000-7f7d1c017000 r--s 0001b000 08:02 6847335                    /home/jk/.gradle/caches/modules-2/files-2.1/com.android.tools.build/gradle/3.2.0-alpha02/4c4152a29d81101313f9593add6f9025c682405/gradle-3.2.0-alpha02.jar
7f7d1c017000-7f7d1c090000 r--s 010fd000 08:02 5515059                    /usr/local/android-studio/jre/lib/tools.jar
7f7d1c090000-7f7d1c093000 ---p 00000000 00:00 0 
7f7d1c093000-7f7d1c391000 rw-p 00000000 00:00 0 
7f7d1c391000-7f7d1c394000 ---p 00000000 00:00 0 
7f7d1c394000-7f7d1c492000 rw-p 00000000 00:00 0 
7f7d1c492000-7f7d1c495000 ---p 00000000 00:00 0 
7f7d1c495000-7f7d1c793000 rw-p 00000000 00:00 0 
7f7d1c793000-7f7d1c796000 ---p 00000000 00:00 0 
7f7d1c796000-7f7d1c894000 rw-p 00000000 00:00 0 
7f7d1c894000-7f7d1c897000 ---p 00000000 00:00 0 
7f7d1c897000-7f7d1c995000 rw-p 00000000 00:00 0 
7f7d1c995000-7f7d1c998000 ---p 00000000 00:00 0 
7f7d1c998000-7f7d1ca96000 rw-p 00000000 00:00 0 
7f7d1ca96000-7f7d1ca99000 ---p 00000000 00:00 0 
7f7d1ca99000-7f7d1cb97000 rw-p 00000000 00:00 0 
7f7d1cb97000-7f7d1cb9a000 ---p 00000000 00:00 0 
7f7d1cb9a000-7f7d1cc98000 rw-p 00000000 00:00 0 
7f7d1cc98000-7f7d1cc9b000 ---p 00000000 00:00 0 
7f7d1cc9b000-7f7d1cd99000 rw-p 00000000 00:00 0 
7f7d1cd99000-7f7d1cd9c000 ---p 00000000 00:00 0 
7f7d1cd9c000-7f7d1ce9a000 rw-p 00000000 00:00 0 
7f7d1ce9a000-7f7d1cea1000 r--s 00000000 08:02 3168994                    /usr/lib/x86_64-linux-gnu/gconv/gconv-modules.cache
7f7d1cea1000-7f7d1cea4000 ---p 00000000 00:00 0 
7f7d1cea4000-7f7d1cfa2000 rw-p 00000000 00:00 0 
7f7d1cfa2000-7f7d1cfa7000 r--s 0009a000 08:02 5515157                    /usr/local/android-studio/jre/jre/lib/jsse.jar
7f7d1cfa7000-7f7d1d1a7000 rw-p 00000000 00:00 0 
7f7d1d1a7000-7f7d1d1b0000 r-xp 00000000 08:02 5515137                    /usr/local/android-studio/jre/jre/lib/amd64/libmanagement.so
7f7d1d1b0000-7f7d1d3af000 ---p 00009000 08:02 5515137                    /usr/local/android-studio/jre/jre/lib/amd64/libmanagement.so
7f7d1d3af000-7f7d1d3b0000 r--p 00008000 08:02 5515137                    /usr/local/android-studio/jre/jre/lib/amd64/libmanagement.so
7f7d1d3b0000-7f7d1d3b1000 rw-p 00009000 08:02 5515137                    /usr/local/android-studio/jre/jre/lib/amd64/libmanagement.so
7f7d1d3b1000-7f7d1d3b3000 r--s 00007000 08:02 158083                     /home/jk/.gradle/wrapper/dists/gradle-4.5-all/cg9lyzfg3iwv6fa00os9gcgj4/gradle-4.5/lib/plugins/gradle-tooling-api-builders-4.5.jar
7f7d1d3b3000-7f7d1d3b8000 r--s 00017000 08:02 158068                     /home/jk/.gradle/wrapper/dists/gradle-4.5-all/cg9lyzfg3iwv6fa00os9gcgj4/gradle-4.5/lib/plugins/gradle-testing-native-4.5.jar
7f7d1d3b8000-7f7d1d3bd000 r--s 0005a000 08:02 158140                     /home/jk/.gradle/wrapper/dists/gradle-4.5-all/cg9lyzfg3iwv6fa00os9gcgj4/gradle-4.5/lib/plugins/bsh-2.0b6.jar
7f7d1d3bd000-7f7d1d3bf000 r--s 00006000 08:02 158171                     /home/jk/.gradle/wrapper/dists/gradle-4.5-all/cg9lyzfg3iwv6fa00os9gcgj4/gradle-4.5/lib/plugins/jcommander-1.12.jar
7f7d1d3bf000-7f7d1d3c5000 r--s 00033000 08:02 158172                     /home/jk/.gradle/wrapper/dists/gradle-4.5-all/cg9lyzfg3iwv6fa00os9gcgj4/gradle-4.5/lib/plugins/snakeyaml-1.6.jar
7f7d1d3c5000-7f7d1d3ce000 r--s 00089000 08:02 158138                     /home/jk/.gradle/wrapper/dists/gradle-4.5-all/cg9lyzfg3iwv6fa00os9gcgj4/gradle-4.5/lib/plugins/testng-6.3.1.jar
7f7d1d3ce000-7f7d1d3d0000 r--s 00009000 08:02 158170                     /home/jk/.gradle/wrapper/dists/gradle-4.5-all/cg9lyzfg3iwv6fa00os9gcgj4/gradle-4.5/lib/plugins/hamcrest-core-1.3.jar
7f7d1d3d0000-7f7d1d3d8000 r--s 00045000 08:02 158139                     /home/jk/.gradle/wrapper/dists/gradle-4.5-all/cg9lyzfg3iwv6fa00os9gcgj4/gradle-4.5/lib/plugins/junit-4.12.jar
7f7d1d3d8000-7f7d1d3dc000 r--s 00019000 08:02 158089                     /home/jk/.gradle/wrapper/dists/gradle-4.5-all/cg9lyzfg3iwv6fa00os9gcgj4/gradle-4.5/lib/plugins/gradle-testing-jvm-4.5.jar
7f7d1d3dc000-7f7d1d3e4000 r--s 00030000 08:02 158095                     /home/jk/.gradle/wrapper/dists/gradle-4.5-all/cg9lyzfg3iwv6fa00os9gcgj4/gradle-4.5/lib/plugins/gradle-testing-base-4.5.jar
7f7d1d3e4000-7f7d1d3eb000 r--s 00043000 08:02 158133                     /home/jk/.gradle/wrapper/dists/gradle-4.5-all/cg9lyzfg3iwv6fa00os9gcgj4/gradle-4.5/lib/plugins/bcpg-jdk15on-1.58.jar
7f7d1d3eb000-7f7d1d3ed000 r--s 0000e000 08:02 158066                     /home/jk/.gradle/wrapper/dists/gradle-4.5-all/cg9lyzfg3iwv6fa00os9gcgj4/gradle-4.5/lib/plugins/gradle-signing-4.5.jar
7f7d1d3ed000-7f7d1d3ef000 r--s 00007000 08:02 158074                     /home/jk/.gradle/wrapper/dists/gradle-4.5-all/cg9lyzfg3iwv6fa00os9gcgj4/gradle-4.5/lib/plugins/gradle-scala-4.5.jar
7f7d1d3ef000-7f7d1d3f0000 r--s 00004000 08:02 158105                     /home/jk/.gradle/wrapper/dists/gradle-4.5-all/cg9lyzfg3iwv6fa00os9gcgj4/gradle-4.5/lib/plugins/gradle-resources-sftp-4.5.jar
7f7d1d3f0000-7f7d1d3f7000 r--s 00057000 08:02 158115                     /home/jk/.gradle/wrapper/dists/gradle-4.5-all/cg9lyzfg3iwv6fa00os9gcgj4/gradle-4.5/lib/plugins/aws-java-sdk-kms-1.11.6.jar
7f7d1d3f7000-7f7d1d405000 r--s 00087000 08:02 158116                     /home/jk/.gradle/wrapper/dists/gradle-4.5-all/cg9lyzfg3iwv6fa00os9gcgj4/gradle-4.5/lib/plugins/aws-java-sdk-core-1.11.6.jar
7f7d1d405000-7f7d1d412000 r--s 0008e000 08:02 158114                     /home/jk/.gradle/wrapper/dists/gradle-4.5-all/cg9lyzfg3iwv6fa00os9gcgj4/gradle-4.5/lib/plugins/aws-java-sdk-s3-1.11.6.jar
7f7d1d412000-7f7d1d414000 r--s 00004000 08:02 158100                     /home/jk/.gradle/wrapper/dists/gradle-4.5-all/cg9lyzfg3iwv6fa00os9gcgj4/gradle-4.5/lib/plugins/gradle-resources-s3-4.5.jar
7f7d1d414000-7f7d1d424000 r--s 00088000 08:02 158149                     /home/jk/.gradle/wrapper/dists/gradle-4.5-all/cg9lyzfg3iwv6fa00os9gcgj4/gradle-4.5/lib/plugins/joda-time-2.8.2.jar
7f7d1d424000-7f7d1d436000 r--s 0011f000 08:02 158146                     /home/jk/.gradle/wrapper/dists/gradle-4.5-all/cg9lyzfg3iwv6fa00os9gcgj4/gradle-4.5/lib/plugins/jackson-databind-2.8.11.jar
7f7d1d436000-7f7d1d439000 r--s 0000b000 08:02 158148                     /home/jk/.gradle/wrapper/dists/gradle-4.5-all/cg9lyzfg3iwv6fa00os9gcgj4/gradle-4.5/lib/plugins/jackson-annotations-2.8.11.jar
7f7d1d439000-7f7d1d43d000 r--s 00042000 08:02 158147                     /home/jk/.gradle/wrapper/dists/gradle-4.5-all/cg9lyzfg3iwv6fa00os9gcgj4/gradle-4.5/lib/plugins/jackson-core-2.8.11.jar
7f7d1d43d000-7f7d1d43e000 r--s 00001000 08:02 158121                     /home/jk/.gradle/wrapper/dists/gradle-4.5-all/cg9lyzfg3iwv6fa00os9gcgj4/gradle-4.5/lib/plugins/google-http-client-jackson2-1.22.0.jar
7f7d1d43e000-7f7d1d447000 r--s 0004f000 08:02 158122                     /home/jk/.gradle/wrapper/dists/gradle-4.5-all/cg9lyzfg3iwv6fa00os9gcgj4/gradle-4.5/lib/plugins/google-http-client-1.22.0.jar
7f7d1d447000-7f7d1d449000 r--s 0000d000 08:02 158120                     /home/jk/.gradle/wrapper/dists/gradle-4.5-all/cg9lyzfg3iwv6fa00os9gcgj4/gradle-4.5/lib/plugins/google-oauth-client-1.22.0.jar
7f7d1d449000-7f7d1d44e000 r--s 0002c000 08:02 158119                     /home/jk/.gradle/wrapper/dists/gradle-4.5-all/cg9lyzfg3iwv6fa00os9gcgj4/gradle-4.5/lib/plugins/google-api-client-1.22.0.jar
7f7d1d44e000-7f7d1d451000 r--s 00016000 08:02 158118                     /home/jk/.gradle/wrapper/dists/gradle-4.5-all/cg9lyzfg3iwv6fa00os9gcgj4/gradle-4.5/lib/plugins/google-api-services-storage-v1-rev78-1.22.0.jar
7f7d1d451000-7f7d1d453000 r--s 00003000 08:02 158101                     /home/jk/.gradle/wrapper/dists/gradle-4.5-all/cg9lyzfg3iwv6fa00os9gcgj4/gradle-4.5/lib/plugins/gradle-resources-gcs-4.5.jar
7f7d1d453000-7f7d1d455000 r--s 00010000 08:02 158096                     /home/jk/.gradle/wrapper/dists/gradle-4.5-all/cg9lyzfg3iwv6fa00os9gcgj4/gradle-4.5/lib/plugins/gradle-reporting-4.5.jar
7f7d1d455000-7f7d1d457000 r--s 00005000 08:02 158097                     /home/jk/.gradle/wrapper/dists/gradle-4.5-all/cg9lyzfg3iwv6fa00os9gcgj4/gradle-4.5/lib/plugins/gradle-publish-4.5.jar
7f7d1d457000-7f7d1d459000 r--s 00009000 08:02 158124                     /home/jk/.gradle/wrapper/dists/gradle-4.5-all/cg9lyzfg3iwv6fa00os9gcgj4/gradle-4.5/lib/plugins/commons-cli-1.2.jar
7f7d1d459000-7f7d1d45f000 r--s 00038000 08:02 158082                     /home/jk/.gradle/wrapper/dists/gradle-4.5-all/cg9lyzfg3iwv6fa00os9gcgj4/gradle-4.5/lib/plugins/gradle-plugins-4.5.jar
7f7d1d45f000-7f7d1d461000 r--s 00009000 08:02 158070                     /home/jk/.gradle/wrapper/dists/gradle-4.5-all/cg9lyzfg3iwv6fa00os9gcgj4/gradle-4.5/lib/plugins/gradle-plugin-development-4.5.jar
7f7d1d461000-7f7d1d468000 r--s 0002e000 08:02 158077                     /home/jk/.gradle/wrapper/dists/gradle-4.5-all/cg9lyzfg3iwv6fa00os9gcgj4/gradle-4.5/lib/plugins/gradle-platform-play-4.5.jar
7f7d1d468000-7f7d1d479000 r--s 0006f000 08:02 158093                     /home/jk/.gradle/wrapper/dists/gradle-4.5-all/cg9lyzfg3iwv6fa00os9gcgj4/gradle-4.5/lib/plugins/gradle-platform-native-4.5.jar
7f7d1d479000-7f7d1d47d000 r--s 0001b000 08:02 158092                     /home/jk/.gradle/wrapper/dists/gradle-4.5-all/cg9lyzfg3iwv6fa00os9gcgj4/gradle-4.5/lib/plugins/gradle-platform-jvm-4.5.jar
7f7d1d47d000-7f7d1d484000 r--s 00028000 08:02 158098                     /home/jk/.gradle/wrapper/dists/gradle-4.5-all/cg9lyzfg3iwv6fa00os9gcgj4/gradle-4.5/lib/plugins/gradle-platform-base-4.5.jar
7f7d1d484000-7f7d1d4af000 r--s 00247000 08:02 158125                     /home/jk/.gradle/wrapper/dists/gradle-4.5-all/cg9lyzfg3iwv6fa00os9gcgj4/gradle-4.5/lib/plugins/biz.aQute.bndlib-3.4.0.jar
7f7d1d4af000-7f7d1d4b0000 r--s 00004000 08:02 158065                     /home/jk/.gradle/wrapper/dists/gradle-4.5-all/cg9lyzfg3iwv6fa00os9gcgj4/gradle-4.5/lib/plugins/gradle-osgi-4.5.jar
7f7d1d4b0000-7f7d1d4b3000 r--s 0000c000 08:02 158127                     /home/jk/.gradle/wrapper/dists/gradle-4.5-all/cg9lyzfg3iwv6fa00os9gcgj4/gradle-4.5/lib/plugins/pmaven-groovy-0.8-20100325.jar
7f7d1d4b3000-7f7d1d4b4000 r--s 00004000 08:02 158126                     /home/jk/.gradle/wrapper/dists/gradle-4.5-all/cg9lyzfg3iwv6fa00os9gcgj4/gradle-4.5/lib/plugins/pmaven-common-0.8-20100325.jar
7f7d1d4b4000-7f7d1d4b9000 r--s 00026000 08:02 158071                     /home/jk/.gradle/wrapper/dists/gradle-4.5-all/cg9lyzfg3iwv6fa00os9gcgj4/gradle-4.5/lib/plugins/gradle-maven-4.5.jar
7f7d1d4b9000-7f7d1d4bc000 r--s 0000b000 08:02 158088                     /home/jk/.gradle/wrapper/dists/gradle-4.5-all/cg9lyzfg3iwv6fa00os9gcgj4/gradle-4.5/lib/plugins/gradle-language-scala-4.5.jar
7f7d1d4bc000-7f7d1d4c7000 r--s 0004b000 08:02 158069                     /home/jk/.gradle/wrapper/dists/gradle-4.5-all/cg9lyzfg3iwv6fa00os9gcgj4/gradle-4.5/lib/plugins/gradle-language-native-4.5.jar
7f7d1d4c7000-7f7d1d4c9000 r--s 00005000 08:02 158091                     /home/jk/.gradle/wrapper/dists/gradle-4.5-all/cg9lyzfg3iwv6fa00os9gcgj4/gradle-4.5/lib/plugins/gradle-language-jvm-4.5.jar
7f7d1d4c9000-7f7d1d4d0000 r--s 00030000 08:02 158090                     /home/jk/.gradle/wrapper/dists/gradle-4.5-all/cg9lyzfg3iwv6fa00os9gcgj4/gradle-4.5/lib/plugins/gradle-language-java-4.5.jar
7f7d1d4d0000-7f7d1d4d2000 r--s 0000b000 08:02 158087                     /home/jk/.gradle/wrapper/dists/gradle-4.5-all/cg9lyzfg3iwv6fa00os9gcgj4/gradle-4.5/lib/plugins/gradle-language-groovy-4.5.jar
7f7d1d4d2000-7f7d1d4d9000 r--s 00035000 08:02 158136                     /home/jk/.gradle/wrapper/dists/gradle-4.5-all/cg9lyzfg3iwv6fa00os9gcgj4/gradle-4.5/lib/plugins/simple-4.1.21.jar
7f7d1d4d9000-7f7d1d4e5000 r--s 00100000 08:02 158134                     /home/jk/.gradle/wrapper/dists/gradle-4.5-all/cg9lyzfg3iwv6fa00os9gcgj4/gradle-4.5/lib/plugins/rhino-1.7R3.jar
7f7d1d4e5000-7f7d1d4e9000 r--s 00011000 08:02 158078                     /home/jk/.gradle/wrapper/dists/gradle-4.5-all/cg9lyzfg3iwv6fa00os9gcgj4/gradle-4.5/lib/plugins/gradle-javascript-4.5.jar
7f7d1d4e9000-7f7d1d4ec000 r--s 00011000 08:02 158080                     /home/jk/.gradle/wrapper/dists/gradle-4.5-all/cg9lyzfg3iwv6fa00os9gcgj4/gradle-4.5/lib/plugins/gradle-jacoco-4.5.jar
7f7d1d4ec000-7f7d1d4ef000 r--s 0000f000 08:02 158079                     /home/jk/.gradle/wrapper/dists/gradle-4.5-all/cg9lyzfg3iwv6fa00os9gcgj4/gradle-4.5/lib/plugins/gradle-ivy-4.5.jar
7f7d1d4ef000-7f7d1d4f0000 r--s 00002000 08:02 158072                     /home/jk/.gradle/wrapper/dists/gradle-4.5-all/cg9lyzfg3iwv6fa00os9gcgj4/gradle-4.5/lib/plugins/gradle-ide-play-4.5.jar
7f7d1d4f0000-7f7d1d4f1000 r--s 00011000 08:02 158137                     /home/jk/.gradle/wrapper/dists/gradle-4.5-all/cg9lyzfg3iwv6fa00os9gcgj4/gradle-4.5/lib/plugins/dd-plist-1.20.jar
7f7d1d4f1000-7f7d1d4f6000 r--s 00029000 08:02 158067                     /home/jk/.gradle/wrapper/dists/gradle-4.5-all/cg9lyzfg3iwv6fa00os9gcgj4/gradle-4.5/lib/plugins/gradle-ide-native-4.5.jar
7f7d1d4f6000-7f7d1d4ff000 r--s 00056000 08:02 158073                     /home/jk/.gradle/wrapper/dists/gradle-4.5-all/cg9lyzfg3iwv6fa00os9gcgj4/gradle-4.5/lib/plugins/gradle-ide-4.5.jar
7f7d1d4ff000-7f7d1d501000 r--s 00007000 08:02 158076                     /home/jk/.gradle/wrapper/dists/gradle-4.5-all/cg9lyzfg3iwv6fa00os9gcgj4/gradle-4.5/lib/plugins/gradle-ear-4.5.jar
7f7d1d501000-7f7d1d503000 r--s 00005000 08:02 158113                     /home/jk/.gradle/wrapper/dists/gradle-4.5-all/cg9lyzfg3iwv6fa00os9gcgj4/gradle-4.5/lib/plugins/jatl-0.2.2.jar
7f7d1d503000-7f7d1d509000 r--s 00039000 08:02 158094                     /home/jk/.gradle/wrapper/dists/gradle-4.5-all/cg9lyzfg3iwv6fa00os9gcgj4/gradle-4.5/lib/plugins/gradle-diagnostics-4.5.jar
7f7d1d509000-7f7d1d50b000 r--s 0000c000 08:02 158085                     /home/jk/.gradle/wrapper/dists/gradle-4.5-all/cg9lyzfg3iwv6fa00os9gcgj4/gradle-4.5/lib/plugins/gradle-composite-builds-4.5.jar
7f7d1d50b000-7f7d1d510000 r--s 00026000 08:02 158063                     /home/jk/.gradle/wrapper/dists/gradle-4.5-all/cg9lyzfg3iwv6fa00os9gcgj4/gradle-4.5/lib/plugins/gradle-code-quality-4.5.jar
7f7d1d510000-7f7d1d515000 r--s 00027000 08:02 158081                     /home/jk/.gradle/wrapper/dists/gradle-4.5-all/cg9lyzfg3iwv6fa00os9gcgj4/gradle-4.5/lib/plugins/gradle-build-init-4.5.jar
7f7d1d515000-7f7d1d51c000 r--s 0002c000 08:02 158075                     /home/jk/.gradle/wrapper/dists/gradle-4.5-all/cg9lyzfg3iwv6fa00os9gcgj4/gradle-4.5/lib/plugins/gradle-build-comparison-4.5.jar
7f7d1d51c000-7f7d1d51d000 r--s 00002000 08:02 158102                     /home/jk/.gradle/wrapper/dists/gradle-4.5-all/cg9lyzfg3iwv6fa00os9gcgj4/gradle-4.5/lib/plugins/gradle-build-cache-http-4.5.jar
7f7d1d51d000-7f7d1d51f000 r--s 00008000 08:02 158064                     /home/jk/.gradle/wrapper/dists/gradle-4.5-all/cg9lyzfg3iwv6fa00os9gcgj4/gradle-4.5/lib/plugins/gradle-antlr-4.5.jar
7f7d1d51f000-7f7d1d521000 r--s 00004000 08:02 158086                     /home/jk/.gradle/wrapper/dists/gradle-4.5-all/cg9lyzfg3iwv6fa00os9gcgj4/gradle-4.5/lib/plugins/gradle-announce-4.5.jar
7f7d1d521000-7f7d1d523000 r--s 00009000 08:02 157991                     /home/jk/.gradle/wrapper/dists/gradle-4.5-all/cg9lyzfg3iwv6fa00os9gcgj4/gradle-4.5/lib/gradle-kotlin-dsl-tooling-builders-0.14.2.jar
7f7d1d523000-7f7d1d526000 r--s 0000b000 08:02 158099                     /home/jk/.gradle/wrapper/dists/gradle-4.5-all/cg9lyzfg3iwv6fa00os9gcgj4/gradle-4.5/lib/plugins/gradle-plugin-use-4.5.jar
7f7d1d526000-7f7d1d527000 r--s 00000000 08:02 158001                     /home/jk/.gradle/wrapper/dists/gradle-4.5-all/cg9lyzfg3iwv6fa00os9gcgj4/gradle-4.5/lib/gradle-runtime-api-info-4.5.jar
7f7d1d527000-7f7d1d52a000 r--s 0001c000 08:02 158142                     /home/jk/.gradle/wrapper/dists/gradle-4.5-all/cg9lyzfg3iwv6fa00os9gcgj4/gradle-4.5/lib/plugins/nekohtml-1.9.14.jar
7f7d1d52a000-7f7d1d543000 r--s 00135000 08:02 158143                     /home/jk/.gradle/wrapper/dists/gradle-4.5-all/cg9lyzfg3iwv6fa00os9gcgj4/gradle-4.5/lib/plugins/xercesImpl-2.11.0.jar
7f7d1d543000-7f7d1d546000 r--s 0000c000 08:02 158104                     /home/jk/.gradle/wrapper/dists/gradle-4.5-all/cg9lyzfg3iwv6fa00os9gcgj4/gradle-4.5/lib/plugins/gradle-resources-http-4.5.jar
7f7d1d546000-7f7d1d54c000 r--s 0005b000 08:02 158141                     /home/jk/.gradle/wrapper/dists/gradle-4.5-all/cg9lyzfg3iwv6fa00os9gcgj4/gradle-4.5/lib/plugins/jcifs-1.3.17.jar
7f7d1d54c000-7f7d1d553000 r--s 00049000 08:02 158173                     /home/jk/.gradle/wrapper/dists/gradle-4.5-all/cg9lyzfg3iwv6fa00os9gcgj4/gradle-4.5/lib/plugins/httpcore-4.4.4.jar
7f7d1d553000-7f7d1d559000 r--s 00033000 08:02 158132                     /home/jk/.gradle/wrapper/dists/gradle-4.5-all/cg9lyzfg3iwv6fa00os9gcgj4/gradle-4.5/lib/plugins/commons-codec-1.6.jar
7f7d1d559000-7f7d1d566000 r--s 000a4000 08:02 158123                     /home/jk/.gradle/wrapper/dists/gradle-4.5-all/cg9lyzfg3iwv6fa00os9gcgj4/gradle-4.5/lib/plugins/httpclient-4.4.1.jar
7f7d1d566000-7f7d1d589000 r--s 00223000 08:02 158117                     /home/jk/.gradle/wrapper/dists/gradle-4.5-all/cg9lyzfg3iwv6fa00os9gcgj4/gradle-4.5/lib/plugins/org.eclipse.jgit-4.5.3.201708160445-r.jar
7f7d1d589000-7f7d1d58b000 r--s 00006000 08:02 158107                     /home/jk/.gradle/wrapper/dists/gradle-4.5-all/cg9lyzfg3iwv6fa00os9gcgj4/gradle-4.5/lib/plugins/gradle-version-control-4.5.jar
7f7d1d58b000-7f7d1d58c000 r--s 00000000 08:02 158004                     /home/jk/.gradle/wrapper/dists/gradle-4.5-all/cg9lyzfg3iwv6fa00os9gcgj4/gradle-4.5/lib/gradle-installation-beacon-4.5.jar
7f7d1d58c000-7f7d1d5df000 r--s 00373000 08:02 158151                     /home/jk/.gradle/wrapper/dists/gradle-4.5-all/cg9lyzfg3iwv6fa00os9gcgj4/gradle-4.5/lib/plugins/bcprov-jdk15on-1.58.jar
7f7d1d5df000-7f7d1d5e3000 r--s 0001d000 08:02 158150                     /home/jk/.gradle/wrapper/dists/gradle-4.5-all/cg9lyzfg3iwv6fa00os9gcgj4/gradle-4.5/lib/plugins/xbean-reflect-3.4.jar
7f7d1d5e3000-7f7d1d5e9000 r--s 0003f000 08:02 158109                     /home/jk/.gradle/wrapper/dists/gradle-4.5-all/cg9lyzfg3iwv6fa00os9gcgj4/gradle-4.5/lib/plugins/maven-compat-3.0.4.jar
7f7d1d5e9000-7f7d1d5ea000 r--s 00002000 08:02 158111                     /home/jk/.gradle/wrapper/dists/gradle-4.5-all/cg9lyzfg3iwv6fa00os9gcgj4/gradle-4.5/lib/plugins/wagon-http-2.4.jar
7f7d1d5ea000-7f7d1d5eb000 r--s 00007000 08:02 158112                     /home/jk/.gradle/wrapper/dists/gradle-4.5-all/cg9lyzfg3iwv6fa00os9gcgj4/gradle-4.5/lib/plugins/wagon-http-shared4-2.4.jar
7f7d1d5eb000-7f7d1d5ed000 r--s 0000b000 08:02 158152                     /home/jk/.gradle/wrapper/dists/gradle-4.5-all/cg9lyzfg3iwv6fa00os9gcgj4/gradle-4.5/lib/plugins/maven-plugin-api-3.0.4.jar
7f7d1d5ed000-7f7d1d5ef000 r--s 0000c000 08:02 158129                     /home/jk/.gradle/wrapper/dists/gradle-4.5-all/cg9lyzfg3iwv6fa00os9gcgj4/gradle-4.5/lib/plugins/maven-aether-provider-3.0.4.jar
7f7d1d5ef000-7f7d1d5f3000 r--s 00021000 08:02 158130                     /home/jk/.gradle/wrapper/dists/gradle-4.5-all/cg9lyzfg3iwv6fa00os9gcgj4/gradle-4.5/lib/plugins/maven-model-builder-3.0.4.jar
7f7d1d5f3000-7f7d1d5f5000 r--s 00026000 08:02 158153                     /home/jk/.gradle/wrapper/dists/gradle-4.5-all/cg9lyzfg3iwv6fa00os9gcgj4/gradle-4.5/lib/plugins/maven-model-3.0.4.jar
7f7d1d5f5000-7f7d1d5f8000 r--s 00008000 08:02 158128                     /home/jk/.gradle/wrapper/dists/gradle-4.5-all/cg9lyzfg3iwv6fa00os9gcgj4/gradle-4.5/lib/plugins/maven-settings-builder-3.0.4.jar
7f7d1d5f8000-7f7d1d5fa000 r--s 0000a000 08:02 158154                     /home/jk/.gradle/wrapper/dists/gradle-4.5-all/cg9lyzfg3iwv6fa00os9gcgj4/gradle-4.5/lib/plugins/maven-settings-3.0.4.jar
7f7d1d5fa000-7f7d1d5fc000 r--s 00006000 08:02 158155                     /home/jk/.gradle/wrapper/dists/gradle-4.5-all/cg9lyzfg3iwv6fa00os9gcgj4/gradle-4.5/lib/plugins/maven-repository-metadata-3.0.4.jar
7f7d1d5fc000-7f7d1d5fe000 r--s 0000b000 08:02 158156                     /home/jk/.gradle/wrapper/dists/gradle-4.5-all/cg9lyzfg3iwv6fa00os9gcgj4/gradle-4.5/lib/plugins/maven-artifact-3.0.4.jar
7f7d1d5fe000-7f7d1d601000 r--s 0001d000 08:02 158157                     /home/jk/.gradle/wrapper/dists/gradle-4.5-all/cg9lyzfg3iwv6fa00os9gcgj4/gradle-4.5/lib/plugins/aether-impl-1.13.1.jar
7f7d1d601000-7f7d1d602000 r--s 00003000 08:02 158160                     /home/jk/.gradle/wrapper/dists/gradle-4.5-all/cg9lyzfg3iwv6fa00os9gcgj4/gradle-4.5/lib/plugins/aether-spi-1.13.1.jar
7f7d1d602000-7f7d1d604000 r--s 00006000 08:02 158158                     /home/jk/.gradle/wrapper/dists/gradle-4.5-all/cg9lyzfg3iwv6fa00os9gcgj4/gradle-4.5/lib/plugins/aether-connector-wagon-1.13.1.jar
7f7d1d604000-7f7d1d608000 r--s 0001c000 08:02 158159                     /home/jk/.gradle/wrapper/dists/gradle-4.5-all/cg9lyzfg3iwv6fa00os9gcgj4/gradle-4.5/lib/plugins/aether-util-1.13.1.jar
7f7d1d608000-7f7d1d60b000 r--s 00013000 08:02 158161                     /home/jk/.gradle/wrapper/dists/gradle-4.5-all/cg9lyzfg3iwv6fa00os9gcgj4/gradle-4.5/lib/plugins/aether-api-1.13.1.jar
7f7d1d60b000-7f7d1d60d000 r--s 0000d000 08:02 158162                     /home/jk/.gradle/wrapper/dists/gradle-4.5-all/cg9lyzfg3iwv6fa00os9gcgj4/gradle-4.5/lib/plugins/plexus-interpolation-1.14.jar
7f7d1d60d000-7f7d1d60e000 r--s 00006000 08:02 158163                     /home/jk/.gradle/wrapper/dists/gradle-4.5-all/cg9lyzfg3iwv6fa00os9gcgj4/gradle-4.5/lib/plugins/plexus-sec-dispatcher-1.3.jar
7f7d1d60e000-7f7d1d615000 r--s 0002e000 08:02 158164                     /home/jk/.gradle/wrapper/dists/gradle-4.5-all/cg9lyzfg3iwv6fa00os9gcgj4/gradle-4.5/lib/plugins/plexus-container-default-1.5.5.jar
7f7d1d615000-7f7d1d617000 r--s 0000b000 08:02 158166                     /home/jk/.gradle/wrapper/dists/gradle-4.5-all/cg9lyzfg3iwv6fa00os9gcgj4/gradle-4.5/lib/plugins/wagon-provider-api-2.4.jar
7f7d1d617000-7f7d1d61a000 r--s 00034000 08:02 158167                     /home/jk/.gradle/wrapper/dists/gradle-4.5-all/cg9lyzfg3iwv6fa00os9gcgj4/gradle-4.5/lib/plugins/plexus-utils-2.1.jar
7f7d1d61a000-7f7d1d61c000 r--s 0000a000 08:02 158168                     /home/jk/.gradle/wrapper/dists/gradle-4.5-all/cg9lyzfg3iwv6fa00os9gcgj4/gradle-4.5/lib/plugins/plexus-classworlds-2.4.jar
7f7d1d61c000-7f7d1d628000 r--s 0007d000 08:02 158110                     /home/jk/.gradle/wrapper/dists/gradle-4.5-all/cg9lyzfg3iwv6fa00os9gcgj4/gradle-4.5/lib/plugins/maven-core-3.0.4.jar
7f7d1d628000-7f7d1d650000 r--s 00142000 08:02 158103                     /home/jk/.gradle/wrapper/dists/gradle-4.5-all/cg9lyzfg3iwv6fa00os9gcgj4/gradle-4.5/lib/plugins/gradle-dependency-management-4.5.jar
7f7d1d650000-7f7d1d666000 r-xp 00000000 08:02 6684690                    /lib/x86_64-linux-gnu/libgcc_s.so.1
7f7d1d666000-7f7d1d865000 ---p 00016000 08:02 6684690                    /lib/x86_64-linux-gnu/libgcc_s.so.1
7f7d1d865000-7f7d1d866000 r--p 00015000 08:02 6684690                    /lib/x86_64-linux-gnu/libgcc_s.so.1
7f7d1d866000-7f7d1d867000 rw-p 00016000 08:02 6684690                    /lib/x86_64-linux-gnu/libgcc_s.so.1
7f7d1d867000-7f7d1d9df000 r-xp 00000000 08:02 2888845                    /usr/lib/x86_64-linux-gnu/libstdc++.so.6.0.24
7f7d1d9df000-7f7d1dbde000 ---p 00178000 08:02 2888845                    /usr/lib/x86_64-linux-gnu/libstdc++.so.6.0.24
7f7d1dbde000-7f7d1dbe8000 r--p 00177000 08:02 2888845                    /usr/lib/x86_64-linux-gnu/libstdc++.so.6.0.24
7f7d1dbe8000-7f7d1dbea000 rw-p 00181000 08:02 2888845                    /usr/lib/x86_64-linux-gnu/libstdc++.so.6.0.24
7f7d1dbea000-7f7d1dbed000 rw-p 00000000 00:00 0 
7f7d1dbed000-7f7d1dbee000 r--s 00002000 08:02 158165                     /home/jk/.gradle/wrapper/dists/gradle-4.5-all/cg9lyzfg3iwv6fa00os9gcgj4/gradle-4.5/lib/plugins/wagon-file-2.4.jar
7f7d1dbee000-7f7d1dbf0000 r--s 00000000 08:02 158131                     /home/jk/.gradle/wrapper/dists/gradle-4.5-all/cg9lyzfg3iwv6fa00os9gcgj4/gradle-4.5/lib/plugins/plexus-component-annotations-1.5.5.jar
7f7d1dbf0000-7f7d1dbf2000 r--s 00002000 08:02 158169                     /home/jk/.gradle/wrapper/dists/gradle-4.5-all/cg9lyzfg3iwv6fa00os9gcgj4/gradle-4.5/lib/plugins/plexus-cipher-1.7.jar
7f7d1dbf2000-7f7d1dbf7000 r--s 00034000 08:02 158135                     /home/jk/.gradle/wrapper/dists/gradle-4.5-all/cg9lyzfg3iwv6fa00os9gcgj4/gradle-4.5/lib/plugins/gson-2.7.jar
7f7d1dbf7000-7f7d1dbfc000 r--s 00040000 08:02 158145                     /home/jk/.gradle/wrapper/dists/gradle-4.5-all/cg9lyzfg3iwv6fa00os9gcgj4/gradle-4.5/lib/plugins/jsch-0.1.54.jar
7f7d1dbfc000-7f7d1dc0b000 r--s 000d9000 08:02 158144                     /home/jk/.gradle/wrapper/dists/gradle-4.5-all/cg9lyzfg3iwv6fa00os9gcgj4/gradle-4.5/lib/plugins/ivy-2.2.0.jar
7f7d1dc0b000-7f7d1dc0d000 r--s 00010000 08:02 158108                     /home/jk/.gradle/wrapper/dists/gradle-4.5-all/cg9lyzfg3iwv6fa00os9gcgj4/gradle-4.5/lib/plugins/asm-util-6.0.jar
7f7d1dc0d000-7f7d1dc10000 r--s 0000d000 08:02 158106                     /home/jk/.gradle/wrapper/dists/gradle-4.5-all/cg9lyzfg3iwv6fa00os9gcgj4/gradle-4.5/lib/plugins/gradle-workers-4.5.jar
7f7d1dc10000-7f7d1dc15000 r-xp 00000000 08:02 7219653                    /home/jk/.gradle/native/25/linux-amd64/libnative-platform.so
7f7d1dc15000-7f7d1de14000 ---p 00005000 08:02 7219653                    /home/jk/.gradle/native/25/linux-amd64/libnative-platform.so
7f7d1de14000-7f7d1de15000 rw-p 00004000 08:02 7219653                    /home/jk/.gradle/native/25/linux-amd64/libnative-platform.so
7f7d1de15000-7f7d1de26000 r-xp 00000000 08:02 5515129                    /usr/local/android-studio/jre/jre/lib/amd64/libnio.so
7f7d1de26000-7f7d1e025000 ---p 00011000 08:02 5515129                    /usr/local/android-studio/jre/jre/lib/amd64/libnio.so
7f7d1e025000-7f7d1e026000 r--p 00010000 08:02 5515129                    /usr/local/android-studio/jre/jre/lib/amd64/libnio.so
7f7d1e026000-7f7d1e027000 rw-p 00011000 08:02 5515129                    /usr/local/android-studio/jre/jre/lib/amd64/libnio.so
7f7d1e027000-7f7d1e03d000 r-xp 00000000 08:02 5515131                    /usr/local/android-studio/jre/jre/lib/amd64/libnet.so
7f7d1e03d000-7f7d1e23d000 ---p 00016000 08:02 5515131                    /usr/local/android-studio/jre/jre/lib/amd64/libnet.so
7f7d1e23d000-7f7d1e23e000 r--p 00016000 08:02 5515131                    /usr/local/android-studio/jre/jre/lib/amd64/libnet.so
7f7d1e23e000-7f7d1e23f000 rw-p 00017000 08:02 5515131                    /usr/local/android-studio/jre/jre/lib/amd64/libnet.so
7f7d1e23f000-7f7d1e240000 r--s 00006000 08:02 158003                     /home/jk/.gradle/wrapper/dists/gradle-4.5-all/cg9lyzfg3iwv6fa00os9gcgj4/gradle-4.5/lib/gradle-wrapper-4.5.jar
7f7d1e240000-7f7d1e24e000 r--s 00046000 08:02 158002                     /home/jk/.gradle/wrapper/dists/gradle-4.5-all/cg9lyzfg3iwv6fa00os9gcgj4/gradle-4.5/lib/gradle-tooling-api-4.5.jar
7f7d1e24e000-7f7d1e24f000 r--s 00002000 08:02 157999                     /home/jk/.gradle/wrapper/dists/gradle-4.5-all/cg9lyzfg3iwv6fa00os9gcgj4/gradle-4.5/lib/kotlin-stdlib-jre8-1.2.0.jar
7f7d1e24f000-7f7d1e250000 r--s 00000000 08:02 157998                     /home/jk/.gradle/wrapper/dists/gradle-4.5-all/cg9lyzfg3iwv6fa00os9gcgj4/gradle-4.5/lib/kotlin-stdlib-jre7-1.2.0.jar
7f7d1e250000-7f7d1e260000 r--s 000d4000 08:02 157997                     /home/jk/.gradle/wrapper/dists/gradle-4.5-all/cg9lyzfg3iwv6fa00os9gcgj4/gradle-4.5/lib/kotlin-stdlib-1.2.0.jar
7f7d1e260000-7f7d1e262000 r--s 00008000 08:02 157996                     /home/jk/.gradle/wrapper/dists/gradle-4.5-all/cg9lyzfg3iwv6fa00os9gcgj4/gradle-4.5/lib/kotlin-script-runtime-1.2.0.jar
7f7d1e262000-7f7d1e263000 r--s 00002000 08:02 157995                     /home/jk/.gradle/wrapper/dists/gradle-4.5-all/cg9lyzfg3iwv6fa00os9gcgj4/gradle-4.5/lib/kotlin-sam-with-receiver-compiler-plugin-1.2.0.jar
7f7d1e263000-7f7d1e297000 r--s 00239000 08:02 157994                     /home/jk/.gradle/wrapper/dists/gradle-4.5-all/cg9lyzfg3iwv6fa00os9gcgj4/gradle-4.5/lib/kotlin-reflect-1.2.0.jar
7f7d1e297000-7f7d1e443000 r--s 0177c000 08:02 157993                     /home/jk/.gradle/wrapper/dists/gradle-4.5-all/cg9lyzfg3iwv6fa00os9gcgj4/gradle-4.5/lib/kotlin-compiler-embeddable-1.2.0.jar
7f7d1e443000-7f7d1e444000 r--s 00000000 08:02 157992                     /home/jk/.gradle/wrapper/dists/gradle-4.5-all/cg9lyzfg3iwv6fa00os9gcgj4/gradle-4.5/lib/gradle-kotlin-dsl-tooling-models-0.14.2.jar
7f7d1e444000-7f7d1e446000 r--s 00003000 08:02 157989                     /home/jk/.gradle/wrapper/dists/gradle-4.5-all/cg9lyzfg3iwv6fa00os9gcgj4/gradle-4.5/lib/annotations-13.0.jar
7f7d1e446000-7f7d1e452000 r--s 00087000 08:02 157990                     /home/jk/.gradle/wrapper/dists/gradle-4.5-all/cg9lyzfg3iwv6fa00os9gcgj4/gradle-4.5/lib/gradle-kotlin-dsl-0.14.2.jar
7f7d1e452000-7f7d1e456000 r--s 00013000 08:02 158008                     /home/jk/.gradle/wrapper/dists/gradle-4.5-all/cg9lyzfg3iwv6fa00os9gcgj4/gradle-4.5/lib/gradle-build-cache-4.5.jar
7f7d1e456000-7f7d1e45c000 r--s 0002e000 08:02 158012                     /home/jk/.gradle/wrapper/dists/gradle-4.5-all/cg9lyzfg3iwv6fa00os9gcgj4/gradle-4.5/lib/gradle-persistent-cache-4.5.jar
7f7d1e45c000-7f7d1e460000 r--s 00014000 08:02 158011                     /home/jk/.gradle/wrapper/dists/gradle-4.5-all/cg9lyzfg3iwv6fa00os9gcgj4/gradle-4.5/lib/gradle-resources-4.5.jar
7f7d1e460000-7f7d1e461000 r--s 00003000 08:02 158019                     /home/jk/.gradle/wrapper/dists/gradle-4.5-all/cg9lyzfg3iwv6fa00os9gcgj4/gradle-4.5/lib/gradle-build-option-4.5.jar
7f7d1e461000-7f7d1e463000 r--s 00005000 08:02 158020                     /home/jk/.gradle/wrapper/dists/gradle-4.5-all/cg9lyzfg3iwv6fa00os9gcgj4/gradle-4.5/lib/gradle-cli-4.5.jar
7f7d1e463000-7f7d1e465000 r--s 00003000 08:02 158029                     /home/jk/.gradle/wrapper/dists/gradle-4.5-all/cg9lyzfg3iwv6fa00os9gcgj4/gradle-4.5/lib/jcl-over-slf4j-1.7.10.jar
7f7d1e465000-7f7d1e466000 r--s 00005000 08:02 158028                     /home/jk/.gradle/wrapper/dists/gradle-4.5-all/cg9lyzfg3iwv6fa00os9gcgj4/gradle-4.5/lib/log4j-over-slf4j-1.7.10.jar
7f7d1e466000-7f7d1e468000 r--s 00000000 08:02 158027                     /home/jk/.gradle/wrapper/dists/gradle-4.5-all/cg9lyzfg3iwv6fa00os9gcgj4/gradle-4.5/lib/jul-to-slf4j-1.7.10.jar
7f7d1e468000-7f7d1e46f000 r--s 00030000 08:02 158009                     /home/jk/.gradle/wrapper/dists/gradle-4.5-all/cg9lyzfg3iwv6fa00os9gcgj4/gradle-4.5/lib/gradle-logging-4.5.jar
7f7d1e46f000-7f7d1e47f000 r--s 00082000 08:02 158015                     /home/jk/.gradle/wrapper/dists/gradle-4.5-all/cg9lyzfg3iwv6fa00os9gcgj4/gradle-4.5/lib/gradle-model-core-4.5.jar
7f7d1e47f000-7f7d1e481000 r--s 00006000 08:02 158016                     /home/jk/.gradle/wrapper/dists/gradle-4.5-all/cg9lyzfg3iwv6fa00os9gcgj4/gradle-4.5/lib/gradle-base-services-groovy-4.5.jar
7f7d1e481000-7f7d1e483000 r--s 00007000 08:02 158014                     /home/jk/.gradle/wrapper/dists/gradle-4.5-all/cg9lyzfg3iwv6fa00os9gcgj4/gradle-4.5/lib/gradle-model-groovy-4.5.jar
7f7d1e483000-7f7d1e484000 r--s 00002000 08:02 158043                     /home/jk/.gradle/wrapper/dists/gradle-4.5-all/cg9lyzfg3iwv6fa00os9gcgj4/gradle-4.5/lib/gradle-docs-4.5.jar
7f7d1e484000-7f7d1e48d000 r--s 0002d000 08:02 158042                     /home/jk/.gradle/wrapper/dists/gradle-4.5-all/cg9lyzfg3iwv6fa00os9gcgj4/gradle-4.5/lib/xml-apis-1.4.01.jar
7f7d1e48d000-7f7d1e497000 r--s 00078000 08:02 158041                     /home/jk/.gradle/wrapper/dists/gradle-4.5-all/cg9lyzfg3iwv6fa00os9gcgj4/gradle-4.5/lib/commons-compress-1.14.jar
7f7d1e497000-7f7d1e4a4000 r--s 00083000 08:02 158039                     /home/jk/.gradle/wrapper/dists/gradle-4.5-all/cg9lyzfg3iwv6fa00os9gcgj4/gradle-4.5/lib/commons-collections-3.2.2.jar
7f7d1e4a4000-7f7d1e4a6000 r--s 0000a000 08:02 158022                     /home/jk/.gradle/wrapper/dists/gradle-4.5-all/cg9lyzfg3iwv6fa00os9gcgj4/gradle-4.5/lib/asm-tree-6.0.jar
7f7d1e4a6000-7f7d1e4a7000 r--s 00012000 08:02 158021                     /home/jk/.gradle/wrapper/dists/gradle-4.5-all/cg9lyzfg3iwv6fa00os9gcgj4/gradle-4.5/lib/asm-commons-6.0.jar
7f7d1e4a7000-7f7d1e4a8000 r--s 00000000 08:02 158038                     /home/jk/.gradle/wrapper/dists/gradle-4.5-all/cg9lyzfg3iwv6fa00os9gcgj4/gradle-4.5/lib/javax.inject-1.jar
7f7d1e4a8000-7f7d1e518000 r--s 00646000 08:02 158036                     /home/jk/.gradle/wrapper/dists/gradle-4.5-all/cg9lyzfg3iwv6fa00os9gcgj4/gradle-4.5/lib/groovy-all-2.4.12.jar
7f7d1e518000-7f7d1e51b000 r--s 00023000 08:02 158044                     /home/jk/.gradle/wrapper/dists/gradle-4.5-all/cg9lyzfg3iwv6fa00os9gcgj4/gradle-4.5/lib/jansi-1.14.jar
7f7d1e51b000-7f7d1e51c000 r--s 00004000 08:02 158046                     /home/jk/.gradle/wrapper/dists/gradle-4.5-all/cg9lyzfg3iwv6fa00os9gcgj4/gradle-4.5/lib/native-platform-freebsd-amd64-libcpp-0.14.jar
7f7d1e51c000-7f7d1e51d000 r--s 00004000 08:02 158047                     /home/jk/.gradle/wrapper/dists/gradle-4.5-all/cg9lyzfg3iwv6fa00os9gcgj4/gradle-4.5/lib/native-platform-freebsd-amd64-libstdcpp-0.14.jar
7f7d1e51d000-7f7d1e51e000 r--s 00004000 08:02 158048                     /home/jk/.gradle/wrapper/dists/gradle-4.5-all/cg9lyzfg3iwv6fa00os9gcgj4/gradle-4.5/lib/native-platform-freebsd-i386-libcpp-0.14.jar
7f7d1e51e000-7f7d1e51f000 r--s 00003000 08:02 158049                     /home/jk/.gradle/wrapper/dists/gradle-4.5-all/cg9lyzfg3iwv6fa00os9gcgj4/gradle-4.5/lib/native-platform-freebsd-i386-libstdcpp-0.14.jar
7f7d1e51f000-7f7d1e520000 r--s 00002000 08:02 158050                     /home/jk/.gradle/wrapper/dists/gradle-4.5-all/cg9lyzfg3iwv6fa00os9gcgj4/gradle-4.5/lib/native-platform-linux-amd64-0.14.jar
7f7d1e520000-7f7d1e522000 r--s 00002000 08:02 158052                     /home/jk/.gradle/wrapper/dists/gradle-4.5-all/cg9lyzfg3iwv6fa00os9gcgj4/gradle-4.5/lib/native-platform-osx-amd64-0.14.jar
7f7d1e522000-7f7d1e54a000 r--s 001cf000 08:02 158031                     /home/jk/.gradle/wrapper/dists/gradle-4.5-all/cg9lyzfg3iwv6fa00os9gcgj4/gradle-4.5/lib/guava-jdk5-17.0.jar
7f7d1e54a000-7f7d1e569000 r--s 001d5000 08:02 158037                     /home/jk/.gradle/wrapper/dists/gradle-4.5-all/cg9lyzfg3iwv6fa00os9gcgj4/gradle-4.5/lib/ant-1.9.9.jar
7f7d1e569000-7f7d1e5a7000 r--s 00211000 08:02 158005                     /home/jk/.gradle/wrapper/dists/gradle-4.5-all/cg9lyzfg3iwv6fa00os9gcgj4/gradle-4.5/lib/gradle-core-4.5.jar
7f7d1e5a7000-7f7d1e5a8000 ---p 00000000 00:00 0 
7f7d1e5a8000-7f7d1e6a8000 rw-p 00000000 00:00 0 
7f7d1e6a8000-7f7d1e6ab000 ---p 00000000 00:00 0 
7f7d1e6ab000-7f7d1e7a9000 rw-p 00000000 00:00 0 
7f7d1e7a9000-7f7d1e7ac000 ---p 00000000 00:00 0 
7f7d1e7ac000-7f7d1e8aa000 rw-p 00000000 00:00 0 
7f7d1e8aa000-7f7d1e8ad000 ---p 00000000 00:00 0 
7f7d1e8ad000-7f7d1e9ab000 rw-p 00000000 00:00 0 
7f7d1e9ab000-7f7d1e9ae000 ---p 00000000 00:00 0 
7f7d1e9ae000-7f7d1eaac000 rw-p 00000000 00:00 0 
7f7d1eaac000-7f7d1eaaf000 ---p 00000000 00:00 0 
7f7d1eaaf000-7f7d1ebad000 rw-p 00000000 00:00 0 
7f7d1ebad000-7f7d1efcf000 r--p 00000000 08:02 2883633                    /usr/lib/locale/locale-archive
7f7d1efcf000-7f7d1efd2000 ---p 00000000 00:00 0 
7f7d1efd2000-7f7d1f0d0000 rw-p 00000000 00:00 0 
7f7d1f0d0000-7f7d1f0d3000 ---p 00000000 00:00 0 
7f7d1f0d3000-7f7d1f1d1000 rw-p 00000000 00:00 0 
7f7d1f1d1000-7f7d1f1d2000 ---p 00000000 00:00 0 
7f7d1f1d2000-7f7d20000000 rw-p 00000000 00:00 0 
7f7d20000000-7f7d20021000 rw-p 00000000 00:00 0 
7f7d20021000-7f7d24000000 ---p 00000000 00:00 0 
7f7d24000000-7f7d24001000 r--s 00002000 08:02 158051                     /home/jk/.gradle/wrapper/dists/gradle-4.5-all/cg9lyzfg3iwv6fa00os9gcgj4/gradle-4.5/lib/native-platform-linux-i386-0.14.jar
7f7d24001000-7f7d24002000 r--s 00003000 08:02 158053                     /home/jk/.gradle/wrapper/dists/gradle-4.5-all/cg9lyzfg3iwv6fa00os9gcgj4/gradle-4.5/lib/native-platform-osx-i386-0.14.jar
7f7d24002000-7f7d24004000 r--s 0000b000 08:02 158054                     /home/jk/.gradle/wrapper/dists/gradle-4.5-all/cg9lyzfg3iwv6fa00os9gcgj4/gradle-4.5/lib/native-platform-windows-amd64-0.14.jar
7f7d24004000-7f7d24005000 r--s 0000b000 08:02 158055                     /home/jk/.gradle/wrapper/dists/gradle-4.5-all/cg9lyzfg3iwv6fa00os9gcgj4/gradle-4.5/lib/native-platform-windows-i386-0.14.jar
7f7d24005000-7f7d24006000 r--s 00001000 08:02 158056                     /home/jk/.gradle/wrapper/dists/gradle-4.5-all/cg9lyzfg3iwv6fa00os9gcgj4/gradle-4.5/lib/native-platform-linux-amd64-ncurses5-0.14.jar
7f7d24006000-7f7d24007000 r--s 00001000 08:02 158057                     /home/jk/.gradle/wrapper/dists/gradle-4.5-all/cg9lyzfg3iwv6fa00os9gcgj4/gradle-4.5/lib/native-platform-linux-amd64-ncurses6-0.14.jar
7f7d24007000-7f7d242ba000 rw-p 00000000 00:00 0 
7f7d242ba000-7f7d2448a000 r--s 03c46000 08:02 5515085                    /usr/local/android-studio/jre/jre/lib/rt.jar
7f7d2448a000-7f7d28000000 rw-p 00000000 00:00 0 
7f7d28000000-7f7d28030000 rw-p 00000000 00:00 0 
7f7d28030000-7f7d2c000000 ---p 00000000 00:00 0 
7f7d2c000000-7f7d2c022000 rw-p 00000000 00:00 0 
7f7d2c022000-7f7d30000000 ---p 00000000 00:00 0 
7f7d30000000-7f7d30025000 rw-p 00000000 00:00 0 
7f7d30025000-7f7d34000000 ---p 00000000 00:00 0 
7f7d34000000-7f7d34001000 r--s 00001000 08:02 158058                     /home/jk/.gradle/wrapper/dists/gradle-4.5-all/cg9lyzfg3iwv6fa00os9gcgj4/gradle-4.5/lib/native-platform-linux-i386-ncurses5-0.14.jar
7f7d34001000-7f7d34005000 r--s 00012000 08:02 158040                     /home/jk/.gradle/wrapper/dists/gradle-4.5-all/cg9lyzfg3iwv6fa00os9gcgj4/gradle-4.5/lib/native-platform-0.14.jar
7f7d34005000-7f7d34008000 r--s 0000c000 08:02 158013                     /home/jk/.gradle/wrapper/dists/gradle-4.5-all/cg9lyzfg3iwv6fa00os9gcgj4/gradle-4.5/lib/gradle-native-4.5.jar
7f7d34008000-7f7d3400a000 r--s 0000f000 08:02 158024                     /home/jk/.gradle/wrapper/dists/gradle-4.5-all/cg9lyzfg3iwv6fa00os9gcgj4/gradle-4.5/lib/reflectasm-1.07-shaded.jar
7f7d3400a000-7f7d3400c000 r--s 00000000 08:02 158060                     /home/jk/.gradle/wrapper/dists/gradle-4.5-all/cg9lyzfg3iwv6fa00os9gcgj4/gradle-4.5/lib/minlog-1.2.jar
7f7d3400c000-7f7d3400e000 r--s 00007000 08:02 158061                     /home/jk/.gradle/wrapper/dists/gradle-4.5-all/cg9lyzfg3iwv6fa00os9gcgj4/gradle-4.5/lib/objenesis-1.2.jar
7f7d3400e000-7f7d3400f000 ---p 00000000 00:00 0 
7f7d3400f000-7f7d3410f000 rw-p 00000000 00:00 0 
7f7d3410f000-7f7d34110000 ---p 00000000 00:00 0 
7f7d34110000-7f7d34210000 rw-p 00000000 00:00 0 
7f7d34210000-7f7d34211000 ---p 00000000 00:00 0 
7f7d34211000-7f7d3432d000 rw-p 00000000 00:00 0 
7f7d3432d000-7f7d34511000 ---p 00000000 00:00 0 
7f7d34511000-7f7d3452d000 rw-p 00000000 00:00 0 
7f7d3452d000-7f7d34711000 ---p 00000000 00:00 0 
7f7d34711000-7f7d34781000 rw-p 00000000 00:00 0 
7f7d34781000-7f7d34811000 ---p 00000000 00:00 0 
7f7d34811000-7f7d3484c000 rw-p 00000000 00:00 0 
7f7d3484c000-7f7d34bd2000 ---p 00000000 00:00 0 
7f7d34bd2000-7f7d35a52000 rwxp 00000000 00:00 0 
7f7d35a52000-7f7d43bd2000 ---p 00000000 00:00 0 
7f7d43bd2000-7f7d43bec000 r-xp 00000000 08:02 5515106                    /usr/local/android-studio/jre/jre/lib/amd64/libzip.so
7f7d43bec000-7f7d43dec000 ---p 0001a000 08:02 5515106                    /usr/local/android-studio/jre/jre/lib/amd64/libzip.so
7f7d43dec000-7f7d43ded000 r--p 0001a000 08:02 5515106                    /usr/local/android-studio/jre/jre/lib/amd64/libzip.so
7f7d43ded000-7f7d43dee000 rw-p 0001b000 08:02 5515106                    /usr/local/android-studio/jre/jre/lib/amd64/libzip.so
7f7d43dee000-7f7d43df9000 r-xp 00000000 08:02 6684720                    /lib/x86_64-linux-gnu/libnss_files-2.26.so
7f7d43df9000-7f7d43ff8000 ---p 0000b000 08:02 6684720                    /lib/x86_64-linux-gnu/libnss_files-2.26.so
7f7d43ff8000-7f7d43ff9000 r--p 0000a000 08:02 6684720                    /lib/x86_64-linux-gnu/libnss_files-2.26.so
7f7d43ff9000-7f7d43ffa000 rw-p 0000b000 08:02 6684720                    /lib/x86_64-linux-gnu/libnss_files-2.26.so
7f7d43ffa000-7f7d44000000 rw-p 00000000 00:00 0 
7f7d44000000-7f7d44df7000 rw-p 00000000 00:00 0 
7f7d44df7000-7f7d48000000 ---p 00000000 00:00 0 
7f7d48000000-7f7d48004000 r--s 00026000 08:02 158023                     /home/jk/.gradle/wrapper/dists/gradle-4.5-all/cg9lyzfg3iwv6fa00os9gcgj4/gradle-4.5/lib/kryo-2.20.jar
7f7d48004000-7f7d4800a000 r--s 0002b000 08:02 158017                     /home/jk/.gradle/wrapper/dists/gradle-4.5-all/cg9lyzfg3iwv6fa00os9gcgj4/gradle-4.5/lib/gradle-messaging-4.5.jar
7f7d4800a000-7f7d4800c000 r--s 00006000 08:02 158010                     /home/jk/.gradle/wrapper/dists/gradle-4.5-all/cg9lyzfg3iwv6fa00os9gcgj4/gradle-4.5/lib/gradle-process-services-4.5.jar
7f7d4800c000-7f7d4800e000 r--s 00000000 08:02 158006                     /home/jk/.gradle/wrapper/dists/gradle-4.5-all/cg9lyzfg3iwv6fa00os9gcgj4/gradle-4.5/lib/gradle-jvm-services-4.5.jar
7f7d4800e000-7f7d48013000 r--s 00041000 08:02 158034                     /home/jk/.gradle/wrapper/dists/gradle-4.5-all/cg9lyzfg3iwv6fa00os9gcgj4/gradle-4.5/lib/commons-lang-2.6.jar
7f7d48013000-7f7d48016000 r--s 0001a000 08:02 158033                     /home/jk/.gradle/wrapper/dists/gradle-4.5-all/cg9lyzfg3iwv6fa00os9gcgj4/gradle-4.5/lib/fastutil-7.2.1-min.jar
7f7d48016000-7f7d48019000 r--s 00006000 08:02 158032                     /home/jk/.gradle/wrapper/dists/gradle-4.5-all/cg9lyzfg3iwv6fa00os9gcgj4/gradle-4.5/lib/jsr305-1.3.9.jar
7f7d48019000-7f7d4801a000 ---p 00000000 00:00 0 
7f7d4801a000-7f7d4811a000 rw-p 00000000 00:00 0 
7f7d4811a000-7f7d48125000 r-xp 00000000 08:02 6684722                    /lib/x86_64-linux-gnu/libnss_nis-2.26.so
7f7d48125000-7f7d48324000 ---p 0000b000 08:02 6684722                    /lib/x86_64-linux-gnu/libnss_nis-2.26.so
7f7d48324000-7f7d48325000 r--p 0000a000 08:02 6684722                    /lib/x86_64-linux-gnu/libnss_nis-2.26.so
7f7d48325000-7f7d48326000 rw-p 0000b000 08:02 6684722                    /lib/x86_64-linux-gnu/libnss_nis-2.26.so
7f7d48326000-7f7d4833d000 r-xp 00000000 08:02 6684717                    /lib/x86_64-linux-gnu/libnsl-2.26.so
7f7d4833d000-7f7d4853c000 ---p 00017000 08:02 6684717                    /lib/x86_64-linux-gnu/libnsl-2.26.so
7f7d4853c000-7f7d4853d000 r--p 00016000 08:02 6684717                    /lib/x86_64-linux-gnu/libnsl-2.26.so
7f7d4853d000-7f7d4853e000 rw-p 00017000 08:02 6684717                    /lib/x86_64-linux-gnu/libnsl-2.26.so
7f7d4853e000-7f7d48540000 rw-p 00000000 00:00 0 
7f7d48540000-7f7d48548000 r-xp 00000000 08:02 6684718                    /lib/x86_64-linux-gnu/libnss_compat-2.26.so
7f7d48548000-7f7d48747000 ---p 00008000 08:02 6684718                    /lib/x86_64-linux-gnu/libnss_compat-2.26.so
7f7d48747000-7f7d48748000 r--p 00007000 08:02 6684718                    /lib/x86_64-linux-gnu/libnss_compat-2.26.so
7f7d48748000-7f7d48749000 rw-p 00008000 08:02 6684718                    /lib/x86_64-linux-gnu/libnss_compat-2.26.so
7f7d48749000-7f7d48776000 r-xp 00000000 08:02 5515105                    /usr/local/android-studio/jre/jre/lib/amd64/libjava.so
7f7d48776000-7f7d48975000 ---p 0002d000 08:02 5515105                    /usr/local/android-studio/jre/jre/lib/amd64/libjava.so
7f7d48975000-7f7d48976000 r--p 0002c000 08:02 5515105                    /usr/local/android-studio/jre/jre/lib/amd64/libjava.so
7f7d48976000-7f7d48978000 rw-p 0002d000 08:02 5515105                    /usr/local/android-studio/jre/jre/lib/amd64/libjava.so
7f7d48978000-7f7d48988000 r-xp 00000000 08:02 5515111                    /usr/local/android-studio/jre/jre/lib/amd64/libverify.so
7f7d48988000-7f7d48b87000 ---p 00010000 08:02 5515111                    /usr/local/android-studio/jre/jre/lib/amd64/libverify.so
7f7d48b87000-7f7d48b89000 r--p 0000f000 08:02 5515111                    /usr/local/android-studio/jre/jre/lib/amd64/libverify.so
7f7d48b89000-7f7d48b8a000 rw-p 00011000 08:02 5515111                    /usr/local/android-studio/jre/jre/lib/amd64/libverify.so
7f7d48b8a000-7f7d48b91000 r-xp 00000000 08:02 6684727                    /lib/x86_64-linux-gnu/librt-2.26.so
7f7d48b91000-7f7d48d90000 ---p 00007000 08:02 6684727                    /lib/x86_64-linux-gnu/librt-2.26.so
7f7d48d90000-7f7d48d91000 r--p 00006000 08:02 6684727                    /lib/x86_64-linux-gnu/librt-2.26.so
7f7d48d91000-7f7d48d92000 rw-p 00007000 08:02 6684727                    /lib/x86_64-linux-gnu/librt-2.26.so
7f7d48d92000-7f7d48ee7000 r-xp 00000000 08:02 6684714                    /lib/x86_64-linux-gnu/libm-2.26.so
7f7d48ee7000-7f7d490e6000 ---p 00155000 08:02 6684714                    /lib/x86_64-linux-gnu/libm-2.26.so
7f7d490e6000-7f7d490e7000 r--p 00154000 08:02 6684714                    /lib/x86_64-linux-gnu/libm-2.26.so
7f7d490e7000-7f7d490e8000 rw-p 00155000 08:02 6684714                    /lib/x86_64-linux-gnu/libm-2.26.so
7f7d490e8000-7f7d49ce4000 r-xp 00000000 08:02 5515115                    /usr/local/android-studio/jre/jre/lib/amd64/server/libjvm.so
7f7d49ce4000-7f7d49ee4000 ---p 00bfc000 08:02 5515115                    /usr/local/android-studio/jre/jre/lib/amd64/server/libjvm.so
7f7d49ee4000-7f7d49f84000 r--p 00bfc000 08:02 5515115                    /usr/local/android-studio/jre/jre/lib/amd64/server/libjvm.so
7f7d49f84000-7f7d49fad000 rw-p 00c9c000 08:02 5515115                    /usr/local/android-studio/jre/jre/lib/amd64/server/libjvm.so
7f7d49fad000-7f7d49ff1000 rw-p 00000000 00:00 0 
7f7d49ff1000-7f7d4a00b000 r-xp 00000000 08:02 6684725                    /lib/x86_64-linux-gnu/libpthread-2.26.so
7f7d4a00b000-7f7d4a20a000 ---p 0001a000 08:02 6684725                    /lib/x86_64-linux-gnu/libpthread-2.26.so
7f7d4a20a000-7f7d4a20b000 r--p 00019000 08:02 6684725                    /lib/x86_64-linux-gnu/libpthread-2.26.so
7f7d4a20b000-7f7d4a20c000 rw-p 0001a000 08:02 6684725                    /lib/x86_64-linux-gnu/libpthread-2.26.so
7f7d4a20c000-7f7d4a210000 rw-p 00000000 00:00 0 
7f7d4a210000-7f7d4a213000 r-xp 00000000 08:02 6684713                    /lib/x86_64-linux-gnu/libdl-2.26.so
7f7d4a213000-7f7d4a412000 ---p 00003000 08:02 6684713                    /lib/x86_64-linux-gnu/libdl-2.26.so
7f7d4a412000-7f7d4a413000 r--p 00002000 08:02 6684713                    /lib/x86_64-linux-gnu/libdl-2.26.so
7f7d4a413000-7f7d4a414000 rw-p 00003000 08:02 6684713                    /lib/x86_64-linux-gnu/libdl-2.26.so
7f7d4a414000-7f7d4a5ea000 r-xp 00000000 08:02 6684710                    /lib/x86_64-linux-gnu/libc-2.26.so
7f7d4a5ea000-7f7d4a7ea000 ---p 001d6000 08:02 6684710                    /lib/x86_64-linux-gnu/libc-2.26.so
7f7d4a7ea000-7f7d4a7ee000 r--p 001d6000 08:02 6684710                    /lib/x86_64-linux-gnu/libc-2.26.so
7f7d4a7ee000-7f7d4a7f0000 rw-p 001da000 08:02 6684710                    /lib/x86_64-linux-gnu/libc-2.26.so
7f7d4a7f0000-7f7d4a7f4000 rw-p 00000000 00:00 0 
7f7d4a7f4000-7f7d4a80a000 r-xp 00000000 08:02 5515054                    /usr/local/android-studio/jre/lib/amd64/jli/libjli.so
7f7d4a80a000-7f7d4aa09000 ---p 00016000 08:02 5515054                    /usr/local/android-studio/jre/lib/amd64/jli/libjli.so
7f7d4aa09000-7f7d4aa0a000 r--p 00015000 08:02 5515054                    /usr/local/android-studio/jre/lib/amd64/jli/libjli.so
7f7d4aa0a000-7f7d4aa0b000 rw-p 00016000 08:02 5515054                    /usr/local/android-studio/jre/lib/amd64/jli/libjli.so
7f7d4aa0b000-7f7d4aa32000 r-xp 00000000 08:02 6684706                    /lib/x86_64-linux-gnu/ld-2.26.so
7f7d4aa32000-7f7d4aa33000 r--s 00001000 08:02 158059                     /home/jk/.gradle/wrapper/dists/gradle-4.5-all/cg9lyzfg3iwv6fa00os9gcgj4/gradle-4.5/lib/native-platform-linux-i386-ncurses6-0.14.jar
7f7d4aa33000-7f7d4aa34000 r--s 00000000 08:02 158035                     /home/jk/.gradle/wrapper/dists/gradle-4.5-all/cg9lyzfg3iwv6fa00os9gcgj4/gradle-4.5/lib/jcip-annotations-1.0.jar
7f7d4aa34000-7f7d4aa35000 r--s 00007000 08:02 158030                     /home/jk/.gradle/wrapper/dists/gradle-4.5-all/cg9lyzfg3iwv6fa00os9gcgj4/gradle-4.5/lib/slf4j-api-1.7.10.jar
7f7d4aa35000-7f7d4aa39000 r--s 00027000 08:02 158026                     /home/jk/.gradle/wrapper/dists/gradle-4.5-all/cg9lyzfg3iwv6fa00os9gcgj4/gradle-4.5/lib/commons-io-2.2.jar
7f7d4aa39000-7f7d4aa3b000 r--s 00016000 08:02 158025                     /home/jk/.gradle/wrapper/dists/gradle-4.5-all/cg9lyzfg3iwv6fa00os9gcgj4/gradle-4.5/lib/asm-6.0.jar
7f7d4aa3b000-7f7d4aa3c000 r--s 00004000 08:02 158045                     /home/jk/.gradle/wrapper/dists/gradle-4.5-all/cg9lyzfg3iwv6fa00os9gcgj4/gradle-4.5/lib/ant-launcher-1.9.9.jar
7f7d4aa3c000-7f7d4aa48000 r--s 00034000 08:02 158007                     /home/jk/.gradle/wrapper/dists/gradle-4.5-all/cg9lyzfg3iwv6fa00os9gcgj4/gradle-4.5/lib/gradle-core-api-4.5.jar
7f7d4aa48000-7f7d4ab0a000 rw-p 00000000 00:00 0 
7f7d4ab0a000-7f7d4ab0d000 ---p 00000000 00:00 0 
7f7d4ab0d000-7f7d4ac0d000 rw-p 00000000 00:00 0 
7f7d4ac0d000-7f7d4ac19000 r--s 00059000 08:02 158018                     /home/jk/.gradle/wrapper/dists/gradle-4.5-all/cg9lyzfg3iwv6fa00os9gcgj4/gradle-4.5/lib/gradle-base-services-4.5.jar
7f7d4ac19000-7f7d4ac26000 r--s 0005e000 08:02 158000                     /home/jk/.gradle/wrapper/dists/gradle-4.5-all/cg9lyzfg3iwv6fa00os9gcgj4/gradle-4.5/lib/gradle-launcher-4.5.jar
7f7d4ac26000-7f7d4ac2e000 rw-s 00000000 08:02 6847391                    /tmp/hsperfdata_jk/8892
7f7d4ac2e000-7f7d4ac2f000 rw-p 00000000 00:00 0 
7f7d4ac2f000-7f7d4ac30000 ---p 00000000 00:00 0 
7f7d4ac30000-7f7d4ac32000 rw-p 00000000 00:00 0 
7f7d4ac32000-7f7d4ac33000 r--p 00027000 08:02 6684706                    /lib/x86_64-linux-gnu/ld-2.26.so
7f7d4ac33000-7f7d4ac34000 rw-p 00028000 08:02 6684706                    /lib/x86_64-linux-gnu/ld-2.26.so
7f7d4ac34000-7f7d4ac35000 rw-p 00000000 00:00 0 
7ffc6268f000-7ffc626b0000 rw-p 00000000 00:00 0                          [stack]
7ffc62723000-7ffc62726000 r--p 00000000 00:00 0                          [vvar]
7ffc62726000-7ffc62728000 r-xp 00000000 00:00 0                          [vdso]
ffffffffff600000-ffffffffff601000 r-xp 00000000 00:00 0                  [vsyscall]

VM Arguments:
jvm_args: -Xmx1536m -Dfile.encoding=UTF-8 -Duser.country=US -Duser.language=en -Duser.variant 
java_command: org.gradle.launcher.daemon.bootstrap.GradleDaemon 4.5
java_class_path (initial): /home/jk/.gradle/wrapper/dists/gradle-4.5-all/cg9lyzfg3iwv6fa00os9gcgj4/gradle-4.5/lib/gradle-launcher-4.5.jar
Launcher Type: SUN_STANDARD

Environment Variables:
PATH=/usr/local/sbin:/usr/local/bin:/usr/sbin:/usr/bin:/sbin:/bin:/usr/games:/usr/local/games:/snap/bin
USERNAME=jk
SHELL=/bin/bash
DISPLAY=:0

Signal Handlers:
SIGSEGV: [libjvm.so+0x9edb30], sa_mask[0]=11111111011111111101111111111110, sa_flags=SA_RESTART|SA_SIGINFO
SIGBUS: [libjvm.so+0x9edb30], sa_mask[0]=11111111011111111101111111111110, sa_flags=SA_RESTART|SA_SIGINFO
SIGFPE: [libjvm.so+0x84e800], sa_mask[0]=11111111011111111101111111111110, sa_flags=SA_RESTART|SA_SIGINFO
SIGPIPE: [libjvm.so+0x84e800], sa_mask[0]=11111111011111111101111111111110, sa_flags=SA_RESTART|SA_SIGINFO
SIGXFSZ: [libjvm.so+0x84e800], sa_mask[0]=11111111011111111101111111111110, sa_flags=SA_RESTART|SA_SIGINFO
SIGILL: [libjvm.so+0x84e800], sa_mask[0]=11111111011111111101111111111110, sa_flags=SA_RESTART|SA_SIGINFO
SIGUSR1: SIG_DFL, sa_mask[0]=00000000000000000000000000000000, sa_flags=none
SIGUSR2: [libjvm.so+0x84e6d0], sa_mask[0]=00100000000000000000000000000000, sa_flags=SA_RESTART|SA_SIGINFO
SIGHUP: SIG_IGN, sa_mask[0]=00000000000000000000000000000000, sa_flags=none
SIGINT: [libjvm.so+0x84e8c0], sa_mask[0]=11111111011111111101111111111110, sa_flags=SA_RESTART|SA_SIGINFO
SIGTERM: [libjvm.so+0x84e8c0], sa_mask[0]=11111111011111111101111111111110, sa_flags=SA_RESTART|SA_SIGINFO
SIGQUIT: [libjvm.so+0x84e8c0], sa_mask[0]=11111111011111111101111111111110, sa_flags=SA_RESTART|SA_SIGINFO


---------------  S Y S T E M  ---------------

OS:DISTRIB_ID=Ubuntu
DISTRIB_RELEASE=17.10
DISTRIB_CODENAME=artful
DISTRIB_DESCRIPTION="Ubuntu 17.10"

uname:Linux 4.13.0-32-generic #35-Ubuntu SMP Thu Jan 25 09:13:46 UTC 2018 x86_64
libc:glibc 2.26 NPTL 2.26 
rlimit: STACK 8192k, CORE 0k, NPROC 15104, NOFILE 1048576, AS infinity
load average:1.64 0.91 0.90

/proc/meminfo:
MemTotal:        3944904 kB
MemFree:           85908 kB
MemAvailable:          0 kB
Buffers:             428 kB
Cached:           194988 kB
SwapCached:         4928 kB
Active:          3021604 kB
Inactive:         608452 kB
Active(anon):    3017764 kB
Inactive(anon):   603476 kB
Active(file):       3840 kB
Inactive(file):     4976 kB
Unevictable:         484 kB
Mlocked:             484 kB
SwapTotal:       2097148 kB
SwapFree:              0 kB
Dirty:               120 kB
Writeback:             0 kB
AnonPages:       3430644 kB
Mapped:            85044 kB
Shmem:            186348 kB
Slab:              96464 kB
SReclaimable:      45512 kB
SUnreclaim:        50952 kB
KernelStack:       15360 kB
PageTables:        70176 kB
NFS_Unstable:          0 kB
Bounce:                0 kB
WritebackTmp:          0 kB
CommitLimit:     4069600 kB
Committed_AS:   12894196 kB
VmallocTotal:   34359738367 kB
VmallocUsed:           0 kB
VmallocChunk:          0 kB
HardwareCorrupted:     0 kB
AnonHugePages:         0 kB
ShmemHugePages:        0 kB
ShmemPmdMapped:        0 kB
CmaTotal:              0 kB
CmaFree:               0 kB
HugePages_Total:       0
HugePages_Free:        0
HugePages_Rsvd:        0
HugePages_Surp:        0
Hugepagesize:       2048 kB
DirectMap4k:      158976 kB
DirectMap2M:     3940352 kB
DirectMap1G:           0 kB


CPU:total 4 (initial active 4) (2 cores per cpu, 2 threads per core) family 6 model 69 stepping 1, cmov, cx8, fxsr, mmx, sse, sse2, sse3, ssse3, sse4.1, sse4.2, popcnt, avx, avx2, aes, clmul, erms, lzcnt, ht, tsc, tscinvbit, bmi1, bmi2

/proc/cpuinfo:
processor	: 0
vendor_id	: GenuineIntel
cpu family	: 6
model		: 69
model name	: Intel(R) Core(TM) i5-4200U CPU @ 1.60GHz
stepping	: 1
microcode	: 0x20
cpu MHz		: 2294.722
cache size	: 3072 KB
physical id	: 0
siblings	: 4
core id		: 0
cpu cores	: 2
apicid		: 0
initial apicid	: 0
fpu		: yes
fpu_exception	: yes
cpuid level	: 13
wp		: yes
flags		: fpu vme de pse tsc msr pae mce cx8 apic sep mtrr pge mca cmov pat pse36 clflush dts acpi mmx fxsr sse sse2 ss ht tm pbe syscall nx pdpe1gb rdtscp lm constant_tsc arch_perfmon pebs bts rep_good nopl xtopology nonstop_tsc cpuid aperfmperf pni pclmulqdq dtes64 monitor ds_cpl vmx est tm2 ssse3 sdbg fma cx16 xtpr pdcm pcid sse4_1 sse4_2 movbe popcnt tsc_deadline_timer aes xsave avx f16c rdrand lahf_lm abm cpuid_fault epb invpcid_single pti tpr_shadow vnmi flexpriority ept vpid fsgsbase tsc_adjust bmi1 avx2 smep bmi2 erms invpcid xsaveopt dtherm ida arat pln pts
bugs		: cpu_meltdown spectre_v1 spectre_v2
bogomips	: 4589.44
clflush size	: 64
cache_alignment	: 64
address sizes	: 39 bits physical, 48 bits virtual
power management:

processor	: 1
vendor_id	: GenuineIntel
cpu family	: 6
model		: 69
model name	: Intel(R) Core(TM) i5-4200U CPU @ 1.60GHz
stepping	: 1
microcode	: 0x20
cpu MHz		: 2294.722
cache size	: 3072 KB
physical id	: 0
siblings	: 4
core id		: 1
cpu cores	: 2
apicid		: 2
initial apicid	: 2
fpu		: yes
fpu_exception	: yes
cpuid level	: 13
wp		: yes
flags		: fpu vme de pse tsc msr pae mce cx8 apic sep mtrr pge mca cmov pat pse36 clflush dts acpi mmx fxsr sse sse2 ss ht tm pbe syscall nx pdpe1gb rdtscp lm constant_tsc arch_perfmon pebs bts rep_good nopl xtopology nonstop_tsc cpuid aperfmperf pni pclmulqdq dtes64 monitor ds_cpl vmx est tm2 ssse3 sdbg fma cx16 xtpr pdcm pcid sse4_1 sse4_2 movbe popcnt tsc_deadline_timer aes xsave avx f16c rdrand lahf_lm abm cpuid_fault epb invpcid_single pti tpr_shadow vnmi flexpriority ept vpid fsgsbase tsc_adjust bmi1 avx2 smep bmi2 erms invpcid xsaveopt dtherm ida arat pln pts
bugs		: cpu_meltdown spectre_v1 spectre_v2
bogomips	: 4589.44
clflush size	: 64
cache_alignment	: 64
address sizes	: 39 bits physical, 48 bits virtual
power management:

processor	: 2
vendor_id	: GenuineIntel
cpu family	: 6
model		: 69
model name	: Intel(R) Core(TM) i5-4200U CPU @ 1.60GHz
stepping	: 1
microcode	: 0x20
cpu MHz		: 2294.722
cache size	: 3072 KB
physical id	: 0
siblings	: 4
core id		: 0
cpu cores	: 2
apicid		: 1
initial apicid	: 1
fpu		: yes
fpu_exception	: yes
cpuid level	: 13
wp		: yes
flags		: fpu vme de pse tsc msr pae mce cx8 apic sep mtrr pge mca cmov pat pse36 clflush dts acpi mmx fxsr sse sse2 ss ht tm pbe syscall nx pdpe1gb rdtscp lm constant_tsc arch_perfmon pebs bts rep_good nopl xtopology nonstop_tsc cpuid aperfmperf pni pclmulqdq dtes64 monitor ds_cpl vmx est tm2 ssse3 sdbg fma cx16 xtpr pdcm pcid sse4_1 sse4_2 movbe popcnt tsc_deadline_timer aes xsave avx f16c rdrand lahf_lm abm cpuid_fault epb invpcid_single pti tpr_shadow vnmi flexpriority ept vpid fsgsbase tsc_adjust bmi1 avx2 smep bmi2 erms invpcid xsaveopt dtherm ida arat pln pts
bugs		: cpu_meltdown spectre_v1 spectre_v2
bogomips	: 4589.44
clflush size	: 64
cache_alignment	: 64
address sizes	: 39 bits physical, 48 bits virtual
power management:

processor	: 3
vendor_id	: GenuineIntel
cpu family	: 6
model		: 69
model name	: Intel(R) Core(TM) i5-4200U CPU @ 1.60GHz
stepping	: 1
microcode	: 0x20
cpu MHz		: 2294.722
cache size	: 3072 KB
physical id	: 0
siblings	: 4
core id		: 1
cpu cores	: 2
apicid		: 3
initial apicid	: 3
fpu		: yes
fpu_exception	: yes
cpuid level	: 13
wp		: yes
flags		: fpu vme de pse tsc msr pae mce cx8 apic sep mtrr pge mca cmov pat pse36 clflush dts acpi mmx fxsr sse sse2 ss ht tm pbe syscall nx pdpe1gb rdtscp lm constant_tsc arch_perfmon pebs bts rep_good nopl xtopology nonstop_tsc cpuid aperfmperf pni pclmulqdq dtes64 monitor ds_cpl vmx est tm2 ssse3 sdbg fma cx16 xtpr pdcm pcid sse4_1 sse4_2 movbe popcnt tsc_deadline_timer aes xsave avx f16c rdrand lahf_lm abm cpuid_fault epb invpcid_single pti tpr_shadow vnmi flexpriority ept vpid fsgsbase tsc_adjust bmi1 avx2 smep bmi2 erms invpcid xsaveopt dtherm ida arat pln pts
bugs		: cpu_meltdown spectre_v1 spectre_v2
bogomips	: 4589.44
clflush size	: 64
cache_alignment	: 64
address sizes	: 39 bits physical, 48 bits virtual
power management:



Memory: 4k page, physical 3944904k(85660k free), swap 2097148k(0k free)

vm_info: OpenJDK 64-Bit Server VM (25.152-b01) for linux-amd64 JRE (1.8.0_152-release-1024-b01), built by "builder" with gcc 4.8.4

time: Sun Feb 11 00:33:10 2018
elapsed time: 12 seconds (0d 0h 0m 12s)

