#
# There is insufficient memory for the Java Runtime Environment to continue.
# Native memory allocation (mmap) failed to map 77594624 bytes for committing reserved memory.
# Possible reasons:
#   The system is out of physical RAM or swap space
#   In 32 bit mode, the process size limit was hit
# Possible solutions:
#   Reduce memory load on the system
#   Increase physical memory or swap space
#   Check if swap backing store is full
#   Use 64 bit Java on a 64 bit OS
#   Decrease Java heap size (-Xmx/-Xms)
#   Decrease number of Java threads
#   Decrease Java thread stack sizes (-Xss)
#   Set larger code cache with -XX:ReservedCodeCacheSize=
# This output file may be truncated or incomplete.
#
#  Out of Memory Error (os_linux.cpp:2627), pid=18293, tid=0x00007f50404f4700
#
# JRE version: OpenJDK Runtime Environment (8.0_112-b06) (build 1.8.0_112-release-b06)
# Java VM: OpenJDK 64-Bit Server VM (25.112-b06 mixed mode linux-amd64 compressed oops)
# Failed to write core dump. Core dumps have been disabled. To enable core dumping, try "ulimit -c unlimited" before starting Java again
#

---------------  T H R E A D  ---------------

Current thread (0x00007f5050077800):  VMThread [stack: 0x00007f50403f4000,0x00007f50404f5000] [id=18301]

Stack: [0x00007f50403f4000,0x00007f50404f5000],  sp=0x00007f50404f34a0,  free space=1021k
Native frames: (J=compiled Java code, j=interpreted, Vv=VM code, C=native code)
V  [libjvm.so+0x9e465d]  VMError::report_and_die()+0x15d
V  [libjvm.so+0x4b6ada]  report_vm_out_of_memory(char const*, int, unsigned long, VMErrorType, char const*)+0x8a
V  [libjvm.so+0x84c860]  os::pd_commit_memory(char*, unsigned long, unsigned long, bool)+0xf0
V  [libjvm.so+0x84737f]  os::commit_memory(char*, unsigned long, unsigned long, bool)+0x1f
V  [libjvm.so+0x8bd3db]  PSVirtualSpace::expand_by(unsigned long)+0x5b
V  [libjvm.so+0x8be050]  PSYoungGen::resize_generation(unsigned long, unsigned long)+0xb0
V  [libjvm.so+0x8be36b]  PSYoungGen::resize(unsigned long, unsigned long)+0x1b
V  [libjvm.so+0x8baa5c]  PSScavenge::invoke_no_policy()+0xdac
V  [libjvm.so+0x8b4560]  PSParallelCompact::invoke(bool)+0x40
V  [libjvm.so+0x446d63]  CollectedHeap::collect_as_vm_thread(GCCause::Cause)+0x143
V  [libjvm.so+0x9e5a91]  VM_CollectForMetadataAllocation::doit()+0x141
V  [libjvm.so+0x9ea537]  VM_Operation::evaluate()+0x47
V  [libjvm.so+0x9e8ff8]  VMThread::evaluate_operation(VM_Operation*)+0x2c8
V  [libjvm.so+0x9e9479]  VMThread::loop()+0x219
V  [libjvm.so+0x9e98c2]  VMThread::run()+0x72
V  [libjvm.so+0x849c82]  java_start(Thread*)+0xf2

VM_Operation (0x00007f5038dfbd70): CollectForMetadataAllocation, mode: safepoint, requested by thread 0x00007f50500bc800


---------------  P R O C E S S  ---------------

Java Threads: ( => current thread )
  0x00007f4ff400b000 JavaThread "Stdin handler" [_thread_blocked, id=18320, stack(0x00007f50214f1000,0x00007f50215f2000)]
  0x00007f4ff400a000 JavaThread "Asynchronous log dispatcher for DefaultDaemonConnection: socket connection from /127.0.0.1:35203 to /127.0.0.1:42620" [_thread_blocked, id=18319, stack(0x00007f50215f2000,0x00007f50216f3000)]
  0x00007f5050ce3000 JavaThread "pool-1-thread-1" [_thread_blocked, id=18316, stack(0x00007f50216f3000,0x00007f50217f4000)]
  0x00007f4ff8008000 JavaThread "Daemon worker" [_thread_blocked, id=18315, stack(0x00007f50217f4000,0x00007f50218f5000)]
  0x00007f4ff800c000 JavaThread "Cancel handler" [_thread_blocked, id=18314, stack(0x00007f50218f5000,0x00007f50219f6000)]
  0x00007f4ff8005800 JavaThread "Handler for socket connection from /127.0.0.1:35203 to /127.0.0.1:42620" [_thread_in_native, id=18313, stack(0x00007f5021bf6000,0x00007f5021cf7000)]
  0x00007f500400f800 JavaThread "Daemon" [_thread_blocked, id=18312, stack(0x00007f5021cf7000,0x00007f5021df8000)]
  0x00007f5050c77000 JavaThread "Incoming local TCP Connector on port 35203" [_thread_in_native, id=18311, stack(0x00007f5021fff000,0x00007f5022100000)]
  0x00007f50500c8000 JavaThread "Service Thread" daemon [_thread_blocked, id=18309, stack(0x00007f5038bfc000,0x00007f5038cfd000)]
  0x00007f50500bc800 JavaThread "C1 CompilerThread2" daemon [_thread_blocked, id=18308, stack(0x00007f5038cfd000,0x00007f5038dfe000)]
  0x00007f50500bb000 JavaThread "C2 CompilerThread1" daemon [_thread_in_native, id=18307, stack(0x00007f5038dfe000,0x00007f5038eff000)]
  0x00007f50500b8000 JavaThread "C2 CompilerThread0" daemon [_thread_in_native, id=18306, stack(0x00007f5038eff000,0x00007f5039000000)]
  0x00007f50500b6800 JavaThread "Signal Dispatcher" daemon [_thread_blocked, id=18305, stack(0x00007f50400f1000,0x00007f50401f2000)]
  0x00007f5050083800 JavaThread "Finalizer" daemon [_thread_blocked, id=18304, stack(0x00007f50401f2000,0x00007f50402f3000)]
  0x00007f505007f000 JavaThread "Reference Handler" daemon [_thread_blocked, id=18302, stack(0x00007f50402f3000,0x00007f50403f4000)]
  0x00007f505000a000 JavaThread "main" [_thread_blocked, id=18296, stack(0x00007f5058cc4000,0x00007f5058dc5000)]

Other Threads:
=>0x00007f5050077800 VMThread [stack: 0x00007f50403f4000,0x00007f50404f5000] [id=18301]
  0x00007f50500ca800 WatcherThread [stack: 0x00007f5038afb000,0x00007f5038bfc000] [id=18310]

VM state:at safepoint (normal execution)

VM Mutex/Monitor currently owned by a thread:  ([mutex/lock_event])
[0x00007f5050006300] Threads_lock - owner thread: 0x00007f5050077800
[0x00007f5050006800] Heap_lock - owner thread: 0x00007f50500bc800
[0x00007f5050006d80] MethodData_lock - owner thread: 0x00007f50500bc800

Heap:
 PSYoungGen      total 66048K, used 2528K [0x00000000e0000000, 0x00000000e4300000, 0x0000000100000000)
  eden space 63488K, 0% used [0x00000000e0000000,0x00000000e0000000,0x00000000e3e00000)
  from space 2560K, 98% used [0x00000000e3e00000,0x00000000e4078030,0x00000000e4080000)
  to   space 2560K, 0% used [0x00000000e4080000,0x00000000e4080000,0x00000000e4300000)
 ParOldGen       total 42496K, used 12124K [0x00000000a0000000, 0x00000000a2980000, 0x00000000e0000000)
  object space 42496K, 28% used [0x00000000a0000000,0x00000000a0bd7310,0x00000000a2980000)
 Metaspace       used 20807K, capacity 21132K, committed 21296K, reserved 1067008K
  class space    used 2742K, capacity 2870K, committed 2944K, reserved 1048576K

Card table byte_map: [0x00007f5055855000,0x00007f5055b56000] byte_map_base: 0x00007f5055355000

Marking Bits: (ParMarkBitMap*) 0x00007f5058192340
 Begin Bits: [0x00007f5039000000, 0x00007f503a800000)
 End Bits:   [0x00007f503a800000, 0x00007f503c000000)

Polling page: 0x00007f5058de4000

CodeCache: size=245760Kb used=6134Kb max_used=6134Kb free=239625Kb
 bounds [0x00007f5041000000, 0x00007f5041610000, 0x00007f5050000000]
 total_blobs=2225 nmethods=1599 adapters=540
 compilation: enabled

Compilation events (10 events):
Event: 2.804 Thread 0x00007f50500bc800 nmethod 1613 0x00007f50415fd3d0 code [0x00007f50415fd560, 0x00007f50415fd8d8]
Event: 2.806 Thread 0x00007f50500bc800 1614       2       java.util.concurrent.locks.ReentrantLock::lock (8 bytes)
Event: 2.806 Thread 0x00007f50500bc800 nmethod 1614 0x00007f50415fda10 code [0x00007f50415fdb80, 0x00007f50415fdd08]
Event: 2.806 Thread 0x00007f50500bc800 1615       2       java.util.concurrent.locks.ReentrantLock$NonfairSync::lock (25 bytes)
Event: 2.806 Thread 0x00007f50500bc800 nmethod 1615 0x00007f50415fdd90 code [0x00007f50415fdf20, 0x00007f50415fe178]
Event: 2.807 Thread 0x00007f50500bc800 1616       2       org.codehaus.groovy.reflection.CachedClass::addSubclassExpandos (142 bytes)
Event: 2.808 Thread 0x00007f50500bc800 nmethod 1616 0x00007f50415fe310 code [0x00007f50415fe500, 0x00007f50415fea38]
Event: 2.811 Thread 0x00007f50500bc800 1618  s!   2       java.beans.PropertyDescriptor::getWriteMethod (165 bytes)
Event: 2.819 Thread 0x00007f50500bc800 nmethod 1618 0x00007f50415feed0 code [0x00007f50415ff120, 0x00007f50415ffc58]
Event: 2.820 Thread 0x00007f50500bc800 1620       2       groovy.lang.MetaClassImpl::makeReplacementMetaProperty (241 bytes)

GC Heap History (9 events):
Event: 0.691 GC heap before
{Heap before GC invocations=1 (full 0):
 PSYoungGen      total 18432K, used 15872K [0x00000000e0000000, 0x00000000e1480000, 0x0000000100000000)
  eden space 15872K, 100% used [0x00000000e0000000,0x00000000e0f80000,0x00000000e0f80000)
  from space 2560K, 0% used [0x00000000e1200000,0x00000000e1200000,0x00000000e1480000)
  to   space 2560K, 0% used [0x00000000e0f80000,0x00000000e0f80000,0x00000000e1200000)
 ParOldGen       total 42496K, used 0K [0x00000000a0000000, 0x00000000a2980000, 0x00000000e0000000)
  object space 42496K, 0% used [0x00000000a0000000,0x00000000a0000000,0x00000000a2980000)
 Metaspace       used 6096K, capacity 6216K, committed 6528K, reserved 1056768K
  class space    used 747K, capacity 792K, committed 896K, reserved 1048576K
Event: 0.699 GC heap after
Heap after GC invocations=1 (full 0):
 PSYoungGen      total 18432K, used 2536K [0x00000000e0000000, 0x00000000e2400000, 0x0000000100000000)
  eden space 15872K, 0% used [0x00000000e0000000,0x00000000e0000000,0x00000000e0f80000)
  from space 2560K, 99% used [0x00000000e0f80000,0x00000000e11fa2b8,0x00000000e1200000)
  to   space 2560K, 0% used [0x00000000e2180000,0x00000000e2180000,0x00000000e2400000)
 ParOldGen       total 42496K, used 452K [0x00000000a0000000, 0x00000000a2980000, 0x00000000e0000000)
  object space 42496K, 1% used [0x00000000a0000000,0x00000000a0071260,0x00000000a2980000)
 Metaspace       used 6096K, capacity 6216K, committed 6528K, reserved 1056768K
  class space    used 747K, capacity 792K, committed 896K, reserved 1048576K
}
Event: 0.938 GC heap before
{Heap before GC invocations=2 (full 0):
 PSYoungGen      total 18432K, used 18408K [0x00000000e0000000, 0x00000000e2400000, 0x0000000100000000)
  eden space 15872K, 100% used [0x00000000e0000000,0x00000000e0f80000,0x00000000e0f80000)
  from space 2560K, 99% used [0x00000000e0f80000,0x00000000e11fa2b8,0x00000000e1200000)
  to   space 2560K, 0% used [0x00000000e2180000,0x00000000e2180000,0x00000000e2400000)
 ParOldGen       total 42496K, used 452K [0x00000000a0000000, 0x00000000a2980000, 0x00000000e0000000)
  object space 42496K, 1% used [0x00000000a0000000,0x00000000a0071260,0x00000000a2980000)
 Metaspace       used 6715K, capacity 6856K, committed 7040K, reserved 1056768K
  class space    used 822K, capacity 856K, committed 896K, reserved 1048576K
Event: 0.956 GC heap after
Heap after GC invocations=2 (full 0):
 PSYoungGen      total 34304K, used 2557K [0x00000000e0000000, 0x00000000e2400000, 0x0000000100000000)
  eden space 31744K, 0% used [0x00000000e0000000,0x00000000e0000000,0x00000000e1f00000)
  from space 2560K, 99% used [0x00000000e2180000,0x00000000e23ff700,0x00000000e2400000)
  to   space 2560K, 0% used [0x00000000e1f00000,0x00000000e1f00000,0x00000000e2180000)
 ParOldGen       total 42496K, used 525K [0x00000000a0000000, 0x00000000a2980000, 0x00000000e0000000)
  object space 42496K, 1% used [0x00000000a0000000,0x00000000a00837d0,0x00000000a2980000)
 Metaspace       used 6715K, capacity 6856K, committed 7040K, reserved 1056768K
  class space    used 822K, capacity 856K, committed 896K, reserved 1048576K
}
Event: 1.589 GC heap before
{Heap before GC invocations=3 (full 0):
 PSYoungGen      total 34304K, used 34301K [0x00000000e0000000, 0x00000000e2400000, 0x0000000100000000)
  eden space 31744K, 100% used [0x00000000e0000000,0x00000000e1f00000,0x00000000e1f00000)
  from space 2560K, 99% used [0x00000000e2180000,0x00000000e23ff700,0x00000000e2400000)
  to   space 2560K, 0% used [0x00000000e1f00000,0x00000000e1f00000,0x00000000e2180000)
 ParOldGen       total 42496K, used 525K [0x00000000a0000000, 0x00000000a2980000, 0x00000000e0000000)
  object space 42496K, 1% used [0x00000000a0000000,0x00000000a00837f0,0x00000000a2980000)
 Metaspace       used 12753K, capacity 13124K, committed 13440K, reserved 1060864K
  class space    used 1712K, capacity 1831K, committed 1920K, reserved 1048576K
Event: 1.599 GC heap after
Heap after GC invocations=3 (full 0):
 PSYoungGen      total 34304K, used 2528K [0x00000000e0000000, 0x00000000e4300000, 0x0000000100000000)
  eden space 31744K, 0% used [0x00000000e0000000,0x00000000e0000000,0x00000000e1f00000)
  from space 2560K, 98% used [0x00000000e1f00000,0x00000000e2178010,0x00000000e2180000)
  to   space 2560K, 0% used [0x00000000e4080000,0x00000000e4080000,0x00000000e4300000)
 ParOldGen       total 42496K, used 3905K [0x00000000a0000000, 0x00000000a2980000, 0x00000000e0000000)
  object space 42496K, 9% used [0x00000000a0000000,0x00000000a03d07c8,0x00000000a2980000)
 Metaspace       used 12753K, capacity 13124K, committed 13440K, reserved 1060864K
  class space    used 1712K, capacity 1831K, committed 1920K, reserved 1048576K
}
Event: 2.107 GC heap before
{Heap before GC invocations=4 (full 0):
 PSYoungGen      total 34304K, used 34272K [0x00000000e0000000, 0x00000000e4300000, 0x0000000100000000)
  eden space 31744K, 100% used [0x00000000e0000000,0x00000000e1f00000,0x00000000e1f00000)
  from space 2560K, 98% used [0x00000000e1f00000,0x00000000e2178010,0x00000000e2180000)
  to   space 2560K, 0% used [0x00000000e4080000,0x00000000e4080000,0x00000000e4300000)
 ParOldGen       total 42496K, used 3911K [0x00000000a0000000, 0x00000000a2980000, 0x00000000e0000000)
  object space 42496K, 9% used [0x00000000a0000000,0x00000000a03d1f08,0x00000000a2980000)
 Metaspace       used 16150K, capacity 16476K, committed 16768K, reserved 1062912K
  class space    used 2256K, capacity 2347K, committed 2432K, reserved 1048576K
Event: 2.139 GC heap after
Heap after GC invocations=4 (full 0):
 PSYoungGen      total 66048K, used 2544K [0x00000000e0000000, 0x00000000e4300000, 0x0000000100000000)
  eden space 63488K, 0% used [0x00000000e0000000,0x00000000e0000000,0x00000000e3e00000)
  from space 2560K, 99% used [0x00000000e4080000,0x00000000e42fc040,0x00000000e4300000)
  to   space 2560K, 0% used [0x00000000e3e00000,0x00000000e3e00000,0x00000000e4080000)
 ParOldGen       total 42496K, used 8002K [0x00000000a0000000, 0x00000000a2980000, 0x00000000e0000000)
  object space 42496K, 18% used [0x00000000a0000000,0x00000000a07d0ba0,0x00000000a2980000)
 Metaspace       used 16150K, capacity 16476K, committed 16768K, reserved 1062912K
  class space    used 2256K, capacity 2347K, committed 2432K, reserved 1048576K
}
Event: 2.821 GC heap before
{Heap before GC invocations=5 (full 0):
 PSYoungGen      total 66048K, used 27901K [0x00000000e0000000, 0x00000000e4300000, 0x0000000100000000)
  eden space 63488K, 39% used [0x00000000e0000000,0x00000000e18c3728,0x00000000e3e00000)
  from space 2560K, 99% used [0x00000000e4080000,0x00000000e42fc040,0x00000000e4300000)
  to   space 2560K, 0% used [0x00000000e3e00000,0x00000000e3e00000,0x00000000e4080000)
 ParOldGen       total 42496K, used 8002K [0x00000000a0000000, 0x00000000a2980000, 0x00000000e0000000)
  object space 42496K, 18% used [0x00000000a0000000,0x00000000a07d0ba0,0x00000000a2980000)
 Metaspace       used 20807K, capacity 21132K, committed 21296K, reserved 1067008K
  class space    used 2742K, capacity 2870K, committed 2944K, reserved 1048576K

Deoptimization events (10 events):
Event: 2.097 Thread 0x00007f4ff8008000 Uncommon trap: reason=class_check action=maybe_recompile pc=0x00007f50411571b0 method=java.lang.String.equals(Ljava/lang/Object;)Z @ 8
Event: 2.098 Thread 0x00007f4ff8008000 Uncommon trap: reason=class_check action=maybe_recompile pc=0x00007f50411571b0 method=java.lang.String.equals(Ljava/lang/Object;)Z @ 8
Event: 2.098 Thread 0x00007f4ff8008000 Uncommon trap: reason=class_check action=maybe_recompile pc=0x00007f50411571b0 method=java.lang.String.equals(Ljava/lang/Object;)Z @ 8
Event: 2.171 Thread 0x00007f4ff8008000 Uncommon trap: reason=bimorphic action=maybe_recompile pc=0x00007f50413e1738 method=java.lang.ClassLoader.loadClass(Ljava/lang/String;Z)Ljava/lang/Class; @ 38
Event: 2.171 Thread 0x00007f4ff8008000 Uncommon trap: reason=bimorphic action=maybe_recompile pc=0x00007f50413e1738 method=java.lang.ClassLoader.loadClass(Ljava/lang/String;Z)Ljava/lang/Class; @ 38
Event: 2.172 Thread 0x00007f4ff8008000 Uncommon trap: reason=unstable_if action=reinterpret pc=0x00007f504128cb18 method=java.io.UnixFileSystem.normalize(Ljava/lang/String;)Ljava/lang/String; @ 60
Event: 2.172 Thread 0x00007f4ff8008000 Uncommon trap: reason=class_check action=maybe_recompile pc=0x00007f50411dc094 method=sun.misc.URLClassPath.getLoader(I)Lsun/misc/URLClassPath$Loader; @ 94
Event: 2.172 Thread 0x00007f4ff8008000 Uncommon trap: reason=class_check action=maybe_recompile pc=0x00007f50412db2ec method=sun.misc.URLClassPath.getResource(Ljava/lang/String;Z)Lsun/misc/Resource; @ 62
Event: 2.174 Thread 0x00007f4ff8008000 Uncommon trap: reason=bimorphic action=maybe_recompile pc=0x00007f50413e1738 method=java.lang.ClassLoader.loadClass(Ljava/lang/String;Z)Ljava/lang/Class; @ 38
Event: 2.174 Thread 0x00007f4ff8008000 Uncommon trap: reason=bimorphic action=maybe_recompile pc=0x00007f50413e1738 method=java.lang.ClassLoader.loadClass(Ljava/lang/String;Z)Ljava/lang/Class; @ 38

Internal exceptions (10 events):
Event: 2.745 Thread 0x00007f4ff8008000 Exception <a 'java/lang/ClassNotFoundException': org/gradle/invocation/DefaultGradleCustomizer> (0x00000000e15e5050) thrown at [/ssd/Android/AOSP-openjdk/external/jetbrains/jdk/hotspot/src/share/vm/classfile/systemDictionary.cpp, line 210]
Event: 2.748 Thread 0x00007f4ff8008000 Exception <a 'java/lang/ClassNotFoundException': org/gradle/invocation/DefaultGradle_DecoratedCustomizer> (0x00000000e1636980) thrown at [/ssd/Android/AOSP-openjdk/external/jetbrains/jdk/hotspot/src/share/vm/classfile/systemDictionary.cpp, line 210]
Event: 2.759 Thread 0x00007f4ff8008000 Exception <a 'java/lang/NoSuchMethodError': <clinit>> (0x00000000e16c2880) thrown at [/ssd/Android/AOSP-openjdk/external/jetbrains/jdk/hotspot/src/share/vm/prims/jni.cpp, line 1613]
Event: 2.761 Thread 0x00007f4ff8008000 Exception <a 'java/lang/NoSuchMethodError': <clinit>> (0x00000000e16dfec8) thrown at [/ssd/Android/AOSP-openjdk/external/jetbrains/jdk/hotspot/src/share/vm/prims/jni.cpp, line 1613]
Event: 2.761 Thread 0x00007f4ff8008000 Exception <a 'java/lang/NoSuchMethodError': <clinit>> (0x00000000e16e0fb0) thrown at [/ssd/Android/AOSP-openjdk/external/jetbrains/jdk/hotspot/src/share/vm/prims/jni.cpp, line 1613]
Event: 2.761 Thread 0x00007f4ff8008000 Exception <a 'java/lang/NoSuchMethodError': <clinit>> (0x00000000e16e2940) thrown at [/ssd/Android/AOSP-openjdk/external/jetbrains/jdk/hotspot/src/share/vm/prims/jni.cpp, line 1613]
Event: 2.809 Thread 0x00007f4ff8008000 Exception <a 'java/lang/ClassNotFoundException': settings_c4u6ds6ctp781n8irerdw61s2BeanInfo> (0x00000000e1817b88) thrown at [/ssd/Android/AOSP-openjdk/external/jetbrains/jdk/hotspot/src/share/vm/classfile/systemDictionary.cpp, line 210]
Event: 2.810 Thread 0x00007f4ff8008000 Exception <a 'java/lang/ClassNotFoundException': org/gradle/initialization/SettingsScriptBeanInfo> (0x00000000e1827e78) thrown at [/ssd/Android/AOSP-openjdk/external/jetbrains/jdk/hotspot/src/share/vm/classfile/systemDictionary.cpp, line 210]
Event: 2.810 Thread 0x00007f4ff8008000 Exception <a 'java/lang/ClassNotFoundException': org/gradle/initialization/SettingsScriptCustomizer> (0x00000000e1838408) thrown at [/ssd/Android/AOSP-openjdk/external/jetbrains/jdk/hotspot/src/share/vm/classfile/systemDictionary.cpp, line 210]
Event: 2.811 Thread 0x00007f4ff8008000 Exception <a 'java/lang/ClassNotFoundException': settings_c4u6ds6ctp781n8irerdw61s2Customizer> (0x00000000e184ace8) thrown at [/ssd/Android/AOSP-openjdk/external/jetbrains/jdk/hotspot/src/share/vm/classfile/systemDictionary.cpp, line 210]

Events (10 events):
Event: 2.810 loading class org/gradle/initialization/SettingsScriptCustomizer done
Event: 2.810 loading class org/gradle/initialization/SettingsScriptCustomizer
Event: 2.810 loading class org/gradle/initialization/SettingsScriptCustomizer done
Event: 2.811 loading class settings_c4u6ds6ctp781n8irerdw61s2Customizer
Event: 2.811 loading class settings_c4u6ds6ctp781n8irerdw61s2Customizer done
Event: 2.811 loading class settings_c4u6ds6ctp781n8irerdw61s2Customizer
Event: 2.811 loading class settings_c4u6ds6ctp781n8irerdw61s2Customizer done
Event: 2.811 loading class settings_c4u6ds6ctp781n8irerdw61s2Customizer
Event: 2.811 loading class settings_c4u6ds6ctp781n8irerdw61s2Customizer done
Event: 2.820 Executing VM operation: CollectForMetadataAllocation


Dynamic libraries:
00400000-00401000 r-xp 00000000 08:01 2630149                            /usr/local/android-studio/jre/bin/java
00600000-00601000 r--p 00000000 08:01 2630149                            /usr/local/android-studio/jre/bin/java
00601000-00602000 rw-p 00001000 08:01 2630149                            /usr/local/android-studio/jre/bin/java
01453000-01474000 rw-p 00000000 00:00 0                                  [heap]
a0000000-a2980000 rw-p 00000000 00:00 0 
a2980000-e0000000 ---p 00000000 00:00 0 
e0000000-e4300000 rw-p 00000000 00:00 0 
e8d00000-100000000 ---p 00000000 00:00 0 
100000000-1002e0000 rw-p 00000000 00:00 0 
1002e0000-140000000 ---p 00000000 00:00 0 
7f4fe0000000-7f4fe0021000 rw-p 00000000 00:00 0 
7f4fe0021000-7f4fe4000000 ---p 00000000 00:00 0 
7f4fe8000000-7f4fe8021000 rw-p 00000000 00:00 0 
7f4fe8021000-7f4fec000000 ---p 00000000 00:00 0 
7f4fec000000-7f4fec021000 rw-p 00000000 00:00 0 
7f4fec021000-7f4ff0000000 ---p 00000000 00:00 0 
7f4ff0000000-7f4ff0021000 rw-p 00000000 00:00 0 
7f4ff0021000-7f4ff4000000 ---p 00000000 00:00 0 
7f4ff4000000-7f4ff4c8c000 rw-p 00000000 00:00 0 
7f4ff4c8c000-7f4ff8000000 ---p 00000000 00:00 0 
7f4ff8000000-7f4ff8021000 rw-p 00000000 00:00 0 
7f4ff8021000-7f4ffc000000 ---p 00000000 00:00 0 
7f4ffc000000-7f4ffc021000 rw-p 00000000 00:00 0 
7f4ffc021000-7f5000000000 ---p 00000000 00:00 0 
7f5000000000-7f5000021000 rw-p 00000000 00:00 0 
7f5000021000-7f5004000000 ---p 00000000 00:00 0 
7f5004000000-7f5004070000 rw-p 00000000 00:00 0 
7f5004070000-7f5008000000 ---p 00000000 00:00 0 
7f5008000000-7f5008b05000 rw-p 00000000 00:00 0 
7f5008b05000-7f500c000000 ---p 00000000 00:00 0 
7f500c000000-7f500c021000 rw-p 00000000 00:00 0 
7f500c021000-7f5010000000 ---p 00000000 00:00 0 
7f5010000000-7f5011bfb000 rw-p 00000000 00:00 0 
7f5011bfb000-7f5014000000 ---p 00000000 00:00 0 
7f5014000000-7f501583b000 rw-p 00000000 00:00 0 
7f501583b000-7f5018000000 ---p 00000000 00:00 0 
7f5018000000-7f5018021000 rw-p 00000000 00:00 0 
7f5018021000-7f501c000000 ---p 00000000 00:00 0 
7f501c000000-7f501c021000 rw-p 00000000 00:00 0 
7f501c021000-7f5020000000 ---p 00000000 00:00 0 
7f5020bbf000-7f5021064000 rw-p 00000000 00:00 0 
7f5021064000-7f5021078000 ---p 00000000 00:00 0 
7f5021078000-7f5021278000 rw-p 00000000 00:00 0 
7f5021278000-7f50212f1000 r--s 010ed000 08:01 2630159                    /usr/local/android-studio/jre/lib/tools.jar
7f50212f1000-7f50214f1000 rw-p 00000000 00:00 0 
7f50214f1000-7f50214f4000 ---p 00000000 00:00 0 
7f50214f4000-7f50215f2000 rw-p 00000000 00:00 0 
7f50215f2000-7f50215f5000 ---p 00000000 00:00 0 
7f50215f5000-7f50216f3000 rw-p 00000000 00:00 0 
7f50216f3000-7f50216f6000 ---p 00000000 00:00 0 
7f50216f6000-7f50217f4000 rw-p 00000000 00:00 0 
7f50217f4000-7f50217f7000 ---p 00000000 00:00 0 
7f50217f7000-7f50218f5000 rw-p 00000000 00:00 0 
7f50218f5000-7f50218f8000 ---p 00000000 00:00 0 
7f50218f8000-7f5021bf6000 rw-p 00000000 00:00 0 
7f5021bf6000-7f5021bf9000 ---p 00000000 00:00 0 
7f5021bf9000-7f5021cf7000 rw-p 00000000 00:00 0 
7f5021cf7000-7f5021cfa000 ---p 00000000 00:00 0 
7f5021cfa000-7f5021df8000 rw-p 00000000 00:00 0 
7f5021df8000-7f5021dff000 r--s 00000000 08:01 394450                     /usr/lib/x86_64-linux-gnu/gconv/gconv-modules.cache
7f5021dff000-7f5021fff000 rw-p 00000000 00:00 0 
7f5021fff000-7f5022002000 ---p 00000000 00:00 0 
7f5022002000-7f5022100000 rw-p 00000000 00:00 0 
7f5022100000-7f5022109000 r-xp 00000000 08:01 2630245                    /usr/local/android-studio/jre/jre/lib/amd64/libmanagement.so
7f5022109000-7f5022308000 ---p 00009000 08:01 2630245                    /usr/local/android-studio/jre/jre/lib/amd64/libmanagement.so
7f5022308000-7f5022309000 r--p 00008000 08:01 2630245                    /usr/local/android-studio/jre/jre/lib/amd64/libmanagement.so
7f5022309000-7f502230a000 rw-p 00009000 08:01 2630245                    /usr/local/android-studio/jre/jre/lib/amd64/libmanagement.so
7f502230a000-7f502230f000 r--s 00098000 08:01 2630206                    /usr/local/android-studio/jre/jre/lib/jsse.jar
7f502230f000-7f5022311000 r--s 00007000 08:01 1320815                    /home/jk/.gradle/wrapper/dists/gradle-3.3-all/55gk2rcmfc6p2dg9u9ohc3hw9/gradle-3.3/lib/plugins/gradle-tooling-api-builders-3.3.jar
7f5022311000-7f5022314000 r--s 00009000 08:01 1320808                    /home/jk/.gradle/wrapper/dists/gradle-3.3-all/55gk2rcmfc6p2dg9u9ohc3hw9/gradle-3.3/lib/plugins/gradle-testing-native-3.3.jar
7f5022314000-7f502231a000 r--s 00033000 08:01 1320883                    /home/jk/.gradle/wrapper/dists/gradle-3.3-all/55gk2rcmfc6p2dg9u9ohc3hw9/gradle-3.3/lib/plugins/snakeyaml-1.6.jar
7f502231a000-7f502231c000 r--s 00006000 08:01 1320882                    /home/jk/.gradle/wrapper/dists/gradle-3.3-all/55gk2rcmfc6p2dg9u9ohc3hw9/gradle-3.3/lib/plugins/jcommander-1.12.jar
7f502231c000-7f5022321000 r--s 00040000 08:01 1320881                    /home/jk/.gradle/wrapper/dists/gradle-3.3-all/55gk2rcmfc6p2dg9u9ohc3hw9/gradle-3.3/lib/plugins/bsh-2.0b4.jar
7f5022321000-7f5022323000 r--s 00009000 08:01 1320889                    /home/jk/.gradle/wrapper/dists/gradle-3.3-all/55gk2rcmfc6p2dg9u9ohc3hw9/gradle-3.3/lib/plugins/hamcrest-core-1.3.jar
7f5022323000-7f502232c000 r--s 00089000 08:01 1320840                    /home/jk/.gradle/wrapper/dists/gradle-3.3-all/55gk2rcmfc6p2dg9u9ohc3hw9/gradle-3.3/lib/plugins/testng-6.3.1.jar
7f502232c000-7f5022334000 r--s 00045000 08:01 1320839                    /home/jk/.gradle/wrapper/dists/gradle-3.3-all/55gk2rcmfc6p2dg9u9ohc3hw9/gradle-3.3/lib/plugins/junit-4.12.jar
7f5022334000-7f502233a000 r--s 0002e000 08:01 1320809                    /home/jk/.gradle/wrapper/dists/gradle-3.3-all/55gk2rcmfc6p2dg9u9ohc3hw9/gradle-3.3/lib/plugins/gradle-testing-jvm-3.3.jar
7f502233a000-7f502233e000 r--s 00016000 08:01 1320807                    /home/jk/.gradle/wrapper/dists/gradle-3.3-all/55gk2rcmfc6p2dg9u9ohc3hw9/gradle-3.3/lib/plugins/gradle-testing-base-3.3.jar
7f502233e000-7f5022345000 r--s 00038000 08:01 1320834                    /home/jk/.gradle/wrapper/dists/gradle-3.3-all/55gk2rcmfc6p2dg9u9ohc3hw9/gradle-3.3/lib/plugins/bcpg-jdk15on-1.51.jar
7f5022345000-7f5022347000 r--s 0000c000 08:01 1320786                    /home/jk/.gradle/wrapper/dists/gradle-3.3-all/55gk2rcmfc6p2dg9u9ohc3hw9/gradle-3.3/lib/plugins/gradle-signing-3.3.jar
7f5022347000-7f5022349000 r--s 00007000 08:01 1320785                    /home/jk/.gradle/wrapper/dists/gradle-3.3-all/55gk2rcmfc6p2dg9u9ohc3hw9/gradle-3.3/lib/plugins/gradle-scala-3.3.jar
7f5022349000-7f5022359000 r--s 00088000 08:01 1320850                    /home/jk/.gradle/wrapper/dists/gradle-3.3-all/55gk2rcmfc6p2dg9u9ohc3hw9/gradle-3.3/lib/plugins/joda-time-2.8.2.jar
7f5022359000-7f502236a000 r--s 0010d000 08:01 1320849                    /home/jk/.gradle/wrapper/dists/gradle-3.3-all/55gk2rcmfc6p2dg9u9ohc3hw9/gradle-3.3/lib/plugins/jackson-databind-2.6.6.jar
7f502236a000-7f502236d000 r--s 00009000 08:01 1320848                    /home/jk/.gradle/wrapper/dists/gradle-3.3-all/55gk2rcmfc6p2dg9u9ohc3hw9/gradle-3.3/lib/plugins/jackson-annotations-2.6.6.jar
7f502236d000-7f5022371000 r--s 0003c000 08:01 1320847                    /home/jk/.gradle/wrapper/dists/gradle-3.3-all/55gk2rcmfc6p2dg9u9ohc3hw9/gradle-3.3/lib/plugins/jackson-core-2.6.6.jar
7f5022371000-7f502237f000 r--s 00087000 08:01 1320846                    /home/jk/.gradle/wrapper/dists/gradle-3.3-all/55gk2rcmfc6p2dg9u9ohc3hw9/gradle-3.3/lib/plugins/aws-java-sdk-core-1.11.6.jar
7f502237f000-7f5022386000 r--s 00057000 08:01 1320845                    /home/jk/.gradle/wrapper/dists/gradle-3.3-all/55gk2rcmfc6p2dg9u9ohc3hw9/gradle-3.3/lib/plugins/aws-java-sdk-kms-1.11.6.jar
7f5022386000-7f5022393000 r--s 0008e000 08:01 1320844                    /home/jk/.gradle/wrapper/dists/gradle-3.3-all/55gk2rcmfc6p2dg9u9ohc3hw9/gradle-3.3/lib/plugins/aws-java-sdk-s3-1.11.6.jar
7f5022393000-7f5022395000 r--s 00004000 08:01 1320814                    /home/jk/.gradle/wrapper/dists/gradle-3.3-all/55gk2rcmfc6p2dg9u9ohc3hw9/gradle-3.3/lib/plugins/gradle-resources-s3-3.3.jar
7f5022395000-7f5022397000 r--s 00005000 08:01 1320838                    /home/jk/.gradle/wrapper/dists/gradle-3.3-all/55gk2rcmfc6p2dg9u9ohc3hw9/gradle-3.3/lib/plugins/jatl-0.2.2.jar
7f5022397000-7f5022399000 r--s 0000f000 08:01 1320791                    /home/jk/.gradle/wrapper/dists/gradle-3.3-all/55gk2rcmfc6p2dg9u9ohc3hw9/gradle-3.3/lib/plugins/gradle-reporting-3.3.jar
7f5022399000-7f502239b000 r--s 00002000 08:01 1320792                    /home/jk/.gradle/wrapper/dists/gradle-3.3-all/55gk2rcmfc6p2dg9u9ohc3hw9/gradle-3.3/lib/plugins/gradle-publish-3.3.jar
7f502239b000-7f502239d000 r--s 00009000 08:01 1320821                    /home/jk/.gradle/wrapper/dists/gradle-3.3-all/55gk2rcmfc6p2dg9u9ohc3hw9/gradle-3.3/lib/plugins/commons-cli-1.2.jar
7f502239d000-7f50223a3000 r--s 00031000 08:01 1320777                    /home/jk/.gradle/wrapper/dists/gradle-3.3-all/55gk2rcmfc6p2dg9u9ohc3hw9/gradle-3.3/lib/plugins/gradle-plugins-3.3.jar
7f50223a3000-7f50223a5000 r--s 00009000 08:01 1320810                    /home/jk/.gradle/wrapper/dists/gradle-3.3-all/55gk2rcmfc6p2dg9u9ohc3hw9/gradle-3.3/lib/plugins/gradle-plugin-development-3.3.jar
7f50223a5000-7f50223ab000 r--s 0002b000 08:01 1320803                    /home/jk/.gradle/wrapper/dists/gradle-3.3-all/55gk2rcmfc6p2dg9u9ohc3hw9/gradle-3.3/lib/plugins/gradle-platform-play-3.3.jar
7f50223ab000-7f50223b9000 r--s 00055000 08:01 1320802                    /home/jk/.gradle/wrapper/dists/gradle-3.3-all/55gk2rcmfc6p2dg9u9ohc3hw9/gradle-3.3/lib/plugins/gradle-platform-native-3.3.jar
7f50223b9000-7f50223be000 r--s 0001f000 08:01 1320797                    /home/jk/.gradle/wrapper/dists/gradle-3.3-all/55gk2rcmfc6p2dg9u9ohc3hw9/gradle-3.3/lib/plugins/gradle-platform-jvm-3.3.jar
7f50223be000-7f50223c6000 r--s 00027000 08:01 1320796                    /home/jk/.gradle/wrapper/dists/gradle-3.3-all/55gk2rcmfc6p2dg9u9ohc3hw9/gradle-3.3/lib/plugins/gradle-platform-base-3.3.jar
7f50223c6000-7f50223ee000 r--s 0021c000 08:01 1320829                    /home/jk/.gradle/wrapper/dists/gradle-3.3-all/55gk2rcmfc6p2dg9u9ohc3hw9/gradle-3.3/lib/plugins/biz.aQute.bndlib-3.2.0.jar
7f50223ee000-7f50223f0000 r--s 00003000 08:01 1320781                    /home/jk/.gradle/wrapper/dists/gradle-3.3-all/55gk2rcmfc6p2dg9u9ohc3hw9/gradle-3.3/lib/plugins/gradle-osgi-3.3.jar
7f50223f0000-7f5022413000 r--s 00344000 08:01 1320855                    /home/jk/.gradle/wrapper/dists/gradle-3.3-all/55gk2rcmfc6p2dg9u9ohc3hw9/gradle-3.3/lib/plugins/core-3.1.1.jar
7f5022413000-7f5022429000 r-xp 00000000 08:01 3150347                    /lib/x86_64-linux-gnu/libgcc_s.so.1
7f5022429000-7f5022628000 ---p 00016000 08:01 3150347                    /lib/x86_64-linux-gnu/libgcc_s.so.1
7f5022628000-7f5022629000 rw-p 00015000 08:01 3150347                    /lib/x86_64-linux-gnu/libgcc_s.so.1
7f5022629000-7f502279b000 r-xp 00000000 08:01 264126                     /usr/lib/x86_64-linux-gnu/libstdc++.so.6.0.21
7f502279b000-7f502299b000 ---p 00172000 08:01 264126                     /usr/lib/x86_64-linux-gnu/libstdc++.so.6.0.21
7f502299b000-7f50229a5000 r--p 00172000 08:01 264126                     /usr/lib/x86_64-linux-gnu/libstdc++.so.6.0.21
7f50229a5000-7f50229a7000 rw-p 0017c000 08:01 264126                     /usr/lib/x86_64-linux-gnu/libstdc++.so.6.0.21
7f50229a7000-7f50229ab000 rw-p 00000000 00:00 0 
7f50229ab000-7f50229b0000 r-xp 00000000 08:01 1321121                    /home/jk/.gradle/native/23/linux-amd64/libnative-platform.so
7f50229b0000-7f5022baf000 ---p 00005000 08:01 1321121                    /home/jk/.gradle/native/23/linux-amd64/libnative-platform.so
7f5022baf000-7f5022bb0000 rw-p 00004000 08:01 1321121                    /home/jk/.gradle/native/23/linux-amd64/libnative-platform.so
7f5022bb0000-7f5024000000 r--p 00000000 08:01 263949                     /usr/lib/locale/locale-archive
7f5024000000-7f502427d000 rw-p 00000000 00:00 0 
7f502427d000-7f5028000000 ---p 00000000 00:00 0 
7f5028000000-7f5028021000 rw-p 00000000 00:00 0 
7f5028021000-7f502c000000 ---p 00000000 00:00 0 
7f502c000000-7f502c021000 rw-p 00000000 00:00 0 
7f502c021000-7f5030000000 ---p 00000000 00:00 0 
7f5030000000-7f5030021000 rw-p 00000000 00:00 0 
7f5030021000-7f5034000000 ---p 00000000 00:00 0 
7f5034000000-7f5034021000 rw-p 00000000 00:00 0 
7f5034021000-7f5038000000 ---p 00000000 00:00 0 
7f5038000000-7f5038001000 r--s 00004000 08:01 1320813                    /home/jk/.gradle/wrapper/dists/gradle-3.3-all/55gk2rcmfc6p2dg9u9ohc3hw9/gradle-3.3/lib/plugins/gradle-resources-sftp-3.3.jar
7f5038001000-7f5038004000 r--s 0000c000 08:01 1320832                    /home/jk/.gradle/wrapper/dists/gradle-3.3-all/55gk2rcmfc6p2dg9u9ohc3hw9/gradle-3.3/lib/plugins/pmaven-groovy-0.8-20100325.jar
7f5038004000-7f5038005000 r--s 00004000 08:01 1320831                    /home/jk/.gradle/wrapper/dists/gradle-3.3-all/55gk2rcmfc6p2dg9u9ohc3hw9/gradle-3.3/lib/plugins/pmaven-common-0.8-20100325.jar
7f5038005000-7f503800b000 r--s 00023000 08:01 1320782                    /home/jk/.gradle/wrapper/dists/gradle-3.3-all/55gk2rcmfc6p2dg9u9ohc3hw9/gradle-3.3/lib/plugins/gradle-maven-3.3.jar
7f503800b000-7f503800e000 r--s 0000b000 08:01 1320801                    /home/jk/.gradle/wrapper/dists/gradle-3.3-all/55gk2rcmfc6p2dg9u9ohc3hw9/gradle-3.3/lib/plugins/gradle-language-scala-3.3.jar
7f503800e000-7f5038014000 r--s 0001a000 08:01 1320805                    /home/jk/.gradle/wrapper/dists/gradle-3.3-all/55gk2rcmfc6p2dg9u9ohc3hw9/gradle-3.3/lib/plugins/gradle-language-native-3.3.jar
7f5038014000-7f5038017000 r--s 00005000 08:01 1320798                    /home/jk/.gradle/wrapper/dists/gradle-3.3-all/55gk2rcmfc6p2dg9u9ohc3hw9/gradle-3.3/lib/plugins/gradle-language-jvm-3.3.jar
7f5038017000-7f503801d000 r--s 00027000 08:01 1320799                    /home/jk/.gradle/wrapper/dists/gradle-3.3-all/55gk2rcmfc6p2dg9u9ohc3hw9/gradle-3.3/lib/plugins/gradle-language-java-3.3.jar
7f503801d000-7f503801f000 r--s 0000a000 08:01 1320800                    /home/jk/.gradle/wrapper/dists/gradle-3.3-all/55gk2rcmfc6p2dg9u9ohc3hw9/gradle-3.3/lib/plugins/gradle-language-groovy-3.3.jar
7f503801f000-7f5038022000 r--s 0001e000 08:01 1320856                    /home/jk/.gradle/wrapper/dists/gradle-3.3-all/55gk2rcmfc6p2dg9u9ohc3hw9/gradle-3.3/lib/plugins/jsp-api-2.1-6.1.14.jar
7f5038022000-7f5038023000 r--s 00006000 08:01 1320854                    /home/jk/.gradle/wrapper/dists/gradle-3.3-all/55gk2rcmfc6p2dg9u9ohc3hw9/gradle-3.3/lib/plugins/jetty-naming-6.1.26.jar
7f5038023000-7f5038024000 r--s 00002000 08:01 1320828                    /home/jk/.gradle/wrapper/dists/gradle-3.3-all/55gk2rcmfc6p2dg9u9ohc3hw9/gradle-3.3/lib/plugins/geronimo-annotation_1.0_spec-1.0.jar
7f5038024000-7f5038026000 r--s 00002000 08:01 1320827                    /home/jk/.gradle/wrapper/dists/gradle-3.3-all/55gk2rcmfc6p2dg9u9ohc3hw9/gradle-3.3/lib/plugins/jetty-annotations-6.1.26.jar
7f5038026000-7f5038037000 r--s 000ea000 08:01 1320826                    /home/jk/.gradle/wrapper/dists/gradle-3.3-all/55gk2rcmfc6p2dg9u9ohc3hw9/gradle-3.3/lib/plugins/jsp-2.1-6.1.14.jar
7f5038037000-7f5038039000 r--s 0000d000 08:01 1320825                    /home/jk/.gradle/wrapper/dists/gradle-3.3-all/55gk2rcmfc6p2dg9u9ohc3hw9/gradle-3.3/lib/plugins/jetty-plus-6.1.26.jar
7f5038039000-7f503803b000 r--s 0001f000 08:01 1320824                    /home/jk/.gradle/wrapper/dists/gradle-3.3-all/55gk2rcmfc6p2dg9u9ohc3hw9/gradle-3.3/lib/plugins/servlet-api-2.5-20081211.jar
7f503803b000-7f503803f000 r--s 00028000 08:01 1320823                    /home/jk/.gradle/wrapper/dists/gradle-3.3-all/55gk2rcmfc6p2dg9u9ohc3hw9/gradle-3.3/lib/plugins/jetty-util-6.1.26.jar
7f503803f000-7f5038046000 r--s 0007d000 08:01 1320822                    /home/jk/.gradle/wrapper/dists/gradle-3.3-all/55gk2rcmfc6p2dg9u9ohc3hw9/gradle-3.3/lib/plugins/jetty-6.1.26.jar
7f5038046000-7f5038048000 r--s 0000a000 08:01 1320779                    /home/jk/.gradle/wrapper/dists/gradle-3.3-all/55gk2rcmfc6p2dg9u9ohc3hw9/gradle-3.3/lib/plugins/gradle-jetty-3.3.jar
7f5038048000-7f503804f000 r--s 00035000 08:01 1320837                    /home/jk/.gradle/wrapper/dists/gradle-3.3-all/55gk2rcmfc6p2dg9u9ohc3hw9/gradle-3.3/lib/plugins/simple-4.1.21.jar
7f503804f000-7f503805b000 r--s 00100000 08:01 1320835                    /home/jk/.gradle/wrapper/dists/gradle-3.3-all/55gk2rcmfc6p2dg9u9ohc3hw9/gradle-3.3/lib/plugins/rhino-1.7R3.jar
7f503805b000-7f503805f000 r--s 00012000 08:01 1320788                    /home/jk/.gradle/wrapper/dists/gradle-3.3-all/55gk2rcmfc6p2dg9u9ohc3hw9/gradle-3.3/lib/plugins/gradle-javascript-3.3.jar
7f503805f000-7f5038061000 r--s 0000d000 08:01 1320794                    /home/jk/.gradle/wrapper/dists/gradle-3.3-all/55gk2rcmfc6p2dg9u9ohc3hw9/gradle-3.3/lib/plugins/gradle-jacoco-3.3.jar
7f5038061000-7f5038064000 r--s 0000e000 08:01 1320793                    /home/jk/.gradle/wrapper/dists/gradle-3.3-all/55gk2rcmfc6p2dg9u9ohc3hw9/gradle-3.3/lib/plugins/gradle-ivy-3.3.jar
7f5038064000-7f5038065000 r--s 00002000 08:01 1320804                    /home/jk/.gradle/wrapper/dists/gradle-3.3-all/55gk2rcmfc6p2dg9u9ohc3hw9/gradle-3.3/lib/plugins/gradle-ide-play-3.3.jar
7f5038065000-7f5038068000 r--s 00013000 08:01 1320806                    /home/jk/.gradle/wrapper/dists/gradle-3.3-all/55gk2rcmfc6p2dg9u9ohc3hw9/gradle-3.3/lib/plugins/gradle-ide-native-3.3.jar
7f5038068000-7f5038071000 r--s 00055000 08:01 1320783                    /home/jk/.gradle/wrapper/dists/gradle-3.3-all/55gk2rcmfc6p2dg9u9ohc3hw9/gradle-3.3/lib/plugins/gradle-ide-3.3.jar
7f5038071000-7f5038073000 r--s 00007000 08:01 1320787                    /home/jk/.gradle/wrapper/dists/gradle-3.3-all/55gk2rcmfc6p2dg9u9ohc3hw9/gradle-3.3/lib/plugins/gradle-ear-3.3.jar
7f5038073000-7f5038079000 r--s 00039000 08:01 1320790                    /home/jk/.gradle/wrapper/dists/gradle-3.3-all/55gk2rcmfc6p2dg9u9ohc3hw9/gradle-3.3/lib/plugins/gradle-diagnostics-3.3.jar
7f5038079000-7f503807a000 r--s 00009000 08:01 1320816                    /home/jk/.gradle/wrapper/dists/gradle-3.3-all/55gk2rcmfc6p2dg9u9ohc3hw9/gradle-3.3/lib/plugins/gradle-composite-builds-3.3.jar
7f503807a000-7f503807e000 r--s 00023000 08:01 1320778                    /home/jk/.gradle/wrapper/dists/gradle-3.3-all/55gk2rcmfc6p2dg9u9ohc3hw9/gradle-3.3/lib/plugins/gradle-code-quality-3.3.jar
7f503807e000-7f5038082000 r--s 00022000 08:01 1320795                    /home/jk/.gradle/wrapper/dists/gradle-3.3-all/55gk2rcmfc6p2dg9u9ohc3hw9/gradle-3.3/lib/plugins/gradle-build-init-3.3.jar
7f5038082000-7f5038088000 r--s 0008e000 08:01 1320789                    /home/jk/.gradle/wrapper/dists/gradle-3.3-all/55gk2rcmfc6p2dg9u9ohc3hw9/gradle-3.3/lib/plugins/gradle-build-comparison-3.3.jar
7f5038088000-7f5038089000 r--s 00001000 08:01 1320817                    /home/jk/.gradle/wrapper/dists/gradle-3.3-all/55gk2rcmfc6p2dg9u9ohc3hw9/gradle-3.3/lib/plugins/gradle-build-cache-http-3.3.jar
7f5038089000-7f503808b000 r--s 00008000 08:01 1320780                    /home/jk/.gradle/wrapper/dists/gradle-3.3-all/55gk2rcmfc6p2dg9u9ohc3hw9/gradle-3.3/lib/plugins/gradle-antlr-3.3.jar
7f503808b000-7f503808d000 r--s 00004000 08:01 1320784                    /home/jk/.gradle/wrapper/dists/gradle-3.3-all/55gk2rcmfc6p2dg9u9ohc3hw9/gradle-3.3/lib/plugins/gradle-announce-3.3.jar
7f503808d000-7f50380a5000 r--s 00115000 08:01 1320886                    /home/jk/.gradle/wrapper/dists/gradle-3.3-all/55gk2rcmfc6p2dg9u9ohc3hw9/gradle-3.3/lib/plugins/xercesImpl-2.9.1.jar
7f50380a5000-7f50380ad000 r--s 00028000 08:01 1320887                    /home/jk/.gradle/wrapper/dists/gradle-3.3-all/55gk2rcmfc6p2dg9u9ohc3hw9/gradle-3.3/lib/plugins/xml-apis-1.3.04.jar
7f50380ad000-7f50380b3000 r--s 0005b000 08:01 1320885                    /home/jk/.gradle/wrapper/dists/gradle-3.3-all/55gk2rcmfc6p2dg9u9ohc3hw9/gradle-3.3/lib/plugins/jcifs-1.3.17.jar
7f50380b3000-7f50380b9000 r--s 00033000 08:01 1320833                    /home/jk/.gradle/wrapper/dists/gradle-3.3-all/55gk2rcmfc6p2dg9u9ohc3hw9/gradle-3.3/lib/plugins/commons-codec-1.6.jar
7f50380b9000-7f50380c0000 r--s 00049000 08:01 1320884                    /home/jk/.gradle/wrapper/dists/gradle-3.3-all/55gk2rcmfc6p2dg9u9ohc3hw9/gradle-3.3/lib/plugins/httpcore-4.4.4.jar
7f50380c0000-7f50380c3000 r--s 0001c000 08:01 1320842                    /home/jk/.gradle/wrapper/dists/gradle-3.3-all/55gk2rcmfc6p2dg9u9ohc3hw9/gradle-3.3/lib/plugins/nekohtml-1.9.14.jar
7f50380c3000-7f50380d0000 r--s 000a4000 08:01 1320841                    /home/jk/.gradle/wrapper/dists/gradle-3.3-all/55gk2rcmfc6p2dg9u9ohc3hw9/gradle-3.3/lib/plugins/httpclient-4.4.1.jar
7f50380d0000-7f50380d3000 r--s 0000a000 08:01 1320812                    /home/jk/.gradle/wrapper/dists/gradle-3.3-all/55gk2rcmfc6p2dg9u9ohc3hw9/gradle-3.3/lib/plugins/gradle-resources-http-3.3.jar
7f50380d3000-7f50380d7000 r--s 00015000 08:01 1320811                    /home/jk/.gradle/wrapper/dists/gradle-3.3-all/55gk2rcmfc6p2dg9u9ohc3hw9/gradle-3.3/lib/plugins/gradle-plugin-use-3.3.jar
7f50380d7000-7f50380d8000 r--s 00000000 08:01 1320723                    /home/jk/.gradle/wrapper/dists/gradle-3.3-all/55gk2rcmfc6p2dg9u9ohc3hw9/gradle-3.3/lib/gradle-installation-beacon-3.3.jar
7f50380d8000-7f50380da000 r--s 00006000 08:01 1320880                    /home/jk/.gradle/wrapper/dists/gradle-3.3-all/55gk2rcmfc6p2dg9u9ohc3hw9/gradle-3.3/lib/plugins/aether-connector-wagon-1.13.1.jar
7f50380da000-7f50380de000 r--s 0001c000 08:01 1320879                    /home/jk/.gradle/wrapper/dists/gradle-3.3-all/55gk2rcmfc6p2dg9u9ohc3hw9/gradle-3.3/lib/plugins/aether-util-1.13.1.jar
7f50380de000-7f50380df000 r--s 00003000 08:01 1320878                    /home/jk/.gradle/wrapper/dists/gradle-3.3-all/55gk2rcmfc6p2dg9u9ohc3hw9/gradle-3.3/lib/plugins/aether-spi-1.13.1.jar
7f50380df000-7f50380e2000 r--s 0001d000 08:01 1320877                    /home/jk/.gradle/wrapper/dists/gradle-3.3-all/55gk2rcmfc6p2dg9u9ohc3hw9/gradle-3.3/lib/plugins/aether-impl-1.13.1.jar
7f50380e2000-7f50380e5000 r--s 00013000 08:01 1320876                    /home/jk/.gradle/wrapper/dists/gradle-3.3-all/55gk2rcmfc6p2dg9u9ohc3hw9/gradle-3.3/lib/plugins/aether-api-1.13.1.jar
7f50380e5000-7f50380e6000 r--s 00007000 08:01 1320875                    /home/jk/.gradle/wrapper/dists/gradle-3.3-all/55gk2rcmfc6p2dg9u9ohc3hw9/gradle-3.3/lib/plugins/wagon-http-shared4-2.4.jar
7f50380e6000-7f50380e8000 r--s 0000b000 08:01 1320874                    /home/jk/.gradle/wrapper/dists/gradle-3.3-all/55gk2rcmfc6p2dg9u9ohc3hw9/gradle-3.3/lib/plugins/wagon-provider-api-2.4.jar
7f50380e8000-7f50380e9000 r--s 00002000 08:01 1320873                    /home/jk/.gradle/wrapper/dists/gradle-3.3-all/55gk2rcmfc6p2dg9u9ohc3hw9/gradle-3.3/lib/plugins/wagon-http-2.4.jar
7f50380e9000-7f50380ea000 r--s 00002000 08:01 1320872                    /home/jk/.gradle/wrapper/dists/gradle-3.3-all/55gk2rcmfc6p2dg9u9ohc3hw9/gradle-3.3/lib/plugins/wagon-file-2.4.jar
7f50380ea000-7f50380ec000 r--s 0000c000 08:01 1320871                    /home/jk/.gradle/wrapper/dists/gradle-3.3-all/55gk2rcmfc6p2dg9u9ohc3hw9/gradle-3.3/lib/plugins/maven-aether-provider-3.0.4.jar
7f50380ec000-7f50380ee000 r--s 0000b000 08:01 1320870                    /home/jk/.gradle/wrapper/dists/gradle-3.3-all/55gk2rcmfc6p2dg9u9ohc3hw9/gradle-3.3/lib/plugins/maven-plugin-api-3.0.4.jar
7f50380ee000-7f50380f0000 r--s 00006000 08:01 1320869                    /home/jk/.gradle/wrapper/dists/gradle-3.3-all/55gk2rcmfc6p2dg9u9ohc3hw9/gradle-3.3/lib/plugins/maven-repository-metadata-3.0.4.jar
7f50380f0000-7f50380f2000 r--s 0000b000 08:01 1320868                    /home/jk/.gradle/wrapper/dists/gradle-3.3-all/55gk2rcmfc6p2dg9u9ohc3hw9/gradle-3.3/lib/plugins/maven-artifact-3.0.4.jar
7f50380f2000-7f50380f4000 r--s 00026000 08:01 1320867                    /home/jk/.gradle/wrapper/dists/gradle-3.3-all/55gk2rcmfc6p2dg9u9ohc3hw9/gradle-3.3/lib/plugins/maven-model-3.0.4.jar
7f50380f4000-7f50380f8000 r--s 00021000 08:01 1320866                    /home/jk/.gradle/wrapper/dists/gradle-3.3-all/55gk2rcmfc6p2dg9u9ohc3hw9/gradle-3.3/lib/plugins/maven-model-builder-3.0.4.jar
7f50380f8000-7f50380fe000 r--s 0003f000 08:01 1320865                    /home/jk/.gradle/wrapper/dists/gradle-3.3-all/55gk2rcmfc6p2dg9u9ohc3hw9/gradle-3.3/lib/plugins/maven-compat-3.0.4.jar
7f50380fe000-7f50380ff000 r--s 00006000 08:01 1320864                    /home/jk/.gradle/wrapper/dists/gradle-3.3-all/55gk2rcmfc6p2dg9u9ohc3hw9/gradle-3.3/lib/plugins/plexus-sec-dispatcher-1.3.jar
7f50380ff000-7f5038101000 r--s 00002000 08:01 1320863                    /home/jk/.gradle/wrapper/dists/gradle-3.3-all/55gk2rcmfc6p2dg9u9ohc3hw9/gradle-3.3/lib/plugins/plexus-cipher-1.7.jar
7f5038101000-7f5038103000 r--s 0000a000 08:01 1320862                    /home/jk/.gradle/wrapper/dists/gradle-3.3-all/55gk2rcmfc6p2dg9u9ohc3hw9/gradle-3.3/lib/plugins/plexus-classworlds-2.4.jar
7f5038103000-7f503810a000 r--s 0002e000 08:01 1320861                    /home/jk/.gradle/wrapper/dists/gradle-3.3-all/55gk2rcmfc6p2dg9u9ohc3hw9/gradle-3.3/lib/plugins/plexus-container-default-1.5.5.jar
7f503810a000-7f503810c000 r--s 00000000 08:01 1320888                    /home/jk/.gradle/wrapper/dists/gradle-3.3-all/55gk2rcmfc6p2dg9u9ohc3hw9/gradle-3.3/lib/plugins/plexus-component-annotations-1.5.5.jar
7f503810c000-7f503810e000 r--s 0000d000 08:01 1320860                    /home/jk/.gradle/wrapper/dists/gradle-3.3-all/55gk2rcmfc6p2dg9u9ohc3hw9/gradle-3.3/lib/plugins/plexus-interpolation-1.14.jar
7f503810e000-7f5038112000 r--s 00033000 08:01 1320859                    /home/jk/.gradle/wrapper/dists/gradle-3.3-all/55gk2rcmfc6p2dg9u9ohc3hw9/gradle-3.3/lib/plugins/plexus-utils-2.0.6.jar
7f5038112000-7f5038115000 r--s 00008000 08:01 1320858                    /home/jk/.gradle/wrapper/dists/gradle-3.3-all/55gk2rcmfc6p2dg9u9ohc3hw9/gradle-3.3/lib/plugins/maven-settings-builder-3.0.4.jar
7f5038115000-7f5038117000 r--s 0000a000 08:01 1320857                    /home/jk/.gradle/wrapper/dists/gradle-3.3-all/55gk2rcmfc6p2dg9u9ohc3hw9/gradle-3.3/lib/plugins/maven-settings-3.0.4.jar
7f5038117000-7f503811c000 r--s 00040000 08:01 1320843                    /home/jk/.gradle/wrapper/dists/gradle-3.3-all/55gk2rcmfc6p2dg9u9ohc3hw9/gradle-3.3/lib/plugins/jsch-0.1.53.jar
7f503811c000-7f503815c000 r--s 00277000 08:01 1320853                    /home/jk/.gradle/wrapper/dists/gradle-3.3-all/55gk2rcmfc6p2dg9u9ohc3hw9/gradle-3.3/lib/plugins/bcprov-jdk15on-1.51.jar
7f503815c000-7f5038160000 r--s 0001d000 08:01 1320852                    /home/jk/.gradle/wrapper/dists/gradle-3.3-all/55gk2rcmfc6p2dg9u9ohc3hw9/gradle-3.3/lib/plugins/xbean-reflect-3.4.jar
7f5038160000-7f503816c000 r--s 0007d000 08:01 1320830                    /home/jk/.gradle/wrapper/dists/gradle-3.3-all/55gk2rcmfc6p2dg9u9ohc3hw9/gradle-3.3/lib/plugins/maven-core-3.0.4.jar
7f503816c000-7f5038171000 r--s 00034000 08:01 1320836                    /home/jk/.gradle/wrapper/dists/gradle-3.3-all/55gk2rcmfc6p2dg9u9ohc3hw9/gradle-3.3/lib/plugins/gson-2.7.jar
7f5038171000-7f5038180000 r--s 000d9000 08:01 1320851                    /home/jk/.gradle/wrapper/dists/gradle-3.3-all/55gk2rcmfc6p2dg9u9ohc3hw9/gradle-3.3/lib/plugins/ivy-2.2.0.jar
7f5038180000-7f503819f000 r--s 000f6000 08:01 1320819                    /home/jk/.gradle/wrapper/dists/gradle-3.3-all/55gk2rcmfc6p2dg9u9ohc3hw9/gradle-3.3/lib/plugins/gradle-dependency-management-3.3.jar
7f503819f000-7f50381a1000 r--s 00005000 08:01 1320818                    /home/jk/.gradle/wrapper/dists/gradle-3.3-all/55gk2rcmfc6p2dg9u9ohc3hw9/gradle-3.3/lib/plugins/gradle-workers-3.3.jar
7f50381a1000-7f50381b2000 r-xp 00000000 08:01 2630242                    /usr/local/android-studio/jre/jre/lib/amd64/libnio.so
7f50381b2000-7f50383b1000 ---p 00011000 08:01 2630242                    /usr/local/android-studio/jre/jre/lib/amd64/libnio.so
7f50383b1000-7f50383b2000 r--p 00010000 08:01 2630242                    /usr/local/android-studio/jre/jre/lib/amd64/libnio.so
7f50383b2000-7f50383b3000 rw-p 00011000 08:01 2630242                    /usr/local/android-studio/jre/jre/lib/amd64/libnio.so
7f50383b3000-7f50386b4000 rw-p 00000000 00:00 0 
7f50386b4000-7f50386cb000 r-xp 00000000 08:01 2630241                    /usr/local/android-studio/jre/jre/lib/amd64/libnet.so
7f50386cb000-7f50388ca000 ---p 00017000 08:01 2630241                    /usr/local/android-studio/jre/jre/lib/amd64/libnet.so
7f50388ca000-7f50388cb000 r--p 00016000 08:01 2630241                    /usr/local/android-studio/jre/jre/lib/amd64/libnet.so
7f50388cb000-7f50388cc000 rw-p 00017000 08:01 2630241                    /usr/local/android-studio/jre/jre/lib/amd64/libnet.so
7f50388cc000-7f50388cd000 r--s 00006000 08:01 1320722                    /home/jk/.gradle/wrapper/dists/gradle-3.3-all/55gk2rcmfc6p2dg9u9ohc3hw9/gradle-3.3/lib/gradle-wrapper-3.3.jar
7f50388cd000-7f50388da000 r--s 00041000 08:01 1320729                    /home/jk/.gradle/wrapper/dists/gradle-3.3-all/55gk2rcmfc6p2dg9u9ohc3hw9/gradle-3.3/lib/gradle-tooling-api-3.3.jar
7f50388da000-7f50388dc000 r--s 00002000 08:01 1320749                    /home/jk/.gradle/wrapper/dists/gradle-3.3-all/55gk2rcmfc6p2dg9u9ohc3hw9/gradle-3.3/lib/gradle-open-api-3.3.jar
7f50388dc000-7f50388e2000 r--s 00032000 08:01 1320751                    /home/jk/.gradle/wrapper/dists/gradle-3.3-all/55gk2rcmfc6p2dg9u9ohc3hw9/gradle-3.3/lib/jaxen-1.1.jar
7f50388e2000-7f50388e7000 r--s 00048000 08:01 1320750                    /home/jk/.gradle/wrapper/dists/gradle-3.3-all/55gk2rcmfc6p2dg9u9ohc3hw9/gradle-3.3/lib/dom4j-1.6.1.jar
7f50388e7000-7f50388f2000 r--s 00059000 08:01 1320728                    /home/jk/.gradle/wrapper/dists/gradle-3.3-all/55gk2rcmfc6p2dg9u9ohc3hw9/gradle-3.3/lib/gradle-ui-3.3.jar
7f50388f2000-7f50388fb000 r--s 0008c000 08:01 1320720                    /home/jk/.gradle/wrapper/dists/gradle-3.3-all/55gk2rcmfc6p2dg9u9ohc3hw9/gradle-3.3/lib/kotlin-stdlib-1.1-M02.jar
7f50388fb000-7f5038901000 r--s 0002a000 08:01 1320719                    /home/jk/.gradle/wrapper/dists/gradle-3.3-all/55gk2rcmfc6p2dg9u9ohc3hw9/gradle-3.3/lib/kotlin-runtime-1.1-M02.jar
7f5038901000-7f5038935000 r--s 00256000 08:01 1320718                    /home/jk/.gradle/wrapper/dists/gradle-3.3-all/55gk2rcmfc6p2dg9u9ohc3hw9/gradle-3.3/lib/kotlin-reflect-1.1-M02.jar
7f5038935000-7f5038acb000 r--s 0157e000 08:01 1320717                    /home/jk/.gradle/wrapper/dists/gradle-3.3-all/55gk2rcmfc6p2dg9u9ohc3hw9/gradle-3.3/lib/kotlin-compiler-embeddable-1.1-M02.jar
7f5038acb000-7f5038ad3000 r--s 0004e000 08:01 1320716                    /home/jk/.gradle/wrapper/dists/gradle-3.3-all/55gk2rcmfc6p2dg9u9ohc3hw9/gradle-3.3/lib/gradle-script-kotlin-0.5.1.jar
7f5038ad3000-7f5038ad6000 r--s 0000b000 08:01 1320747                    /home/jk/.gradle/wrapper/dists/gradle-3.3-all/55gk2rcmfc6p2dg9u9ohc3hw9/gradle-3.3/lib/gradle-resources-3.3.jar
7f5038ad6000-7f5038ad8000 r--s 00003000 08:01 1320756                    /home/jk/.gradle/wrapper/dists/gradle-3.3-all/55gk2rcmfc6p2dg9u9ohc3hw9/gradle-3.3/lib/jcl-over-slf4j-1.7.10.jar
7f5038ad8000-7f5038ad9000 r--s 00005000 08:01 1320755                    /home/jk/.gradle/wrapper/dists/gradle-3.3-all/55gk2rcmfc6p2dg9u9ohc3hw9/gradle-3.3/lib/log4j-over-slf4j-1.7.10.jar
7f5038ad9000-7f5038adb000 r--s 00000000 08:01 1320754                    /home/jk/.gradle/wrapper/dists/gradle-3.3-all/55gk2rcmfc6p2dg9u9ohc3hw9/gradle-3.3/lib/jul-to-slf4j-1.7.10.jar
7f5038adb000-7f5038ae0000 r--s 0001e000 08:01 1320731                    /home/jk/.gradle/wrapper/dists/gradle-3.3-all/55gk2rcmfc6p2dg9u9ohc3hw9/gradle-3.3/lib/gradle-logging-3.3.jar
7f5038ae0000-7f5038ae2000 r--s 00007000 08:01 1320775                    /home/jk/.gradle/wrapper/dists/gradle-3.3-all/55gk2rcmfc6p2dg9u9ohc3hw9/gradle-3.3/lib/objenesis-1.2.jar
7f5038ae2000-7f5038ae4000 r--s 00000000 08:01 1320774                    /home/jk/.gradle/wrapper/dists/gradle-3.3-all/55gk2rcmfc6p2dg9u9ohc3hw9/gradle-3.3/lib/minlog-1.2.jar
7f5038ae4000-7f5038ae6000 r--s 0000f000 08:01 1320773                    /home/jk/.gradle/wrapper/dists/gradle-3.3-all/55gk2rcmfc6p2dg9u9ohc3hw9/gradle-3.3/lib/reflectasm-1.07-shaded.jar
7f5038ae6000-7f5038aea000 r--s 00026000 08:01 1320758                    /home/jk/.gradle/wrapper/dists/gradle-3.3-all/55gk2rcmfc6p2dg9u9ohc3hw9/gradle-3.3/lib/kryo-2.20.jar
7f5038aea000-7f5038af0000 r--s 00027000 08:01 1320746                    /home/jk/.gradle/wrapper/dists/gradle-3.3-all/55gk2rcmfc6p2dg9u9ohc3hw9/gradle-3.3/lib/gradle-messaging-3.3.jar
7f5038af0000-7f5038af1000 r--s 00001000 08:01 1320772                    /home/jk/.gradle/wrapper/dists/gradle-3.3-all/55gk2rcmfc6p2dg9u9ohc3hw9/gradle-3.3/lib/native-platform-linux-i386-ncurses6-0.12.jar
7f5038af1000-7f5038af2000 r--s 00001000 08:01 1320771                    /home/jk/.gradle/wrapper/dists/gradle-3.3-all/55gk2rcmfc6p2dg9u9ohc3hw9/gradle-3.3/lib/native-platform-linux-i386-ncurses5-0.12.jar
7f5038af2000-7f5038af3000 r--s 00001000 08:01 1320770                    /home/jk/.gradle/wrapper/dists/gradle-3.3-all/55gk2rcmfc6p2dg9u9ohc3hw9/gradle-3.3/lib/native-platform-linux-amd64-ncurses6-0.12.jar
7f5038af3000-7f5038af4000 r--s 00001000 08:01 1320769                    /home/jk/.gradle/wrapper/dists/gradle-3.3-all/55gk2rcmfc6p2dg9u9ohc3hw9/gradle-3.3/lib/native-platform-linux-amd64-ncurses5-0.12.jar
7f5038af4000-7f5038af5000 r--s 0000b000 08:01 1320768                    /home/jk/.gradle/wrapper/dists/gradle-3.3-all/55gk2rcmfc6p2dg9u9ohc3hw9/gradle-3.3/lib/native-platform-windows-i386-0.12.jar
7f5038af5000-7f5038af7000 r--s 0000b000 08:01 1320767                    /home/jk/.gradle/wrapper/dists/gradle-3.3-all/55gk2rcmfc6p2dg9u9ohc3hw9/gradle-3.3/lib/native-platform-windows-amd64-0.12.jar
7f5038af7000-7f5038af9000 r--s 00002000 08:01 1320766                    /home/jk/.gradle/wrapper/dists/gradle-3.3-all/55gk2rcmfc6p2dg9u9ohc3hw9/gradle-3.3/lib/native-platform-osx-i386-0.12.jar
7f5038af9000-7f5038afa000 r--s 00002000 08:01 1320765                    /home/jk/.gradle/wrapper/dists/gradle-3.3-all/55gk2rcmfc6p2dg9u9ohc3hw9/gradle-3.3/lib/native-platform-osx-amd64-0.12.jar
7f5038afa000-7f5038afb000 r--s 00002000 08:01 1320764                    /home/jk/.gradle/wrapper/dists/gradle-3.3-all/55gk2rcmfc6p2dg9u9ohc3hw9/gradle-3.3/lib/native-platform-linux-i386-0.12.jar
7f5038afb000-7f5038afc000 ---p 00000000 00:00 0 
7f5038afc000-7f5038bfc000 rw-p 00000000 00:00 0 
7f5038bfc000-7f5038bff000 ---p 00000000 00:00 0 
7f5038bff000-7f5038cfd000 rw-p 00000000 00:00 0 
7f5038cfd000-7f5038d00000 ---p 00000000 00:00 0 
7f5038d00000-7f5038dfe000 rw-p 00000000 00:00 0 
7f5038dfe000-7f5038e01000 ---p 00000000 00:00 0 
7f5038e01000-7f5038eff000 rw-p 00000000 00:00 0 
7f5038eff000-7f5038f02000 ---p 00000000 00:00 0 
7f5038f02000-7f503c000000 rw-p 00000000 00:00 0 
7f503c000000-7f503c021000 rw-p 00000000 00:00 0 
7f503c021000-7f5040000000 ---p 00000000 00:00 0 
7f5040000000-7f5040001000 r--s 00002000 08:01 1320763                    /home/jk/.gradle/wrapper/dists/gradle-3.3-all/55gk2rcmfc6p2dg9u9ohc3hw9/gradle-3.3/lib/native-platform-linux-amd64-0.12.jar
7f5040001000-7f5040002000 r--s 00003000 08:01 1320762                    /home/jk/.gradle/wrapper/dists/gradle-3.3-all/55gk2rcmfc6p2dg9u9ohc3hw9/gradle-3.3/lib/native-platform-freebsd-i386-libstdcpp-0.12.jar
7f5040002000-7f5040003000 r--s 00004000 08:01 1320761                    /home/jk/.gradle/wrapper/dists/gradle-3.3-all/55gk2rcmfc6p2dg9u9ohc3hw9/gradle-3.3/lib/native-platform-freebsd-i386-libcpp-0.12.jar
7f5040003000-7f5040005000 r--s 00003000 08:01 1320760                    /home/jk/.gradle/wrapper/dists/gradle-3.3-all/55gk2rcmfc6p2dg9u9ohc3hw9/gradle-3.3/lib/native-platform-freebsd-amd64-libstdcpp-0.12.jar
7f5040005000-7f5040006000 r--s 00004000 08:01 1320759                    /home/jk/.gradle/wrapper/dists/gradle-3.3-all/55gk2rcmfc6p2dg9u9ohc3hw9/gradle-3.3/lib/native-platform-freebsd-amd64-libcpp-0.12.jar
7f5040006000-7f5040009000 r--s 00023000 08:01 1320753                    /home/jk/.gradle/wrapper/dists/gradle-3.3-all/55gk2rcmfc6p2dg9u9ohc3hw9/gradle-3.3/lib/jansi-1.14.jar
7f5040009000-7f504000d000 r--s 00011000 08:01 1320752                    /home/jk/.gradle/wrapper/dists/gradle-3.3-all/55gk2rcmfc6p2dg9u9ohc3hw9/gradle-3.3/lib/native-platform-0.12.jar
7f504000d000-7f504001c000 r--s 0007f000 08:01 1320737                    /home/jk/.gradle/wrapper/dists/gradle-3.3-all/55gk2rcmfc6p2dg9u9ohc3hw9/gradle-3.3/lib/gradle-model-core-3.3.jar
7f504001c000-7f504008c000 r--s 00641000 08:01 1320736                    /home/jk/.gradle/wrapper/dists/gradle-3.3-all/55gk2rcmfc6p2dg9u9ohc3hw9/gradle-3.3/lib/groovy-all-2.4.7.jar
7f504008c000-7f50400b4000 r--s 001cf000 08:01 1320733                    /home/jk/.gradle/wrapper/dists/gradle-3.3-all/55gk2rcmfc6p2dg9u9ohc3hw9/gradle-3.3/lib/guava-jdk5-17.0.jar
7f50400b4000-7f50400f1000 r--s 001f8000 08:01 1320726                    /home/jk/.gradle/wrapper/dists/gradle-3.3-all/55gk2rcmfc6p2dg9u9ohc3hw9/gradle-3.3/lib/gradle-core-3.3.jar
7f50400f1000-7f50400f4000 ---p 00000000 00:00 0 
7f50400f4000-7f50401f2000 rw-p 00000000 00:00 0 
7f50401f2000-7f50401f5000 ---p 00000000 00:00 0 
7f50401f5000-7f50402f3000 rw-p 00000000 00:00 0 
7f50402f3000-7f50402f6000 ---p 00000000 00:00 0 
7f50402f6000-7f50403f4000 rw-p 00000000 00:00 0 
7f50403f4000-7f50403f5000 ---p 00000000 00:00 0 
7f50403f5000-7f5041000000 rw-p 00000000 00:00 0 
7f5041000000-7f5041610000 rwxp 00000000 00:00 0 
7f5041610000-7f5050000000 ---p 00000000 00:00 0 
7f5050000000-7f5050ce9000 rw-p 00000000 00:00 0 
7f5050ce9000-7f5054000000 ---p 00000000 00:00 0 
7f5054000000-7f5054003000 r--s 0000a000 08:01 1320730                    /home/jk/.gradle/wrapper/dists/gradle-3.3-all/55gk2rcmfc6p2dg9u9ohc3hw9/gradle-3.3/lib/gradle-native-3.3.jar
7f5054003000-7f5054005000 r--s 00005000 08:01 1320727                    /home/jk/.gradle/wrapper/dists/gradle-3.3-all/55gk2rcmfc6p2dg9u9ohc3hw9/gradle-3.3/lib/gradle-cli-3.3.jar
7f5054005000-7f5054007000 r--s 00007000 08:01 1320738                    /home/jk/.gradle/wrapper/dists/gradle-3.3-all/55gk2rcmfc6p2dg9u9ohc3hw9/gradle-3.3/lib/gradle-model-groovy-3.3.jar
7f5054007000-7f5054009000 r--s 00006000 08:01 1320745                    /home/jk/.gradle/wrapper/dists/gradle-3.3-all/55gk2rcmfc6p2dg9u9ohc3hw9/gradle-3.3/lib/gradle-base-services-groovy-3.3.jar
7f5054009000-7f505400a000 r--s 00002000 08:01 1320748                    /home/jk/.gradle/wrapper/dists/gradle-3.3-all/55gk2rcmfc6p2dg9u9ohc3hw9/gradle-3.3/lib/gradle-docs-3.3.jar
7f505400a000-7f5054017000 r--s 00083000 08:01 1320741                    /home/jk/.gradle/wrapper/dists/gradle-3.3-all/55gk2rcmfc6p2dg9u9ohc3hw9/gradle-3.3/lib/commons-collections-3.2.2.jar
7f5054017000-7f5054036000 r--s 001d1000 08:01 1320740                    /home/jk/.gradle/wrapper/dists/gradle-3.3-all/55gk2rcmfc6p2dg9u9ohc3hw9/gradle-3.3/lib/ant-1.9.6.jar
7f5054036000-7f505450c000 rw-p 00000000 00:00 0 
7f505450c000-7f50546db000 r--s 03c1b000 08:01 2630209                    /usr/local/android-studio/jre/jre/lib/rt.jar
7f50546db000-7f5055251000 rw-p 00000000 00:00 0 
7f5055251000-7f5055252000 ---p 00000000 00:00 0 
7f5055252000-7f5055352000 rw-p 00000000 00:00 0 
7f5055352000-7f5055353000 ---p 00000000 00:00 0 
7f5055353000-7f5055453000 rw-p 00000000 00:00 0 
7f5055453000-7f5055454000 ---p 00000000 00:00 0 
7f5055454000-7f5055554000 rw-p 00000000 00:00 0 
7f5055554000-7f5055555000 ---p 00000000 00:00 0 
7f5055555000-7f505566a000 rw-p 00000000 00:00 0 
7f505566a000-7f5055855000 ---p 00000000 00:00 0 
7f5055855000-7f505586a000 rw-p 00000000 00:00 0 
7f505586a000-7f5055a55000 ---p 00000000 00:00 0 
7f5055a55000-7f5055a77000 rw-p 00000000 00:00 0 
7f5055a77000-7f5055b55000 ---p 00000000 00:00 0 
7f5055b55000-7f5055b6f000 rw-p 00000000 00:00 0 
7f5055b6f000-7f5055f16000 ---p 00000000 00:00 0 
7f5055f16000-7f5055f30000 r-xp 00000000 08:01 2630226                    /usr/local/android-studio/jre/jre/lib/amd64/libzip.so
7f5055f30000-7f5056130000 ---p 0001a000 08:01 2630226                    /usr/local/android-studio/jre/jre/lib/amd64/libzip.so
7f5056130000-7f5056131000 r--p 0001a000 08:01 2630226                    /usr/local/android-studio/jre/jre/lib/amd64/libzip.so
7f5056131000-7f5056132000 rw-p 0001b000 08:01 2630226                    /usr/local/android-studio/jre/jre/lib/amd64/libzip.so
7f5056132000-7f505613d000 r-xp 00000000 08:01 3150331                    /lib/x86_64-linux-gnu/libnss_files-2.23.so
7f505613d000-7f505633c000 ---p 0000b000 08:01 3150331                    /lib/x86_64-linux-gnu/libnss_files-2.23.so
7f505633c000-7f505633d000 r--p 0000a000 08:01 3150331                    /lib/x86_64-linux-gnu/libnss_files-2.23.so
7f505633d000-7f505633e000 rw-p 0000b000 08:01 3150331                    /lib/x86_64-linux-gnu/libnss_files-2.23.so
7f505633e000-7f5056344000 rw-p 00000000 00:00 0 
7f5056344000-7f505634f000 r-xp 00000000 08:01 3145816                    /lib/x86_64-linux-gnu/libnss_nis-2.23.so
7f505634f000-7f505654e000 ---p 0000b000 08:01 3145816                    /lib/x86_64-linux-gnu/libnss_nis-2.23.so
7f505654e000-7f505654f000 r--p 0000a000 08:01 3145816                    /lib/x86_64-linux-gnu/libnss_nis-2.23.so
7f505654f000-7f5056550000 rw-p 0000b000 08:01 3145816                    /lib/x86_64-linux-gnu/libnss_nis-2.23.so
7f5056550000-7f5056566000 r-xp 00000000 08:01 3145820                    /lib/x86_64-linux-gnu/libnsl-2.23.so
7f5056566000-7f5056765000 ---p 00016000 08:01 3145820                    /lib/x86_64-linux-gnu/libnsl-2.23.so
7f5056765000-7f5056766000 r--p 00015000 08:01 3145820                    /lib/x86_64-linux-gnu/libnsl-2.23.so
7f5056766000-7f5056767000 rw-p 00016000 08:01 3145820                    /lib/x86_64-linux-gnu/libnsl-2.23.so
7f5056767000-7f5056769000 rw-p 00000000 00:00 0 
7f5056769000-7f5056771000 r-xp 00000000 08:01 3150374                    /lib/x86_64-linux-gnu/libnss_compat-2.23.so
7f5056771000-7f5056970000 ---p 00008000 08:01 3150374                    /lib/x86_64-linux-gnu/libnss_compat-2.23.so
7f5056970000-7f5056971000 r--p 00007000 08:01 3150374                    /lib/x86_64-linux-gnu/libnss_compat-2.23.so
7f5056971000-7f5056972000 rw-p 00008000 08:01 3150374                    /lib/x86_64-linux-gnu/libnss_compat-2.23.so
7f5056972000-7f505699f000 r-xp 00000000 08:01 2630244                    /usr/local/android-studio/jre/jre/lib/amd64/libjava.so
7f505699f000-7f5056b9e000 ---p 0002d000 08:01 2630244                    /usr/local/android-studio/jre/jre/lib/amd64/libjava.so
7f5056b9e000-7f5056b9f000 r--p 0002c000 08:01 2630244                    /usr/local/android-studio/jre/jre/lib/amd64/libjava.so
7f5056b9f000-7f5056ba1000 rw-p 0002d000 08:01 2630244                    /usr/local/android-studio/jre/jre/lib/amd64/libjava.so
7f5056ba1000-7f5056bb1000 r-xp 00000000 08:01 2630215                    /usr/local/android-studio/jre/jre/lib/amd64/libverify.so
7f5056bb1000-7f5056db0000 ---p 00010000 08:01 2630215                    /usr/local/android-studio/jre/jre/lib/amd64/libverify.so
7f5056db0000-7f5056db2000 r--p 0000f000 08:01 2630215                    /usr/local/android-studio/jre/jre/lib/amd64/libverify.so
7f5056db2000-7f5056db3000 rw-p 00011000 08:01 2630215                    /usr/local/android-studio/jre/jre/lib/amd64/libverify.so
7f5056db3000-7f5056dba000 r-xp 00000000 08:01 3150431                    /lib/x86_64-linux-gnu/librt-2.23.so
7f5056dba000-7f5056fb9000 ---p 00007000 08:01 3150431                    /lib/x86_64-linux-gnu/librt-2.23.so
7f5056fb9000-7f5056fba000 r--p 00006000 08:01 3150431                    /lib/x86_64-linux-gnu/librt-2.23.so
7f5056fba000-7f5056fbb000 rw-p 00007000 08:01 3150431                    /lib/x86_64-linux-gnu/librt-2.23.so
7f5056fbb000-7f50570c3000 r-xp 00000000 08:01 3145817                    /lib/x86_64-linux-gnu/libm-2.23.so
7f50570c3000-7f50572c2000 ---p 00108000 08:01 3145817                    /lib/x86_64-linux-gnu/libm-2.23.so
7f50572c2000-7f50572c3000 r--p 00107000 08:01 3145817                    /lib/x86_64-linux-gnu/libm-2.23.so
7f50572c3000-7f50572c4000 rw-p 00108000 08:01 3145817                    /lib/x86_64-linux-gnu/libm-2.23.so
7f50572c4000-7f5057eb5000 r-xp 00000000 08:01 2630224                    /usr/local/android-studio/jre/jre/lib/amd64/server/libjvm.so
7f5057eb5000-7f50580b5000 ---p 00bf1000 08:01 2630224                    /usr/local/android-studio/jre/jre/lib/amd64/server/libjvm.so
7f50580b5000-7f5058154000 r--p 00bf1000 08:01 2630224                    /usr/local/android-studio/jre/jre/lib/amd64/server/libjvm.so
7f5058154000-7f505817d000 rw-p 00c90000 08:01 2630224                    /usr/local/android-studio/jre/jre/lib/amd64/server/libjvm.so
7f505817d000-7f50581c1000 rw-p 00000000 00:00 0 
7f50581c1000-7f50581d9000 r-xp 00000000 08:01 3150614                    /lib/x86_64-linux-gnu/libpthread-2.23.so
7f50581d9000-7f50583d8000 ---p 00018000 08:01 3150614                    /lib/x86_64-linux-gnu/libpthread-2.23.so
7f50583d8000-7f50583d9000 r--p 00017000 08:01 3150614                    /lib/x86_64-linux-gnu/libpthread-2.23.so
7f50583d9000-7f50583da000 rw-p 00018000 08:01 3150614                    /lib/x86_64-linux-gnu/libpthread-2.23.so
7f50583da000-7f50583de000 rw-p 00000000 00:00 0 
7f50583de000-7f50583e1000 r-xp 00000000 08:01 3145813                    /lib/x86_64-linux-gnu/libdl-2.23.so
7f50583e1000-7f50585e0000 ---p 00003000 08:01 3145813                    /lib/x86_64-linux-gnu/libdl-2.23.so
7f50585e0000-7f50585e1000 r--p 00002000 08:01 3145813                    /lib/x86_64-linux-gnu/libdl-2.23.so
7f50585e1000-7f50585e2000 rw-p 00003000 08:01 3145813                    /lib/x86_64-linux-gnu/libdl-2.23.so
7f50585e2000-7f50587a1000 r-xp 00000000 08:01 3145822                    /lib/x86_64-linux-gnu/libc-2.23.so
7f50587a1000-7f50589a1000 ---p 001bf000 08:01 3145822                    /lib/x86_64-linux-gnu/libc-2.23.so
7f50589a1000-7f50589a5000 r--p 001bf000 08:01 3145822                    /lib/x86_64-linux-gnu/libc-2.23.so
7f50589a5000-7f50589a7000 rw-p 001c3000 08:01 3145822                    /lib/x86_64-linux-gnu/libc-2.23.so
7f50589a7000-7f50589ab000 rw-p 00000000 00:00 0 
7f50589ab000-7f50589c1000 r-xp 00000000 08:01 2630165                    /usr/local/android-studio/jre/lib/amd64/jli/libjli.so
7f50589c1000-7f5058bc0000 ---p 00016000 08:01 2630165                    /usr/local/android-studio/jre/lib/amd64/jli/libjli.so
7f5058bc0000-7f5058bc1000 r--p 00015000 08:01 2630165                    /usr/local/android-studio/jre/lib/amd64/jli/libjli.so
7f5058bc1000-7f5058bc2000 rw-p 00016000 08:01 2630165                    /usr/local/android-studio/jre/lib/amd64/jli/libjli.so
7f5058bc2000-7f5058be8000 r-xp 00000000 08:01 3145823                    /lib/x86_64-linux-gnu/ld-2.23.so
7f5058be8000-7f5058be9000 r--s 00000000 08:01 1320744                    /home/jk/.gradle/wrapper/dists/gradle-3.3-all/55gk2rcmfc6p2dg9u9ohc3hw9/gradle-3.3/lib/javax.inject-1.jar
7f5058be9000-7f5058bea000 r--s 00000000 08:01 1320743                    /home/jk/.gradle/wrapper/dists/gradle-3.3-all/55gk2rcmfc6p2dg9u9ohc3hw9/gradle-3.3/lib/jcip-annotations-1.0.jar
7f5058bea000-7f5058bee000 r--s 00027000 08:01 1320742                    /home/jk/.gradle/wrapper/dists/gradle-3.3-all/55gk2rcmfc6p2dg9u9ohc3hw9/gradle-3.3/lib/commons-io-2.2.jar
7f5058bee000-7f5058bf3000 r--s 00038000 08:01 1320739                    /home/jk/.gradle/wrapper/dists/gradle-3.3-all/55gk2rcmfc6p2dg9u9ohc3hw9/gradle-3.3/lib/asm-all-5.1.jar
7f5058bf3000-7f5058bf4000 r--s 00001000 08:01 1320735                    /home/jk/.gradle/wrapper/dists/gradle-3.3-all/55gk2rcmfc6p2dg9u9ohc3hw9/gradle-3.3/lib/gradle-process-services-3.3.jar
7f5058bf4000-7f5058bf9000 r--s 00041000 08:01 1320734                    /home/jk/.gradle/wrapper/dists/gradle-3.3-all/55gk2rcmfc6p2dg9u9ohc3hw9/gradle-3.3/lib/commons-lang-2.6.jar
7f5058bf9000-7f5058c02000 r--s 00042000 08:01 1320724                    /home/jk/.gradle/wrapper/dists/gradle-3.3-all/55gk2rcmfc6p2dg9u9ohc3hw9/gradle-3.3/lib/gradle-base-services-3.3.jar
7f5058c02000-7f5058cc4000 rw-p 00000000 00:00 0 
7f5058cc4000-7f5058cc7000 ---p 00000000 00:00 0 
7f5058cc7000-7f5058dc9000 rw-p 00000000 00:00 0 
7f5058dc9000-7f5058dcb000 r--s 00000000 08:01 1320725                    /home/jk/.gradle/wrapper/dists/gradle-3.3-all/55gk2rcmfc6p2dg9u9ohc3hw9/gradle-3.3/lib/gradle-jvm-services-3.3.jar
7f5058dcb000-7f5058dcc000 r--s 00000000 08:01 1320890                    /home/jk/.gradle/wrapper/dists/gradle-3.3-all/55gk2rcmfc6p2dg9u9ohc3hw9/gradle-3.3/lib/gradle-version-info-3.3.jar
7f5058dcc000-7f5058dcd000 r--s 00007000 08:01 1320732                    /home/jk/.gradle/wrapper/dists/gradle-3.3-all/55gk2rcmfc6p2dg9u9ohc3hw9/gradle-3.3/lib/slf4j-api-1.7.10.jar
7f5058dcd000-7f5058dce000 r--s 00004000 08:01 1320757                    /home/jk/.gradle/wrapper/dists/gradle-3.3-all/55gk2rcmfc6p2dg9u9ohc3hw9/gradle-3.3/lib/ant-launcher-1.9.6.jar
7f5058dce000-7f5058ddb000 r--s 0005c000 08:01 1320721                    /home/jk/.gradle/wrapper/dists/gradle-3.3-all/55gk2rcmfc6p2dg9u9ohc3hw9/gradle-3.3/lib/gradle-launcher-3.3.jar
7f5058ddb000-7f5058de3000 rw-s 00000000 08:01 3039276                    /tmp/hsperfdata_jk/18293
7f5058de3000-7f5058de4000 rw-p 00000000 00:00 0 
7f5058de4000-7f5058de5000 ---p 00000000 00:00 0 
7f5058de5000-7f5058de7000 rw-p 00000000 00:00 0 
7f5058de7000-7f5058de8000 r--p 00025000 08:01 3145823                    /lib/x86_64-linux-gnu/ld-2.23.so
7f5058de8000-7f5058de9000 rw-p 00026000 08:01 3145823                    /lib/x86_64-linux-gnu/ld-2.23.so
7f5058de9000-7f5058dea000 rw-p 00000000 00:00 0 
7ffd5d499000-7ffd5d4ba000 rw-p 00000000 00:00 0                          [stack]
7ffd5d58f000-7ffd5d591000 r--p 00000000 00:00 0                          [vvar]
7ffd5d591000-7ffd5d593000 r-xp 00000000 00:00 0                          [vdso]
ffffffffff600000-ffffffffff601000 r-xp 00000000 00:00 0                  [vsyscall]

VM Arguments:
jvm_args: -Xmx1536m -Dfile.encoding=UTF-8 -Duser.country=US -Duser.language=en -Duser.variant 
java_command: org.gradle.launcher.daemon.bootstrap.GradleDaemon 3.3
java_class_path (initial): /home/jk/.gradle/wrapper/dists/gradle-3.3-all/55gk2rcmfc6p2dg9u9ohc3hw9/gradle-3.3/lib/gradle-launcher-3.3.jar
Launcher Type: SUN_STANDARD

Environment Variables:
PATH=/home/jk/bin:/home/jk/.local/bin:/usr/local/sbin:/usr/local/bin:/usr/sbin:/usr/bin:/sbin:/bin:/usr/games:/usr/local/games
LD_LIBRARY_PATH=/usr/local/android-studio/bin:
SHELL=/bin/bash
DISPLAY=:0

Signal Handlers:
SIGSEGV: [libjvm.so+0x9e5150], sa_mask[0]=11111111011111111101111111111110, sa_flags=SA_RESTART|SA_SIGINFO
SIGBUS: [libjvm.so+0x9e5150], sa_mask[0]=11111111011111111101111111111110, sa_flags=SA_RESTART|SA_SIGINFO
SIGFPE: [libjvm.so+0x848450], sa_mask[0]=11111111011111111101111111111110, sa_flags=SA_RESTART|SA_SIGINFO
SIGPIPE: [libjvm.so+0x848450], sa_mask[0]=11111111011111111101111111111110, sa_flags=SA_RESTART|SA_SIGINFO
SIGXFSZ: [libjvm.so+0x848450], sa_mask[0]=11111111011111111101111111111110, sa_flags=SA_RESTART|SA_SIGINFO
SIGILL: [libjvm.so+0x848450], sa_mask[0]=11111111011111111101111111111110, sa_flags=SA_RESTART|SA_SIGINFO
SIGUSR1: SIG_DFL, sa_mask[0]=00000000000000000000000000000000, sa_flags=none
SIGUSR2: [libjvm.so+0x848320], sa_mask[0]=00100000000000000000000000000000, sa_flags=SA_RESTART|SA_SIGINFO
SIGHUP: [libjvm.so+0x848510], sa_mask[0]=11111111011111111101111111111110, sa_flags=SA_RESTART|SA_SIGINFO
SIGINT: [libjvm.so+0x848510], sa_mask[0]=11111111011111111101111111111110, sa_flags=SA_RESTART|SA_SIGINFO
SIGTERM: [libjvm.so+0x848510], sa_mask[0]=11111111011111111101111111111110, sa_flags=SA_RESTART|SA_SIGINFO
SIGQUIT: [libjvm.so+0x848510], sa_mask[0]=11111111011111111101111111111110, sa_flags=SA_RESTART|SA_SIGINFO


---------------  S Y S T E M  ---------------

OS:DISTRIB_ID="elementary"
DISTRIB_RELEASE=0.4
DISTRIB_CODENAME=loki
DISTRIB_DESCRIPTION="elementary OS 0.4 Loki"

uname:Linux 4.4.0-71-generic #92-Ubuntu SMP Fri Mar 24 12:59:01 UTC 2017 x86_64
libc:glibc 2.23 NPTL 2.23 
rlimit: STACK 8192k, CORE 0k, NPROC 15276, NOFILE 65536, AS infinity
load average:1.52 3.85 2.52

/proc/meminfo:
MemTotal:        3951352 kB
MemFree:          105200 kB
MemAvailable:      27816 kB
Buffers:            2488 kB
Cached:           570412 kB
SwapCached:         9372 kB
Active:          2775244 kB
Inactive:         832916 kB
Active(anon):    2757944 kB
Inactive(anon):   819504 kB
Active(file):      17300 kB
Inactive(file):    13412 kB
Unevictable:         696 kB
Mlocked:             696 kB
SwapTotal:       4098044 kB
SwapFree:              0 kB
Dirty:              1020 kB
Writeback:             0 kB
AnonPages:       3029048 kB
Mapped:            54956 kB
Shmem:            542060 kB
Slab:             102316 kB
SReclaimable:      51216 kB
SUnreclaim:        51100 kB
KernelStack:       13376 kB
PageTables:        61916 kB
NFS_Unstable:          0 kB
Bounce:                0 kB
WritebackTmp:          0 kB
CommitLimit:     6073720 kB
Committed_AS:   14386604 kB
VmallocTotal:   34359738367 kB
VmallocUsed:           0 kB
VmallocChunk:          0 kB
HardwareCorrupted:     0 kB
AnonHugePages:    385024 kB
CmaTotal:              0 kB
CmaFree:               0 kB
HugePages_Total:       0
HugePages_Free:        0
HugePages_Rsvd:        0
HugePages_Surp:        0
Hugepagesize:       2048 kB
DirectMap4k:      347392 kB
DirectMap2M:     3751936 kB
DirectMap1G:           0 kB


CPU:total 4 (2 cores per cpu, 2 threads per core) family 6 model 69 stepping 1, cmov, cx8, fxsr, mmx, sse, sse2, sse3, ssse3, sse4.1, sse4.2, popcnt, avx, avx2, aes, clmul, erms, lzcnt, ht, tsc, tscinvbit, bmi1, bmi2

/proc/cpuinfo:
processor	: 0
vendor_id	: GenuineIntel
cpu family	: 6
model		: 69
model name	: Intel(R) Core(TM) i5-4200U CPU @ 1.60GHz
stepping	: 1
microcode	: 0x10
cpu MHz		: 2299.910
cache size	: 3072 KB
physical id	: 0
siblings	: 4
core id		: 0
cpu cores	: 2
apicid		: 0
initial apicid	: 0
fpu		: yes
fpu_exception	: yes
cpuid level	: 13
wp		: yes
flags		: fpu vme de pse tsc msr pae mce cx8 apic sep mtrr pge mca cmov pat pse36 clflush dts acpi mmx fxsr sse sse2 ss ht tm pbe syscall nx pdpe1gb rdtscp lm constant_tsc arch_perfmon pebs bts rep_good nopl xtopology nonstop_tsc aperfmperf eagerfpu pni pclmulqdq dtes64 monitor ds_cpl vmx est tm2 ssse3 sdbg fma cx16 xtpr pdcm pcid sse4_1 sse4_2 movbe popcnt tsc_deadline_timer aes xsave avx f16c rdrand lahf_lm abm epb tpr_shadow vnmi flexpriority ept vpid fsgsbase tsc_adjust bmi1 avx2 smep bmi2 erms invpcid xsaveopt dtherm ida arat pln pts
bugs		:
bogomips	: 4589.14
clflush size	: 64
cache_alignment	: 64
address sizes	: 39 bits physical, 48 bits virtual
power management:

processor	: 1
vendor_id	: GenuineIntel
cpu family	: 6
model		: 69
model name	: Intel(R) Core(TM) i5-4200U CPU @ 1.60GHz
stepping	: 1
microcode	: 0x10
cpu MHz		: 2299.910
cache size	: 3072 KB
physical id	: 0
siblings	: 4
core id		: 1
cpu cores	: 2
apicid		: 2
initial apicid	: 2
fpu		: yes
fpu_exception	: yes
cpuid level	: 13
wp		: yes
flags		: fpu vme de pse tsc msr pae mce cx8 apic sep mtrr pge mca cmov pat pse36 clflush dts acpi mmx fxsr sse sse2 ss ht tm pbe syscall nx pdpe1gb rdtscp lm constant_tsc arch_perfmon pebs bts rep_good nopl xtopology nonstop_tsc aperfmperf eagerfpu pni pclmulqdq dtes64 monitor ds_cpl vmx est tm2 ssse3 sdbg fma cx16 xtpr pdcm pcid sse4_1 sse4_2 movbe popcnt tsc_deadline_timer aes xsave avx f16c rdrand lahf_lm abm epb tpr_shadow vnmi flexpriority ept vpid fsgsbase tsc_adjust bmi1 avx2 smep bmi2 erms invpcid xsaveopt dtherm ida arat pln pts
bugs		:
bogomips	: 4589.14
clflush size	: 64
cache_alignment	: 64
address sizes	: 39 bits physical, 48 bits virtual
power management:

processor	: 2
vendor_id	: GenuineIntel
cpu family	: 6
model		: 69
model name	: Intel(R) Core(TM) i5-4200U CPU @ 1.60GHz
stepping	: 1
microcode	: 0x10
cpu MHz		: 2299.910
cache size	: 3072 KB
physical id	: 0
siblings	: 4
core id		: 0
cpu cores	: 2
apicid		: 1
initial apicid	: 1
fpu		: yes
fpu_exception	: yes
cpuid level	: 13
wp		: yes
flags		: fpu vme de pse tsc msr pae mce cx8 apic sep mtrr pge mca cmov pat pse36 clflush dts acpi mmx fxsr sse sse2 ss ht tm pbe syscall nx pdpe1gb rdtscp lm constant_tsc arch_perfmon pebs bts rep_good nopl xtopology nonstop_tsc aperfmperf eagerfpu pni pclmulqdq dtes64 monitor ds_cpl vmx est tm2 ssse3 sdbg fma cx16 xtpr pdcm pcid sse4_1 sse4_2 movbe popcnt tsc_deadline_timer aes xsave avx f16c rdrand lahf_lm abm epb tpr_shadow vnmi flexpriority ept vpid fsgsbase tsc_adjust bmi1 avx2 smep bmi2 erms invpcid xsaveopt dtherm ida arat pln pts
bugs		:
bogomips	: 4589.14
clflush size	: 64
cache_alignment	: 64
address sizes	: 39 bits physical, 48 bits virtual
power management:

processor	: 3
vendor_id	: GenuineIntel
cpu family	: 6
model		: 69
model name	: Intel(R) Core(TM) i5-4200U CPU @ 1.60GHz
stepping	: 1
microcode	: 0x10
cpu MHz		: 2299.910
cache size	: 3072 KB
physical id	: 0
siblings	: 4
core id		: 1
cpu cores	: 2
apicid		: 3
initial apicid	: 3
fpu		: yes
fpu_exception	: yes
cpuid level	: 13
wp		: yes
flags		: fpu vme de pse tsc msr pae mce cx8 apic sep mtrr pge mca cmov pat pse36 clflush dts acpi mmx fxsr sse sse2 ss ht tm pbe syscall nx pdpe1gb rdtscp lm constant_tsc arch_perfmon pebs bts rep_good nopl xtopology nonstop_tsc aperfmperf eagerfpu pni pclmulqdq dtes64 monitor ds_cpl vmx est tm2 ssse3 sdbg fma cx16 xtpr pdcm pcid sse4_1 sse4_2 movbe popcnt tsc_deadline_timer aes xsave avx f16c rdrand lahf_lm abm epb tpr_shadow vnmi flexpriority ept vpid fsgsbase tsc_adjust bmi1 avx2 smep bmi2 erms invpcid xsaveopt dtherm ida arat pln pts
bugs		:
bogomips	: 4589.14
clflush size	: 64
cache_alignment	: 64
address sizes	: 39 bits physical, 48 bits virtual
power management:



Memory: 4k page, physical 3951352k(105200k free), swap 4098044k(0k free)

vm_info: OpenJDK 64-Bit Server VM (25.112-b06) for linux-amd64 JRE (1.8.0_112-release-b06), built on Dec  6 2016 12:11:18 by "builder" with gcc 4.8.4

time: Fri Mar 31 18:41:17 2017
elapsed time: 2 seconds (0d 0h 0m 2s)

