#
# There is insufficient memory for the Java Runtime Environment to continue.
# Native memory allocation (mmap) failed to map 25165824 bytes for committing reserved memory.
# Possible reasons:
#   The system is out of physical RAM or swap space
#   In 32 bit mode, the process size limit was hit
# Possible solutions:
#   Reduce memory load on the system
#   Increase physical memory or swap space
#   Check if swap backing store is full
#   Use 64 bit Java on a 64 bit OS
#   Decrease Java heap size (-Xmx/-Xms)
#   Decrease number of Java threads
#   Decrease Java thread stack sizes (-Xss)
#   Set larger code cache with -XX:ReservedCodeCacheSize=
# This output file may be truncated or incomplete.
#
#  Out of Memory Error (os_linux.cpp:2627), pid=18335, tid=0x00007fc91c9f9700
#
# JRE version: OpenJDK Runtime Environment (8.0_112-b06) (build 1.8.0_112-release-b06)
# Java VM: OpenJDK 64-Bit Server VM (25.112-b06 mixed mode linux-amd64 compressed oops)
# Failed to write core dump. Core dumps have been disabled. To enable core dumping, try "ulimit -c unlimited" before starting Java again
#

---------------  T H R E A D  ---------------

Current thread (0x00007fc92c077800):  VMThread [stack: 0x00007fc91c8f9000,0x00007fc91c9fa000] [id=18343]

Stack: [0x00007fc91c8f9000,0x00007fc91c9fa000],  sp=0x00007fc91c9f84c0,  free space=1021k
Native frames: (J=compiled Java code, j=interpreted, Vv=VM code, C=native code)
V  [libjvm.so+0x9e465d]  VMError::report_and_die()+0x15d
V  [libjvm.so+0x4b6ada]  report_vm_out_of_memory(char const*, int, unsigned long, VMErrorType, char const*)+0x8a
V  [libjvm.so+0x84c860]  os::pd_commit_memory(char*, unsigned long, unsigned long, bool)+0xf0
V  [libjvm.so+0x84737f]  os::commit_memory(char*, unsigned long, unsigned long, bool)+0x1f
V  [libjvm.so+0x8bd3db]  PSVirtualSpace::expand_by(unsigned long)+0x5b
V  [libjvm.so+0x8be050]  PSYoungGen::resize_generation(unsigned long, unsigned long)+0xb0
V  [libjvm.so+0x8be36b]  PSYoungGen::resize(unsigned long, unsigned long)+0x1b
V  [libjvm.so+0x8baa5c]  PSScavenge::invoke_no_policy()+0xdac
V  [libjvm.so+0x8bb238]  PSScavenge::invoke()+0x38
V  [libjvm.so+0x86fcf3]  ParallelScavengeHeap::failed_mem_allocate(unsigned long)+0x63
V  [libjvm.so+0x9e6124]  VM_ParallelGCFailedAllocation::doit()+0x84
V  [libjvm.so+0x9ea537]  VM_Operation::evaluate()+0x47
V  [libjvm.so+0x9e8ff8]  VMThread::evaluate_operation(VM_Operation*)+0x2c8
V  [libjvm.so+0x9e9479]  VMThread::loop()+0x219
V  [libjvm.so+0x9e98c2]  VMThread::run()+0x72
V  [libjvm.so+0x849c82]  java_start(Thread*)+0xf2

VM_Operation (0x00007fc8f9e2cf70): ParallelGCFailedAllocation, mode: safepoint, requested by thread 0x00007fc8d4008000


---------------  P R O C E S S  ---------------

Java Threads: ( => current thread )
  0x00007fc8d014b000 JavaThread "File lock request listener" [_thread_in_native, id=18375, stack(0x00007fc8f8e7b000,0x00007fc8f8f7c000)]
  0x00007fc8d0006000 JavaThread "Asynchronous log dispatcher for DefaultDaemonConnection: socket connection from /127.0.0.1:44552 to /127.0.0.1:50390" [_thread_blocked, id=18360, stack(0x00007fc8f9b30000,0x00007fc8f9c31000)]
  0x00007fc92cd09000 JavaThread "pool-1-thread-1" [_thread_blocked, id=18359, stack(0x00007fc8f9c31000,0x00007fc8f9d32000)]
  0x00007fc8d4008000 JavaThread "Daemon worker" [_thread_blocked, id=18356, stack(0x00007fc8f9d32000,0x00007fc8f9e33000)]
  0x00007fc8d4006800 JavaThread "Cancel handler" [_thread_blocked, id=18355, stack(0x00007fc8f9e33000,0x00007fc8f9f34000)]
  0x00007fc8d4005800 JavaThread "Handler for socket connection from /127.0.0.1:44552 to /127.0.0.1:50390" [_thread_in_native, id=18354, stack(0x00007fc8fa134000,0x00007fc8fa235000)]
  0x00007fc8e0019000 JavaThread "Daemon" [_thread_blocked, id=18353, stack(0x00007fc8fa235000,0x00007fc8fa336000)]
  0x00007fc92ccab000 JavaThread "Incoming local TCP Connector on port 44552" [_thread_in_native, id=18352, stack(0x00007fc8fa53d000,0x00007fc8fa63e000)]
  0x00007fc92c0c8000 JavaThread "Service Thread" daemon [_thread_blocked, id=18350, stack(0x00007fc91c1f2000,0x00007fc91c2f3000)]
  0x00007fc92c0bc800 JavaThread "C1 CompilerThread2" daemon [_thread_blocked, id=18349, stack(0x00007fc91c2f3000,0x00007fc91c3f4000)]
  0x00007fc92c0bb000 JavaThread "C2 CompilerThread1" daemon [_thread_blocked, id=18348, stack(0x00007fc91c3f4000,0x00007fc91c4f5000)]
  0x00007fc92c0b8000 JavaThread "C2 CompilerThread0" daemon [_thread_blocked, id=18347, stack(0x00007fc91c4f5000,0x00007fc91c5f6000)]
  0x00007fc92c0b6800 JavaThread "Signal Dispatcher" daemon [_thread_blocked, id=18346, stack(0x00007fc91c5f6000,0x00007fc91c6f7000)]
  0x00007fc92c083800 JavaThread "Finalizer" daemon [_thread_blocked, id=18345, stack(0x00007fc91c6f7000,0x00007fc91c7f8000)]
  0x00007fc92c07f000 JavaThread "Reference Handler" daemon [_thread_blocked, id=18344, stack(0x00007fc91c7f8000,0x00007fc91c8f9000)]
  0x00007fc92c00a000 JavaThread "main" [_thread_blocked, id=18338, stack(0x00007fc935202000,0x00007fc935303000)]

Other Threads:
=>0x00007fc92c077800 VMThread [stack: 0x00007fc91c8f9000,0x00007fc91c9fa000] [id=18343]
  0x00007fc92c0ca800 WatcherThread [stack: 0x00007fc91c0f1000,0x00007fc91c1f2000] [id=18351]

VM state:at safepoint (normal execution)

VM Mutex/Monitor currently owned by a thread:  ([mutex/lock_event])
[0x00007fc92c006300] Threads_lock - owner thread: 0x00007fc92c077800
[0x00007fc92c006800] Heap_lock - owner thread: 0x00007fc8d4008000

Heap:
 PSYoungGen      total 70656K, used 7170K [0x00000000e0000000, 0x00000000e4e00000, 0x0000000100000000)
  eden space 62464K, 0% used [0x00000000e0000000,0x00000000e0000000,0x00000000e3d00000)
  from space 8192K, 87% used [0x00000000e3d00000,0x00000000e4400ae0,0x00000000e4500000)
  to   space 7168K, 0% used [0x00000000e4500000,0x00000000e4500000,0x00000000e4c00000)
 ParOldGen       total 41472K, used 11662K [0x00000000a0000000, 0x00000000a2880000, 0x00000000e0000000)
  object space 41472K, 28% used [0x00000000a0000000,0x00000000a0b63818,0x00000000a2880000)
 Metaspace       used 25667K, capacity 26120K, committed 26288K, reserved 1071104K
  class space    used 3560K, capacity 3671K, committed 3760K, reserved 1048576K

Card table byte_map: [0x00007fc931d93000,0x00007fc932094000] byte_map_base: 0x00007fc931893000

Marking Bits: (ParMarkBitMap*) 0x00007fc9346d0340
 Begin Bits: [0x00007fc909000000, 0x00007fc90a800000)
 End Bits:   [0x00007fc90a800000, 0x00007fc90c000000)

Polling page: 0x00007fc935322000

CodeCache: size=245760Kb used=7620Kb max_used=7631Kb free=238139Kb
 bounds [0x00007fc91d000000, 0x00007fc91d780000, 0x00007fc92c000000]
 total_blobs=2677 nmethods=2042 adapters=549
 compilation: enabled

Compilation events (10 events):
Event: 71.754 Thread 0x00007fc92c0bc800 2063       1       java.net.InetAddress::holder (5 bytes)
Event: 71.776 Thread 0x00007fc92c0b8000 2064       4       com.google.common.base.Preconditions::checkNotNull (14 bytes)
Event: 71.776 Thread 0x00007fc92c0bb000 2066  s    4       java.io.BufferedInputStream::read (49 bytes)
Event: 71.807 Thread 0x00007fc92c0bc800 nmethod 2063 0x00007fc91d771710 code [0x00007fc91d771860, 0x00007fc91d771970]
Event: 71.825 Thread 0x00007fc92c0bc800 2065       3       java.util.regex.Pattern$Curly::match0 (174 bytes)
Event: 71.848 Thread 0x00007fc92c0bc800 nmethod 2065 0x00007fc91d7764d0 code [0x00007fc91d7766c0, 0x00007fc91d7770d8]
Event: 71.856 Thread 0x00007fc92c0b8000 nmethod 2064 0x00007fc91d76ebd0 code [0x00007fc91d76ed20, 0x00007fc91d76ed78]
Event: 71.861 Thread 0x00007fc92c0bb000 nmethod 2066 0x00007fc91d773450 code [0x00007fc91d7735a0, 0x00007fc91d7739c8]
Event: 71.862 Thread 0x00007fc92c0bc800 2067       3       java.util.concurrent.CopyOnWriteArrayList::setArray (6 bytes)
Event: 73.247 Thread 0x00007fc92c0bc800 nmethod 2067 0x00007fc91d773110 code [0x00007fc91d773260, 0x00007fc91d7733d0]

GC Heap History (10 events):
Event: 1.160 GC heap after
Heap after GC invocations=3 (full 0):
 PSYoungGen      total 18432K, used 2544K [0x00000000e0000000, 0x00000000e2400000, 0x0000000100000000)
  eden space 15872K, 0% used [0x00000000e0000000,0x00000000e0000000,0x00000000e0f80000)
  from space 2560K, 99% used [0x00000000e0f80000,0x00000000e11fc010,0x00000000e1200000)
  to   space 2560K, 0% used [0x00000000e2180000,0x00000000e2180000,0x00000000e2400000)
 ParOldGen       total 42496K, used 1564K [0x00000000a0000000, 0x00000000a2980000, 0x00000000e0000000)
  object space 42496K, 3% used [0x00000000a0000000,0x00000000a0187318,0x00000000a2980000)
 Metaspace       used 8500K, capacity 8774K, committed 8960K, reserved 1056768K
  class space    used 1114K, capacity 1217K, committed 1280K, reserved 1048576K
}
Event: 1.482 GC heap before
{Heap before GC invocations=4 (full 0):
 PSYoungGen      total 18432K, used 18416K [0x00000000e0000000, 0x00000000e2400000, 0x0000000100000000)
  eden space 15872K, 100% used [0x00000000e0000000,0x00000000e0f80000,0x00000000e0f80000)
  from space 2560K, 99% used [0x00000000e0f80000,0x00000000e11fc010,0x00000000e1200000)
  to   space 2560K, 0% used [0x00000000e2180000,0x00000000e2180000,0x00000000e2400000)
 ParOldGen       total 42496K, used 1564K [0x00000000a0000000, 0x00000000a2980000, 0x00000000e0000000)
  object space 42496K, 3% used [0x00000000a0000000,0x00000000a0187318,0x00000000a2980000)
 Metaspace       used 12772K, capacity 13060K, committed 13184K, reserved 1060864K
  class space    used 1720K, capacity 1831K, committed 1920K, reserved 1048576K
Event: 1.498 GC heap after
Heap after GC invocations=4 (full 0):
 PSYoungGen      total 34304K, used 2544K [0x00000000e0000000, 0x00000000e2400000, 0x0000000100000000)
  eden space 31744K, 0% used [0x00000000e0000000,0x00000000e0000000,0x00000000e1f00000)
  from space 2560K, 99% used [0x00000000e2180000,0x00000000e23fc020,0x00000000e2400000)
  to   space 2560K, 0% used [0x00000000e1f00000,0x00000000e1f00000,0x00000000e2180000)
 ParOldGen       total 42496K, used 3785K [0x00000000a0000000, 0x00000000a2980000, 0x00000000e0000000)
  object space 42496K, 8% used [0x00000000a0000000,0x00000000a03b24f0,0x00000000a2980000)
 Metaspace       used 12772K, capacity 13060K, committed 13184K, reserved 1060864K
  class space    used 1720K, capacity 1831K, committed 1920K, reserved 1048576K
}
Event: 2.011 GC heap before
{Heap before GC invocations=5 (full 0):
 PSYoungGen      total 34304K, used 34288K [0x00000000e0000000, 0x00000000e2400000, 0x0000000100000000)
  eden space 31744K, 100% used [0x00000000e0000000,0x00000000e1f00000,0x00000000e1f00000)
  from space 2560K, 99% used [0x00000000e2180000,0x00000000e23fc020,0x00000000e2400000)
  to   space 2560K, 0% used [0x00000000e1f00000,0x00000000e1f00000,0x00000000e2180000)
 ParOldGen       total 42496K, used 3785K [0x00000000a0000000, 0x00000000a2980000, 0x00000000e0000000)
  object space 42496K, 8% used [0x00000000a0000000,0x00000000a03b24f0,0x00000000a2980000)
 Metaspace       used 16140K, capacity 16444K, committed 16768K, reserved 1062912K
  class space    used 2256K, capacity 2379K, committed 2432K, reserved 1048576K
Event: 2.061 GC heap after
Heap after GC invocations=5 (full 0):
 PSYoungGen      total 34304K, used 2528K [0x00000000e0000000, 0x00000000e4c00000, 0x0000000100000000)
  eden space 31744K, 0% used [0x00000000e0000000,0x00000000e0000000,0x00000000e1f00000)
  from space 2560K, 98% used [0x00000000e1f00000,0x00000000e2178050,0x00000000e2180000)
  to   space 7168K, 0% used [0x00000000e4500000,0x00000000e4500000,0x00000000e4c00000)
 ParOldGen       total 42496K, used 7842K [0x00000000a0000000, 0x00000000a2980000, 0x00000000e0000000)
  object space 42496K, 18% used [0x00000000a0000000,0x00000000a07a8960,0x00000000a2980000)
 Metaspace       used 16140K, capacity 16444K, committed 16768K, reserved 1062912K
  class space    used 2256K, capacity 2379K, committed 2432K, reserved 1048576K
}
Event: 2.696 GC heap before
{Heap before GC invocations=6 (full 0):
 PSYoungGen      total 34304K, used 28314K [0x00000000e0000000, 0x00000000e4c00000, 0x0000000100000000)
  eden space 31744K, 81% used [0x00000000e0000000,0x00000000e192ea58,0x00000000e1f00000)
  from space 2560K, 98% used [0x00000000e1f00000,0x00000000e2178050,0x00000000e2180000)
  to   space 7168K, 0% used [0x00000000e4500000,0x00000000e4500000,0x00000000e4c00000)
 ParOldGen       total 42496K, used 7842K [0x00000000a0000000, 0x00000000a2980000, 0x00000000e0000000)
  object space 42496K, 18% used [0x00000000a0000000,0x00000000a07a8960,0x00000000a2980000)
 Metaspace       used 20856K, capacity 21164K, committed 21296K, reserved 1067008K
  class space    used 2742K, capacity 2838K, committed 2864K, reserved 1048576K
Event: 2.729 GC heap after
Heap after GC invocations=6 (full 0):
 PSYoungGen      total 69632K, used 7089K [0x00000000e0000000, 0x00000000e4e00000, 0x0000000100000000)
  eden space 62464K, 0% used [0x00000000e0000000,0x00000000e0000000,0x00000000e3d00000)
  from space 7168K, 98% used [0x00000000e4500000,0x00000000e4bec570,0x00000000e4c00000)
  to   space 8192K, 0% used [0x00000000e3d00000,0x00000000e3d00000,0x00000000e4500000)
 ParOldGen       total 42496K, used 7850K [0x00000000a0000000, 0x00000000a2980000, 0x00000000e0000000)
  object space 42496K, 18% used [0x00000000a0000000,0x00000000a07aa960,0x00000000a2980000)
 Metaspace       used 20856K, capacity 21164K, committed 21296K, reserved 1067008K
  class space    used 2742K, capacity 2838K, committed 2864K, reserved 1048576K
}
Event: 2.729 GC heap before
{Heap before GC invocations=7 (full 1):
 PSYoungGen      total 69632K, used 7089K [0x00000000e0000000, 0x00000000e4e00000, 0x0000000100000000)
  eden space 62464K, 0% used [0x00000000e0000000,0x00000000e0000000,0x00000000e3d00000)
  from space 7168K, 98% used [0x00000000e4500000,0x00000000e4bec570,0x00000000e4c00000)
  to   space 8192K, 0% used [0x00000000e3d00000,0x00000000e3d00000,0x00000000e4500000)
 ParOldGen       total 42496K, used 7850K [0x00000000a0000000, 0x00000000a2980000, 0x00000000e0000000)
  object space 42496K, 18% used [0x00000000a0000000,0x00000000a07aa960,0x00000000a2980000)
 Metaspace       used 20856K, capacity 21164K, committed 21296K, reserved 1067008K
  class space    used 2742K, capacity 2838K, committed 2864K, reserved 1048576K
Event: 2.876 GC heap after
Heap after GC invocations=7 (full 1):
 PSYoungGen      total 69632K, used 0K [0x00000000e0000000, 0x00000000e4e00000, 0x0000000100000000)
  eden space 62464K, 0% used [0x00000000e0000000,0x00000000e0000000,0x00000000e3d00000)
  from space 7168K, 0% used [0x00000000e4500000,0x00000000e4500000,0x00000000e4c00000)
  to   space 8192K, 0% used [0x00000000e3d00000,0x00000000e3d00000,0x00000000e4500000)
 ParOldGen       total 41472K, used 11654K [0x00000000a0000000, 0x00000000a2880000, 0x00000000e0000000)
  object space 41472K, 28% used [0x00000000a0000000,0x00000000a0b61818,0x00000000a2880000)
 Metaspace       used 20856K, capacity 21164K, committed 21296K, reserved 1067008K
  class space    used 2742K, capacity 2838K, committed 2864K, reserved 1048576K
}
Event: 75.409 GC heap before
{Heap before GC invocations=8 (full 1):
 PSYoungGen      total 69632K, used 62464K [0x00000000e0000000, 0x00000000e4e00000, 0x0000000100000000)
  eden space 62464K, 100% used [0x00000000e0000000,0x00000000e3d00000,0x00000000e3d00000)
  from space 7168K, 0% used [0x00000000e4500000,0x00000000e4500000,0x00000000e4c00000)
  to   space 8192K, 0% used [0x00000000e3d00000,0x00000000e3d00000,0x00000000e4500000)
 ParOldGen       total 41472K, used 11654K [0x00000000a0000000, 0x00000000a2880000, 0x00000000e0000000)
  object space 41472K, 28% used [0x00000000a0000000,0x00000000a0b61818,0x00000000a2880000)
 Metaspace       used 25667K, capacity 26120K, committed 26288K, reserved 1071104K
  class space    used 3560K, capacity 3671K, committed 3760K, reserved 1048576K

Deoptimization events (10 events):
Event: 2.084 Thread 0x00007fc8d4008000 Uncommon trap: reason=bimorphic action=maybe_recompile pc=0x00007fc91d3cc940 method=java.lang.ClassLoader.loadClass(Ljava/lang/String;Z)Ljava/lang/Class; @ 38
Event: 4.780 Thread 0x00007fc8d4008000 Uncommon trap: reason=unstable_if action=reinterpret pc=0x00007fc91d3b82a8 method=java.util.HashMap.hash(Ljava/lang/Object;)I @ 1
Event: 6.019 Thread 0x00007fc8d4008000 Uncommon trap: reason=unstable_if action=reinterpret pc=0x00007fc91d3a3254 method=java.util.HashMap.getNode(ILjava/lang/Object;)Ljava/util/HashMap$Node; @ 53
Event: 6.020 Thread 0x00007fc8d4008000 Uncommon trap: reason=unstable_if action=reinterpret pc=0x00007fc91d2c4430 method=java.util.HashMap.hash(Ljava/lang/Object;)I @ 1
Event: 6.169 Thread 0x00007fc8d4008000 Uncommon trap: reason=class_check action=maybe_recompile pc=0x00007fc91d606508 method=java.lang.reflect.Method.equals(Ljava/lang/Object;)Z @ 5
Event: 6.174 Thread 0x00007fc8d4008000 Uncommon trap: reason=class_check action=maybe_recompile pc=0x00007fc91d606508 method=java.lang.reflect.Method.equals(Ljava/lang/Object;)Z @ 5
Event: 6.619 Thread 0x00007fc8d4008000 Uncommon trap: reason=class_check action=maybe_recompile pc=0x00007fc91d606508 method=java.lang.reflect.Method.equals(Ljava/lang/Object;)Z @ 5
Event: 6.622 Thread 0x00007fc8d4008000 Uncommon trap: reason=class_check action=maybe_recompile pc=0x00007fc91d606508 method=java.lang.reflect.Method.equals(Ljava/lang/Object;)Z @ 5
Event: 6.706 Thread 0x00007fc8d4008000 Uncommon trap: reason=unstable_if action=reinterpret pc=0x00007fc91d3a5bbc method=java.lang.ref.ReferenceQueue.poll()Ljava/lang/ref/Reference; @ 4
Event: 10.513 Thread 0x00007fc8d4008000 Uncommon trap: reason=unstable_if action=reinterpret pc=0x00007fc91d26e584 method=java.io.UnixFileSystem.resolve(Ljava/lang/String;Ljava/lang/String;)Ljava/lang/String; @ 18

Internal exceptions (10 events):
Event: 19.788 Thread 0x00007fc8d4008000 Exception <a 'java/lang/ClassNotFoundException': org/gradle/api/internal/artifacts/repositories/DefaultMavenArtifactRepositoryCustomizer> (0x00000000e2397ef8) thrown at [/ssd/Android/AOSP-openjdk/external/jetbrains/jdk/hotspot/src/share/vm/classfile/syste
Event: 19.795 Thread 0x00007fc8d4008000 Exception <a 'java/lang/ClassNotFoundException': org/gradle/api/internal/artifacts/repositories/DefaultMavenArtifactRepository_DecoratedCustomizer> (0x00000000e23d84f8) thrown at [/ssd/Android/AOSP-openjdk/external/jetbrains/jdk/hotspot/src/share/vm/class
Event: 29.577 Thread 0x00007fc8d4008000 Exception <a 'java/lang/ClassNotFoundException': build_c3jl5z75kqrd1xqitkj1g17p5BeanInfo> (0x00000000e2b89870) thrown at [/ssd/Android/AOSP-openjdk/external/jetbrains/jdk/hotspot/src/share/vm/classfile/systemDictionary.cpp, line 210]
Event: 29.577 Thread 0x00007fc8d4008000 Exception <a 'java/lang/ClassNotFoundException': org/gradle/api/internal/project/ProjectScriptBeanInfo> (0x00000000e2b9ae90) thrown at [/ssd/Android/AOSP-openjdk/external/jetbrains/jdk/hotspot/src/share/vm/classfile/systemDictionary.cpp, line 210]
Event: 29.578 Thread 0x00007fc8d4008000 Exception <a 'java/lang/ClassNotFoundException': org/gradle/api/internal/project/ProjectScriptCustomizer> (0x00000000e2bac8f0) thrown at [/ssd/Android/AOSP-openjdk/external/jetbrains/jdk/hotspot/src/share/vm/classfile/systemDictionary.cpp, line 210]
Event: 29.580 Thread 0x00007fc8d4008000 Exception <a 'java/lang/ClassNotFoundException': build_c3jl5z75kqrd1xqitkj1g17p5Customizer> (0x00000000e2bcc380) thrown at [/ssd/Android/AOSP-openjdk/external/jetbrains/jdk/hotspot/src/share/vm/classfile/systemDictionary.cpp, line 210]
Event: 52.038 Thread 0x00007fc8d4008000 Exception <a 'java/lang/ClassNotFoundException': org/gradle/api/internal/artifacts/dsl/dependencies/DefaultDependencyHandler_DecoratedBeanInfo> (0x00000000e37be900) thrown at [/ssd/Android/AOSP-openjdk/external/jetbrains/jdk/hotspot/src/share/vm/classfile
Event: 52.042 Thread 0x00007fc8d4008000 Exception <a 'java/lang/ClassNotFoundException': org/gradle/api/internal/artifacts/dsl/dependencies/DefaultDependencyHandlerBeanInfo> (0x00000000e37ecad0) thrown at [/ssd/Android/AOSP-openjdk/external/jetbrains/jdk/hotspot/src/share/vm/classfile/systemDic
Event: 52.043 Thread 0x00007fc8d4008000 Exception <a 'java/lang/ClassNotFoundException': org/gradle/api/internal/artifacts/dsl/dependencies/DefaultDependencyHandlerCustomizer> (0x00000000e381b2d8) thrown at [/ssd/Android/AOSP-openjdk/external/jetbrains/jdk/hotspot/src/share/vm/classfile/systemD
Event: 52.045 Thread 0x00007fc8d4008000 Exception <a 'java/lang/ClassNotFoundException': org/gradle/api/internal/artifacts/dsl/dependencies/DefaultDependencyHandler_DecoratedCustomizer> (0x00000000e385d320) thrown at [/ssd/Android/AOSP-openjdk/external/jetbrains/jdk/hotspot/src/share/vm/classfi

Events (10 events):
Event: 75.389 loading class org/gradle/api/internal/artifacts/ivyservice/ivyresolve/DefaultVersionedComponentChooser done
Event: 75.391 loading class org/gradle/api/internal/artifacts/ComponentSelectionInternal
Event: 75.391 loading class org/gradle/api/internal/artifacts/ComponentSelectionInternal done
Event: 75.393 loading class org/gradle/api/artifacts/ComponentSelection
Event: 75.393 loading class org/gradle/api/artifacts/ComponentSelection done
Event: 75.397 loading class org/gradle/api/internal/artifacts/ivyservice/ivyresolve/Versioned
Event: 75.397 loading class org/gradle/api/internal/artifacts/ivyservice/ivyresolve/Versioned done
Event: 75.399 loading class org/gradle/api/internal/artifacts/ivyservice/ivyresolve/ComponentSelectionRulesProcessor
Event: 75.399 loading class org/gradle/api/internal/artifacts/ivyservice/ivyresolve/ComponentSelectionRulesProcessor done
Event: 75.403 Executing VM operation: ParallelGCFailedAllocation


Dynamic libraries:
00400000-00401000 r-xp 00000000 08:01 2630149                            /usr/local/android-studio/jre/bin/java
00600000-00601000 r--p 00000000 08:01 2630149                            /usr/local/android-studio/jre/bin/java
00601000-00602000 rw-p 00001000 08:01 2630149                            /usr/local/android-studio/jre/bin/java
014d9000-014fa000 rw-p 00000000 00:00 0                                  [heap]
a0000000-a2880000 rw-p 00000000 00:00 0 
a2880000-e0000000 ---p 00000000 00:00 0 
e0000000-e4e00000 rw-p 00000000 00:00 0 
e6600000-100000000 ---p 00000000 00:00 0 
100000000-1003ac000 rw-p 00000000 00:00 0 
1003ac000-140000000 ---p 00000000 00:00 0 
7fc8b4000000-7fc8b4021000 rw-p 00000000 00:00 0 
7fc8b4021000-7fc8b8000000 ---p 00000000 00:00 0 
7fc8bc000000-7fc8bc021000 rw-p 00000000 00:00 0 
7fc8bc021000-7fc8c0000000 ---p 00000000 00:00 0 
7fc8c0000000-7fc8c0021000 rw-p 00000000 00:00 0 
7fc8c0021000-7fc8c4000000 ---p 00000000 00:00 0 
7fc8c4000000-7fc8c4021000 rw-p 00000000 00:00 0 
7fc8c4021000-7fc8c8000000 ---p 00000000 00:00 0 
7fc8c8000000-7fc8c8021000 rw-p 00000000 00:00 0 
7fc8c8021000-7fc8cc000000 ---p 00000000 00:00 0 
7fc8cc000000-7fc8cc021000 rw-p 00000000 00:00 0 
7fc8cc021000-7fc8d0000000 ---p 00000000 00:00 0 
7fc8d0000000-7fc8d0e59000 rw-p 00000000 00:00 0 
7fc8d0e59000-7fc8d4000000 ---p 00000000 00:00 0 
7fc8d4000000-7fc8d4021000 rw-p 00000000 00:00 0 
7fc8d4021000-7fc8d8000000 ---p 00000000 00:00 0 
7fc8d8000000-7fc8d8021000 rw-p 00000000 00:00 0 
7fc8d8021000-7fc8dc000000 ---p 00000000 00:00 0 
7fc8dc000000-7fc8dc021000 rw-p 00000000 00:00 0 
7fc8dc021000-7fc8e0000000 ---p 00000000 00:00 0 
7fc8e0000000-7fc8e0076000 rw-p 00000000 00:00 0 
7fc8e0076000-7fc8e4000000 ---p 00000000 00:00 0 
7fc8e4000000-7fc8e4a48000 rw-p 00000000 00:00 0 
7fc8e4a48000-7fc8e8000000 ---p 00000000 00:00 0 
7fc8e8000000-7fc8e8021000 rw-p 00000000 00:00 0 
7fc8e8021000-7fc8ec000000 ---p 00000000 00:00 0 
7fc8ec000000-7fc8ee2c3000 rw-p 00000000 00:00 0 
7fc8ee2c3000-7fc8f0000000 ---p 00000000 00:00 0 
7fc8f0000000-7fc8f243b000 rw-p 00000000 00:00 0 
7fc8f243b000-7fc8f4000000 ---p 00000000 00:00 0 
7fc8f4000000-7fc8f4021000 rw-p 00000000 00:00 0 
7fc8f4021000-7fc8f8000000 ---p 00000000 00:00 0 
7fc8f8e7b000-7fc8f8e7e000 ---p 00000000 00:00 0 
7fc8f8e7e000-7fc8f8f7c000 rw-p 00000000 00:00 0 
7fc8f8f7c000-7fc8f8f7f000 ---p 00000000 00:00 0 
7fc8f8f7f000-7fc8f8fb5000 rw-p 00000000 00:00 0 
7fc8f8fb5000-7fc8f8fb6000 r--p 00000000 00:00 0 
7fc8f8fb6000-7fc8f91b6000 rw-p 00000000 00:00 0 
7fc8f91b6000-7fc8f93b6000 rw-p 00000000 00:00 0 
7fc8f93b6000-7fc8f95b6000 rw-p 00000000 00:00 0 
7fc8f95b6000-7fc8f97b6000 rw-p 00000000 00:00 0 
7fc8f97b6000-7fc8f982f000 r--s 010ed000 08:01 2630159                    /usr/local/android-studio/jre/lib/tools.jar
7fc8f982f000-7fc8f9a2f000 rw-p 00000000 00:00 0 
7fc8f9a2f000-7fc8f9a32000 ---p 00000000 00:00 0 
7fc8f9a32000-7fc8f9b30000 rw-p 00000000 00:00 0 
7fc8f9b30000-7fc8f9b33000 ---p 00000000 00:00 0 
7fc8f9b33000-7fc8f9c31000 rw-p 00000000 00:00 0 
7fc8f9c31000-7fc8f9c34000 ---p 00000000 00:00 0 
7fc8f9c34000-7fc8f9d32000 rw-p 00000000 00:00 0 
7fc8f9d32000-7fc8f9d35000 ---p 00000000 00:00 0 
7fc8f9d35000-7fc8f9e33000 rw-p 00000000 00:00 0 
7fc8f9e33000-7fc8f9e36000 ---p 00000000 00:00 0 
7fc8f9e36000-7fc8fa134000 rw-p 00000000 00:00 0 
7fc8fa134000-7fc8fa137000 ---p 00000000 00:00 0 
7fc8fa137000-7fc8fa235000 rw-p 00000000 00:00 0 
7fc8fa235000-7fc8fa238000 ---p 00000000 00:00 0 
7fc8fa238000-7fc8fa336000 rw-p 00000000 00:00 0 
7fc8fa336000-7fc8fa33d000 r--s 00000000 08:01 394450                     /usr/lib/x86_64-linux-gnu/gconv/gconv-modules.cache
7fc8fa33d000-7fc8fa53d000 rw-p 00000000 00:00 0 
7fc8fa53d000-7fc8fa540000 ---p 00000000 00:00 0 
7fc8fa540000-7fc8fa63e000 rw-p 00000000 00:00 0 
7fc8fa63e000-7fc8fa647000 r-xp 00000000 08:01 2630245                    /usr/local/android-studio/jre/jre/lib/amd64/libmanagement.so
7fc8fa647000-7fc8fa846000 ---p 00009000 08:01 2630245                    /usr/local/android-studio/jre/jre/lib/amd64/libmanagement.so
7fc8fa846000-7fc8fa847000 r--p 00008000 08:01 2630245                    /usr/local/android-studio/jre/jre/lib/amd64/libmanagement.so
7fc8fa847000-7fc8fa848000 rw-p 00009000 08:01 2630245                    /usr/local/android-studio/jre/jre/lib/amd64/libmanagement.so
7fc8fa848000-7fc8fa84d000 r--s 00098000 08:01 2630206                    /usr/local/android-studio/jre/jre/lib/jsse.jar
7fc8fa84d000-7fc8fa84f000 r--s 00007000 08:01 1320815                    /home/jk/.gradle/wrapper/dists/gradle-3.3-all/55gk2rcmfc6p2dg9u9ohc3hw9/gradle-3.3/lib/plugins/gradle-tooling-api-builders-3.3.jar
7fc8fa84f000-7fc8fa852000 r--s 00009000 08:01 1320808                    /home/jk/.gradle/wrapper/dists/gradle-3.3-all/55gk2rcmfc6p2dg9u9ohc3hw9/gradle-3.3/lib/plugins/gradle-testing-native-3.3.jar
7fc8fa852000-7fc8fa858000 r--s 00033000 08:01 1320883                    /home/jk/.gradle/wrapper/dists/gradle-3.3-all/55gk2rcmfc6p2dg9u9ohc3hw9/gradle-3.3/lib/plugins/snakeyaml-1.6.jar
7fc8fa858000-7fc8fa85a000 r--s 00006000 08:01 1320882                    /home/jk/.gradle/wrapper/dists/gradle-3.3-all/55gk2rcmfc6p2dg9u9ohc3hw9/gradle-3.3/lib/plugins/jcommander-1.12.jar
7fc8fa85a000-7fc8fa85f000 r--s 00040000 08:01 1320881                    /home/jk/.gradle/wrapper/dists/gradle-3.3-all/55gk2rcmfc6p2dg9u9ohc3hw9/gradle-3.3/lib/plugins/bsh-2.0b4.jar
7fc8fa85f000-7fc8fa861000 r--s 00009000 08:01 1320889                    /home/jk/.gradle/wrapper/dists/gradle-3.3-all/55gk2rcmfc6p2dg9u9ohc3hw9/gradle-3.3/lib/plugins/hamcrest-core-1.3.jar
7fc8fa861000-7fc8fa86a000 r--s 00089000 08:01 1320840                    /home/jk/.gradle/wrapper/dists/gradle-3.3-all/55gk2rcmfc6p2dg9u9ohc3hw9/gradle-3.3/lib/plugins/testng-6.3.1.jar
7fc8fa86a000-7fc8fa872000 r--s 00045000 08:01 1320839                    /home/jk/.gradle/wrapper/dists/gradle-3.3-all/55gk2rcmfc6p2dg9u9ohc3hw9/gradle-3.3/lib/plugins/junit-4.12.jar
7fc8fa872000-7fc8fa878000 r--s 0002e000 08:01 1320809                    /home/jk/.gradle/wrapper/dists/gradle-3.3-all/55gk2rcmfc6p2dg9u9ohc3hw9/gradle-3.3/lib/plugins/gradle-testing-jvm-3.3.jar
7fc8fa878000-7fc8fa87c000 r--s 00016000 08:01 1320807                    /home/jk/.gradle/wrapper/dists/gradle-3.3-all/55gk2rcmfc6p2dg9u9ohc3hw9/gradle-3.3/lib/plugins/gradle-testing-base-3.3.jar
7fc8fa87c000-7fc8fa883000 r--s 00038000 08:01 1320834                    /home/jk/.gradle/wrapper/dists/gradle-3.3-all/55gk2rcmfc6p2dg9u9ohc3hw9/gradle-3.3/lib/plugins/bcpg-jdk15on-1.51.jar
7fc8fa883000-7fc8fa885000 r--s 0000c000 08:01 1320786                    /home/jk/.gradle/wrapper/dists/gradle-3.3-all/55gk2rcmfc6p2dg9u9ohc3hw9/gradle-3.3/lib/plugins/gradle-signing-3.3.jar
7fc8fa885000-7fc8fa887000 r--s 00007000 08:01 1320785                    /home/jk/.gradle/wrapper/dists/gradle-3.3-all/55gk2rcmfc6p2dg9u9ohc3hw9/gradle-3.3/lib/plugins/gradle-scala-3.3.jar
7fc8fa887000-7fc8fa888000 r--s 00004000 08:01 1320813                    /home/jk/.gradle/wrapper/dists/gradle-3.3-all/55gk2rcmfc6p2dg9u9ohc3hw9/gradle-3.3/lib/plugins/gradle-resources-sftp-3.3.jar
7fc8fa888000-7fc8fa898000 r--s 00088000 08:01 1320850                    /home/jk/.gradle/wrapper/dists/gradle-3.3-all/55gk2rcmfc6p2dg9u9ohc3hw9/gradle-3.3/lib/plugins/joda-time-2.8.2.jar
7fc8fa898000-7fc8fa8a9000 r--s 0010d000 08:01 1320849                    /home/jk/.gradle/wrapper/dists/gradle-3.3-all/55gk2rcmfc6p2dg9u9ohc3hw9/gradle-3.3/lib/plugins/jackson-databind-2.6.6.jar
7fc8fa8a9000-7fc8fa8ac000 r--s 00009000 08:01 1320848                    /home/jk/.gradle/wrapper/dists/gradle-3.3-all/55gk2rcmfc6p2dg9u9ohc3hw9/gradle-3.3/lib/plugins/jackson-annotations-2.6.6.jar
7fc8fa8ac000-7fc8fa8b0000 r--s 0003c000 08:01 1320847                    /home/jk/.gradle/wrapper/dists/gradle-3.3-all/55gk2rcmfc6p2dg9u9ohc3hw9/gradle-3.3/lib/plugins/jackson-core-2.6.6.jar
7fc8fa8b0000-7fc8fa8be000 r--s 00087000 08:01 1320846                    /home/jk/.gradle/wrapper/dists/gradle-3.3-all/55gk2rcmfc6p2dg9u9ohc3hw9/gradle-3.3/lib/plugins/aws-java-sdk-core-1.11.6.jar
7fc8fa8be000-7fc8fa8c5000 r--s 00057000 08:01 1320845                    /home/jk/.gradle/wrapper/dists/gradle-3.3-all/55gk2rcmfc6p2dg9u9ohc3hw9/gradle-3.3/lib/plugins/aws-java-sdk-kms-1.11.6.jar
7fc8fa8c5000-7fc8fa8d2000 r--s 0008e000 08:01 1320844                    /home/jk/.gradle/wrapper/dists/gradle-3.3-all/55gk2rcmfc6p2dg9u9ohc3hw9/gradle-3.3/lib/plugins/aws-java-sdk-s3-1.11.6.jar
7fc8fa8d2000-7fc8fa8d4000 r--s 00004000 08:01 1320814                    /home/jk/.gradle/wrapper/dists/gradle-3.3-all/55gk2rcmfc6p2dg9u9ohc3hw9/gradle-3.3/lib/plugins/gradle-resources-s3-3.3.jar
7fc8fa8d4000-7fc8fa8d6000 r--s 00005000 08:01 1320838                    /home/jk/.gradle/wrapper/dists/gradle-3.3-all/55gk2rcmfc6p2dg9u9ohc3hw9/gradle-3.3/lib/plugins/jatl-0.2.2.jar
7fc8fa8d6000-7fc8fa8d8000 r--s 0000f000 08:01 1320791                    /home/jk/.gradle/wrapper/dists/gradle-3.3-all/55gk2rcmfc6p2dg9u9ohc3hw9/gradle-3.3/lib/plugins/gradle-reporting-3.3.jar
7fc8fa8d8000-7fc8fa8da000 r--s 00002000 08:01 1320792                    /home/jk/.gradle/wrapper/dists/gradle-3.3-all/55gk2rcmfc6p2dg9u9ohc3hw9/gradle-3.3/lib/plugins/gradle-publish-3.3.jar
7fc8fa8da000-7fc8fa8dc000 r--s 00009000 08:01 1320821                    /home/jk/.gradle/wrapper/dists/gradle-3.3-all/55gk2rcmfc6p2dg9u9ohc3hw9/gradle-3.3/lib/plugins/commons-cli-1.2.jar
7fc8fa8dc000-7fc8fa8e2000 r--s 00031000 08:01 1320777                    /home/jk/.gradle/wrapper/dists/gradle-3.3-all/55gk2rcmfc6p2dg9u9ohc3hw9/gradle-3.3/lib/plugins/gradle-plugins-3.3.jar
7fc8fa8e2000-7fc8fa8e4000 r--s 00009000 08:01 1320810                    /home/jk/.gradle/wrapper/dists/gradle-3.3-all/55gk2rcmfc6p2dg9u9ohc3hw9/gradle-3.3/lib/plugins/gradle-plugin-development-3.3.jar
7fc8fa8e4000-7fc8fa8ea000 r--s 0002b000 08:01 1320803                    /home/jk/.gradle/wrapper/dists/gradle-3.3-all/55gk2rcmfc6p2dg9u9ohc3hw9/gradle-3.3/lib/plugins/gradle-platform-play-3.3.jar
7fc8fa8ea000-7fc8fa8f8000 r--s 00055000 08:01 1320802                    /home/jk/.gradle/wrapper/dists/gradle-3.3-all/55gk2rcmfc6p2dg9u9ohc3hw9/gradle-3.3/lib/plugins/gradle-platform-native-3.3.jar
7fc8fa8f8000-7fc8fa8fd000 r--s 0001f000 08:01 1320797                    /home/jk/.gradle/wrapper/dists/gradle-3.3-all/55gk2rcmfc6p2dg9u9ohc3hw9/gradle-3.3/lib/plugins/gradle-platform-jvm-3.3.jar
7fc8fa8fd000-7fc8fa905000 r--s 00027000 08:01 1320796                    /home/jk/.gradle/wrapper/dists/gradle-3.3-all/55gk2rcmfc6p2dg9u9ohc3hw9/gradle-3.3/lib/plugins/gradle-platform-base-3.3.jar
7fc8fa905000-7fc8fa92d000 r--s 0021c000 08:01 1320829                    /home/jk/.gradle/wrapper/dists/gradle-3.3-all/55gk2rcmfc6p2dg9u9ohc3hw9/gradle-3.3/lib/plugins/biz.aQute.bndlib-3.2.0.jar
7fc8fa92d000-7fc8fa92f000 r--s 00003000 08:01 1320781                    /home/jk/.gradle/wrapper/dists/gradle-3.3-all/55gk2rcmfc6p2dg9u9ohc3hw9/gradle-3.3/lib/plugins/gradle-osgi-3.3.jar
7fc8fa92f000-7fc8fa932000 r--s 0000c000 08:01 1320832                    /home/jk/.gradle/wrapper/dists/gradle-3.3-all/55gk2rcmfc6p2dg9u9ohc3hw9/gradle-3.3/lib/plugins/pmaven-groovy-0.8-20100325.jar
7fc8fa932000-7fc8fa933000 r--s 00004000 08:01 1320831                    /home/jk/.gradle/wrapper/dists/gradle-3.3-all/55gk2rcmfc6p2dg9u9ohc3hw9/gradle-3.3/lib/plugins/pmaven-common-0.8-20100325.jar
7fc8fa933000-7fc8fa939000 r--s 00023000 08:01 1320782                    /home/jk/.gradle/wrapper/dists/gradle-3.3-all/55gk2rcmfc6p2dg9u9ohc3hw9/gradle-3.3/lib/plugins/gradle-maven-3.3.jar
7fc8fa939000-7fc8fa93c000 r--s 0000b000 08:01 1320801                    /home/jk/.gradle/wrapper/dists/gradle-3.3-all/55gk2rcmfc6p2dg9u9ohc3hw9/gradle-3.3/lib/plugins/gradle-language-scala-3.3.jar
7fc8fa93c000-7fc8fa942000 r--s 0001a000 08:01 1320805                    /home/jk/.gradle/wrapper/dists/gradle-3.3-all/55gk2rcmfc6p2dg9u9ohc3hw9/gradle-3.3/lib/plugins/gradle-language-native-3.3.jar
7fc8fa942000-7fc8fa945000 r--s 00005000 08:01 1320798                    /home/jk/.gradle/wrapper/dists/gradle-3.3-all/55gk2rcmfc6p2dg9u9ohc3hw9/gradle-3.3/lib/plugins/gradle-language-jvm-3.3.jar
7fc8fa945000-7fc8fa94b000 r--s 00027000 08:01 1320799                    /home/jk/.gradle/wrapper/dists/gradle-3.3-all/55gk2rcmfc6p2dg9u9ohc3hw9/gradle-3.3/lib/plugins/gradle-language-java-3.3.jar
7fc8fa94b000-7fc8fa94d000 r--s 0000a000 08:01 1320800                    /home/jk/.gradle/wrapper/dists/gradle-3.3-all/55gk2rcmfc6p2dg9u9ohc3hw9/gradle-3.3/lib/plugins/gradle-language-groovy-3.3.jar
7fc8fa94d000-7fc8fa950000 r--s 0001e000 08:01 1320856                    /home/jk/.gradle/wrapper/dists/gradle-3.3-all/55gk2rcmfc6p2dg9u9ohc3hw9/gradle-3.3/lib/plugins/jsp-api-2.1-6.1.14.jar
7fc8fa950000-7fc8fa973000 r--s 00344000 08:01 1320855                    /home/jk/.gradle/wrapper/dists/gradle-3.3-all/55gk2rcmfc6p2dg9u9ohc3hw9/gradle-3.3/lib/plugins/core-3.1.1.jar
7fc8fa973000-7fc8fa974000 r--s 00006000 08:01 1320854                    /home/jk/.gradle/wrapper/dists/gradle-3.3-all/55gk2rcmfc6p2dg9u9ohc3hw9/gradle-3.3/lib/plugins/jetty-naming-6.1.26.jar
7fc8fa974000-7fc8fa975000 r--s 00002000 08:01 1320828                    /home/jk/.gradle/wrapper/dists/gradle-3.3-all/55gk2rcmfc6p2dg9u9ohc3hw9/gradle-3.3/lib/plugins/geronimo-annotation_1.0_spec-1.0.jar
7fc8fa975000-7fc8fa977000 r--s 00002000 08:01 1320827                    /home/jk/.gradle/wrapper/dists/gradle-3.3-all/55gk2rcmfc6p2dg9u9ohc3hw9/gradle-3.3/lib/plugins/jetty-annotations-6.1.26.jar
7fc8fa977000-7fc8fa988000 r--s 000ea000 08:01 1320826                    /home/jk/.gradle/wrapper/dists/gradle-3.3-all/55gk2rcmfc6p2dg9u9ohc3hw9/gradle-3.3/lib/plugins/jsp-2.1-6.1.14.jar
7fc8fa988000-7fc8fa98a000 r--s 0000d000 08:01 1320825                    /home/jk/.gradle/wrapper/dists/gradle-3.3-all/55gk2rcmfc6p2dg9u9ohc3hw9/gradle-3.3/lib/plugins/jetty-plus-6.1.26.jar
7fc8fa98a000-7fc8fa98c000 r--s 0001f000 08:01 1320824                    /home/jk/.gradle/wrapper/dists/gradle-3.3-all/55gk2rcmfc6p2dg9u9ohc3hw9/gradle-3.3/lib/plugins/servlet-api-2.5-20081211.jar
7fc8fa98c000-7fc8fa993000 r--s 0007d000 08:01 1320822                    /home/jk/.gradle/wrapper/dists/gradle-3.3-all/55gk2rcmfc6p2dg9u9ohc3hw9/gradle-3.3/lib/plugins/jetty-6.1.26.jar
7fc8fa993000-7fc8fa99a000 r--s 00035000 08:01 1320837                    /home/jk/.gradle/wrapper/dists/gradle-3.3-all/55gk2rcmfc6p2dg9u9ohc3hw9/gradle-3.3/lib/plugins/simple-4.1.21.jar
7fc8fa99a000-7fc8fa9b0000 r-xp 00000000 08:01 3150347                    /lib/x86_64-linux-gnu/libgcc_s.so.1
7fc8fa9b0000-7fc8fabaf000 ---p 00016000 08:01 3150347                    /lib/x86_64-linux-gnu/libgcc_s.so.1
7fc8fabaf000-7fc8fabb0000 rw-p 00015000 08:01 3150347                    /lib/x86_64-linux-gnu/libgcc_s.so.1
7fc8fabb0000-7fc8fc000000 r--p 00000000 08:01 263949                     /usr/lib/locale/locale-archive
7fc8fc000000-7fc8fc021000 rw-p 00000000 00:00 0 
7fc8fc021000-7fc900000000 ---p 00000000 00:00 0 
7fc900000000-7fc900021000 rw-p 00000000 00:00 0 
7fc900021000-7fc904000000 ---p 00000000 00:00 0 
7fc904000000-7fc904298000 rw-p 00000000 00:00 0 
7fc904298000-7fc908000000 ---p 00000000 00:00 0 
7fc908000000-7fc908004000 r--s 00028000 08:01 1320823                    /home/jk/.gradle/wrapper/dists/gradle-3.3-all/55gk2rcmfc6p2dg9u9ohc3hw9/gradle-3.3/lib/plugins/jetty-util-6.1.26.jar
7fc908004000-7fc908006000 r--s 0000a000 08:01 1320779                    /home/jk/.gradle/wrapper/dists/gradle-3.3-all/55gk2rcmfc6p2dg9u9ohc3hw9/gradle-3.3/lib/plugins/gradle-jetty-3.3.jar
7fc908006000-7fc908012000 r--s 00100000 08:01 1320835                    /home/jk/.gradle/wrapper/dists/gradle-3.3-all/55gk2rcmfc6p2dg9u9ohc3hw9/gradle-3.3/lib/plugins/rhino-1.7R3.jar
7fc908012000-7fc908016000 r--s 00012000 08:01 1320788                    /home/jk/.gradle/wrapper/dists/gradle-3.3-all/55gk2rcmfc6p2dg9u9ohc3hw9/gradle-3.3/lib/plugins/gradle-javascript-3.3.jar
7fc908016000-7fc908018000 r--s 0000d000 08:01 1320794                    /home/jk/.gradle/wrapper/dists/gradle-3.3-all/55gk2rcmfc6p2dg9u9ohc3hw9/gradle-3.3/lib/plugins/gradle-jacoco-3.3.jar
7fc908018000-7fc90801b000 r--s 0000e000 08:01 1320793                    /home/jk/.gradle/wrapper/dists/gradle-3.3-all/55gk2rcmfc6p2dg9u9ohc3hw9/gradle-3.3/lib/plugins/gradle-ivy-3.3.jar
7fc90801b000-7fc90801c000 r--s 00002000 08:01 1320804                    /home/jk/.gradle/wrapper/dists/gradle-3.3-all/55gk2rcmfc6p2dg9u9ohc3hw9/gradle-3.3/lib/plugins/gradle-ide-play-3.3.jar
7fc90801c000-7fc90801f000 r--s 00013000 08:01 1320806                    /home/jk/.gradle/wrapper/dists/gradle-3.3-all/55gk2rcmfc6p2dg9u9ohc3hw9/gradle-3.3/lib/plugins/gradle-ide-native-3.3.jar
7fc90801f000-7fc908028000 r--s 00055000 08:01 1320783                    /home/jk/.gradle/wrapper/dists/gradle-3.3-all/55gk2rcmfc6p2dg9u9ohc3hw9/gradle-3.3/lib/plugins/gradle-ide-3.3.jar
7fc908028000-7fc90802a000 r--s 00007000 08:01 1320787                    /home/jk/.gradle/wrapper/dists/gradle-3.3-all/55gk2rcmfc6p2dg9u9ohc3hw9/gradle-3.3/lib/plugins/gradle-ear-3.3.jar
7fc90802a000-7fc908030000 r--s 00039000 08:01 1320790                    /home/jk/.gradle/wrapper/dists/gradle-3.3-all/55gk2rcmfc6p2dg9u9ohc3hw9/gradle-3.3/lib/plugins/gradle-diagnostics-3.3.jar
7fc908030000-7fc908031000 r--s 00009000 08:01 1320816                    /home/jk/.gradle/wrapper/dists/gradle-3.3-all/55gk2rcmfc6p2dg9u9ohc3hw9/gradle-3.3/lib/plugins/gradle-composite-builds-3.3.jar
7fc908031000-7fc908035000 r--s 00023000 08:01 1320778                    /home/jk/.gradle/wrapper/dists/gradle-3.3-all/55gk2rcmfc6p2dg9u9ohc3hw9/gradle-3.3/lib/plugins/gradle-code-quality-3.3.jar
7fc908035000-7fc908039000 r--s 00022000 08:01 1320795                    /home/jk/.gradle/wrapper/dists/gradle-3.3-all/55gk2rcmfc6p2dg9u9ohc3hw9/gradle-3.3/lib/plugins/gradle-build-init-3.3.jar
7fc908039000-7fc90803f000 r--s 0008e000 08:01 1320789                    /home/jk/.gradle/wrapper/dists/gradle-3.3-all/55gk2rcmfc6p2dg9u9ohc3hw9/gradle-3.3/lib/plugins/gradle-build-comparison-3.3.jar
7fc90803f000-7fc908040000 r--s 00001000 08:01 1320817                    /home/jk/.gradle/wrapper/dists/gradle-3.3-all/55gk2rcmfc6p2dg9u9ohc3hw9/gradle-3.3/lib/plugins/gradle-build-cache-http-3.3.jar
7fc908040000-7fc908042000 r--s 00008000 08:01 1320780                    /home/jk/.gradle/wrapper/dists/gradle-3.3-all/55gk2rcmfc6p2dg9u9ohc3hw9/gradle-3.3/lib/plugins/gradle-antlr-3.3.jar
7fc908042000-7fc908044000 r--s 00004000 08:01 1320784                    /home/jk/.gradle/wrapper/dists/gradle-3.3-all/55gk2rcmfc6p2dg9u9ohc3hw9/gradle-3.3/lib/plugins/gradle-announce-3.3.jar
7fc908044000-7fc90805c000 r--s 00115000 08:01 1320886                    /home/jk/.gradle/wrapper/dists/gradle-3.3-all/55gk2rcmfc6p2dg9u9ohc3hw9/gradle-3.3/lib/plugins/xercesImpl-2.9.1.jar
7fc90805c000-7fc908064000 r--s 00028000 08:01 1320887                    /home/jk/.gradle/wrapper/dists/gradle-3.3-all/55gk2rcmfc6p2dg9u9ohc3hw9/gradle-3.3/lib/plugins/xml-apis-1.3.04.jar
7fc908064000-7fc90806a000 r--s 0005b000 08:01 1320885                    /home/jk/.gradle/wrapper/dists/gradle-3.3-all/55gk2rcmfc6p2dg9u9ohc3hw9/gradle-3.3/lib/plugins/jcifs-1.3.17.jar
7fc90806a000-7fc908070000 r--s 00033000 08:01 1320833                    /home/jk/.gradle/wrapper/dists/gradle-3.3-all/55gk2rcmfc6p2dg9u9ohc3hw9/gradle-3.3/lib/plugins/commons-codec-1.6.jar
7fc908070000-7fc908077000 r--s 00049000 08:01 1320884                    /home/jk/.gradle/wrapper/dists/gradle-3.3-all/55gk2rcmfc6p2dg9u9ohc3hw9/gradle-3.3/lib/plugins/httpcore-4.4.4.jar
7fc908077000-7fc90807a000 r--s 0001c000 08:01 1320842                    /home/jk/.gradle/wrapper/dists/gradle-3.3-all/55gk2rcmfc6p2dg9u9ohc3hw9/gradle-3.3/lib/plugins/nekohtml-1.9.14.jar
7fc90807a000-7fc908087000 r--s 000a4000 08:01 1320841                    /home/jk/.gradle/wrapper/dists/gradle-3.3-all/55gk2rcmfc6p2dg9u9ohc3hw9/gradle-3.3/lib/plugins/httpclient-4.4.1.jar
7fc908087000-7fc90808a000 r--s 0000a000 08:01 1320812                    /home/jk/.gradle/wrapper/dists/gradle-3.3-all/55gk2rcmfc6p2dg9u9ohc3hw9/gradle-3.3/lib/plugins/gradle-resources-http-3.3.jar
7fc90808a000-7fc90808e000 r--s 00015000 08:01 1320811                    /home/jk/.gradle/wrapper/dists/gradle-3.3-all/55gk2rcmfc6p2dg9u9ohc3hw9/gradle-3.3/lib/plugins/gradle-plugin-use-3.3.jar
7fc90808e000-7fc90808f000 r--s 00000000 08:01 1320723                    /home/jk/.gradle/wrapper/dists/gradle-3.3-all/55gk2rcmfc6p2dg9u9ohc3hw9/gradle-3.3/lib/gradle-installation-beacon-3.3.jar
7fc90808f000-7fc908091000 r--s 00006000 08:01 1320880                    /home/jk/.gradle/wrapper/dists/gradle-3.3-all/55gk2rcmfc6p2dg9u9ohc3hw9/gradle-3.3/lib/plugins/aether-connector-wagon-1.13.1.jar
7fc908091000-7fc908095000 r--s 0001c000 08:01 1320879                    /home/jk/.gradle/wrapper/dists/gradle-3.3-all/55gk2rcmfc6p2dg9u9ohc3hw9/gradle-3.3/lib/plugins/aether-util-1.13.1.jar
7fc908095000-7fc908096000 r--s 00003000 08:01 1320878                    /home/jk/.gradle/wrapper/dists/gradle-3.3-all/55gk2rcmfc6p2dg9u9ohc3hw9/gradle-3.3/lib/plugins/aether-spi-1.13.1.jar
7fc908096000-7fc908099000 r--s 0001d000 08:01 1320877                    /home/jk/.gradle/wrapper/dists/gradle-3.3-all/55gk2rcmfc6p2dg9u9ohc3hw9/gradle-3.3/lib/plugins/aether-impl-1.13.1.jar
7fc908099000-7fc90809c000 r--s 00013000 08:01 1320876                    /home/jk/.gradle/wrapper/dists/gradle-3.3-all/55gk2rcmfc6p2dg9u9ohc3hw9/gradle-3.3/lib/plugins/aether-api-1.13.1.jar
7fc90809c000-7fc90809d000 r--s 00007000 08:01 1320875                    /home/jk/.gradle/wrapper/dists/gradle-3.3-all/55gk2rcmfc6p2dg9u9ohc3hw9/gradle-3.3/lib/plugins/wagon-http-shared4-2.4.jar
7fc90809d000-7fc90809f000 r--s 0000b000 08:01 1320874                    /home/jk/.gradle/wrapper/dists/gradle-3.3-all/55gk2rcmfc6p2dg9u9ohc3hw9/gradle-3.3/lib/plugins/wagon-provider-api-2.4.jar
7fc90809f000-7fc9080a0000 r--s 00002000 08:01 1320873                    /home/jk/.gradle/wrapper/dists/gradle-3.3-all/55gk2rcmfc6p2dg9u9ohc3hw9/gradle-3.3/lib/plugins/wagon-http-2.4.jar
7fc9080a0000-7fc9080a1000 r--s 00002000 08:01 1320872                    /home/jk/.gradle/wrapper/dists/gradle-3.3-all/55gk2rcmfc6p2dg9u9ohc3hw9/gradle-3.3/lib/plugins/wagon-file-2.4.jar
7fc9080a1000-7fc9080a3000 r--s 0000c000 08:01 1320871                    /home/jk/.gradle/wrapper/dists/gradle-3.3-all/55gk2rcmfc6p2dg9u9ohc3hw9/gradle-3.3/lib/plugins/maven-aether-provider-3.0.4.jar
7fc9080a3000-7fc9080a5000 r--s 0000b000 08:01 1320870                    /home/jk/.gradle/wrapper/dists/gradle-3.3-all/55gk2rcmfc6p2dg9u9ohc3hw9/gradle-3.3/lib/plugins/maven-plugin-api-3.0.4.jar
7fc9080a5000-7fc9080a7000 r--s 00006000 08:01 1320869                    /home/jk/.gradle/wrapper/dists/gradle-3.3-all/55gk2rcmfc6p2dg9u9ohc3hw9/gradle-3.3/lib/plugins/maven-repository-metadata-3.0.4.jar
7fc9080a7000-7fc9080a9000 r--s 0000b000 08:01 1320868                    /home/jk/.gradle/wrapper/dists/gradle-3.3-all/55gk2rcmfc6p2dg9u9ohc3hw9/gradle-3.3/lib/plugins/maven-artifact-3.0.4.jar
7fc9080a9000-7fc9080ab000 r--s 00026000 08:01 1320867                    /home/jk/.gradle/wrapper/dists/gradle-3.3-all/55gk2rcmfc6p2dg9u9ohc3hw9/gradle-3.3/lib/plugins/maven-model-3.0.4.jar
7fc9080ab000-7fc9080af000 r--s 00021000 08:01 1320866                    /home/jk/.gradle/wrapper/dists/gradle-3.3-all/55gk2rcmfc6p2dg9u9ohc3hw9/gradle-3.3/lib/plugins/maven-model-builder-3.0.4.jar
7fc9080af000-7fc9080b5000 r--s 0003f000 08:01 1320865                    /home/jk/.gradle/wrapper/dists/gradle-3.3-all/55gk2rcmfc6p2dg9u9ohc3hw9/gradle-3.3/lib/plugins/maven-compat-3.0.4.jar
7fc9080b5000-7fc9080b6000 r--s 00006000 08:01 1320864                    /home/jk/.gradle/wrapper/dists/gradle-3.3-all/55gk2rcmfc6p2dg9u9ohc3hw9/gradle-3.3/lib/plugins/plexus-sec-dispatcher-1.3.jar
7fc9080b6000-7fc9080b8000 r--s 00002000 08:01 1320863                    /home/jk/.gradle/wrapper/dists/gradle-3.3-all/55gk2rcmfc6p2dg9u9ohc3hw9/gradle-3.3/lib/plugins/plexus-cipher-1.7.jar
7fc9080b8000-7fc9080ba000 r--s 0000a000 08:01 1320862                    /home/jk/.gradle/wrapper/dists/gradle-3.3-all/55gk2rcmfc6p2dg9u9ohc3hw9/gradle-3.3/lib/plugins/plexus-classworlds-2.4.jar
7fc9080ba000-7fc9080c1000 r--s 0002e000 08:01 1320861                    /home/jk/.gradle/wrapper/dists/gradle-3.3-all/55gk2rcmfc6p2dg9u9ohc3hw9/gradle-3.3/lib/plugins/plexus-container-default-1.5.5.jar
7fc9080c1000-7fc9080c3000 r--s 00000000 08:01 1320888                    /home/jk/.gradle/wrapper/dists/gradle-3.3-all/55gk2rcmfc6p2dg9u9ohc3hw9/gradle-3.3/lib/plugins/plexus-component-annotations-1.5.5.jar
7fc9080c3000-7fc9080c5000 r--s 0000d000 08:01 1320860                    /home/jk/.gradle/wrapper/dists/gradle-3.3-all/55gk2rcmfc6p2dg9u9ohc3hw9/gradle-3.3/lib/plugins/plexus-interpolation-1.14.jar
7fc9080c5000-7fc9080c9000 r--s 00033000 08:01 1320859                    /home/jk/.gradle/wrapper/dists/gradle-3.3-all/55gk2rcmfc6p2dg9u9ohc3hw9/gradle-3.3/lib/plugins/plexus-utils-2.0.6.jar
7fc9080c9000-7fc9080cc000 r--s 00008000 08:01 1320858                    /home/jk/.gradle/wrapper/dists/gradle-3.3-all/55gk2rcmfc6p2dg9u9ohc3hw9/gradle-3.3/lib/plugins/maven-settings-builder-3.0.4.jar
7fc9080cc000-7fc9080d1000 r--s 00040000 08:01 1320843                    /home/jk/.gradle/wrapper/dists/gradle-3.3-all/55gk2rcmfc6p2dg9u9ohc3hw9/gradle-3.3/lib/plugins/jsch-0.1.53.jar
7fc9080d1000-7fc908111000 r--s 00277000 08:01 1320853                    /home/jk/.gradle/wrapper/dists/gradle-3.3-all/55gk2rcmfc6p2dg9u9ohc3hw9/gradle-3.3/lib/plugins/bcprov-jdk15on-1.51.jar
7fc908111000-7fc90811d000 r--s 0007d000 08:01 1320830                    /home/jk/.gradle/wrapper/dists/gradle-3.3-all/55gk2rcmfc6p2dg9u9ohc3hw9/gradle-3.3/lib/plugins/maven-core-3.0.4.jar
7fc90811d000-7fc90813c000 r--s 000f6000 08:01 1320819                    /home/jk/.gradle/wrapper/dists/gradle-3.3-all/55gk2rcmfc6p2dg9u9ohc3hw9/gradle-3.3/lib/plugins/gradle-dependency-management-3.3.jar
7fc90813c000-7fc9082ae000 r-xp 00000000 08:01 264126                     /usr/lib/x86_64-linux-gnu/libstdc++.so.6.0.21
7fc9082ae000-7fc9084ae000 ---p 00172000 08:01 264126                     /usr/lib/x86_64-linux-gnu/libstdc++.so.6.0.21
7fc9084ae000-7fc9084b8000 r--p 00172000 08:01 264126                     /usr/lib/x86_64-linux-gnu/libstdc++.so.6.0.21
7fc9084b8000-7fc9084ba000 rw-p 0017c000 08:01 264126                     /usr/lib/x86_64-linux-gnu/libstdc++.so.6.0.21
7fc9084ba000-7fc9084be000 rw-p 00000000 00:00 0 
7fc9084be000-7fc9084c0000 r--s 0000a000 08:01 1320857                    /home/jk/.gradle/wrapper/dists/gradle-3.3-all/55gk2rcmfc6p2dg9u9ohc3hw9/gradle-3.3/lib/plugins/maven-settings-3.0.4.jar
7fc9084c0000-7fc9084c4000 r--s 0001d000 08:01 1320852                    /home/jk/.gradle/wrapper/dists/gradle-3.3-all/55gk2rcmfc6p2dg9u9ohc3hw9/gradle-3.3/lib/plugins/xbean-reflect-3.4.jar
7fc9084c4000-7fc9084c9000 r--s 00034000 08:01 1320836                    /home/jk/.gradle/wrapper/dists/gradle-3.3-all/55gk2rcmfc6p2dg9u9ohc3hw9/gradle-3.3/lib/plugins/gson-2.7.jar
7fc9084c9000-7fc9084d8000 r--s 000d9000 08:01 1320851                    /home/jk/.gradle/wrapper/dists/gradle-3.3-all/55gk2rcmfc6p2dg9u9ohc3hw9/gradle-3.3/lib/plugins/ivy-2.2.0.jar
7fc9084d8000-7fc9084da000 r--s 00005000 08:01 1320818                    /home/jk/.gradle/wrapper/dists/gradle-3.3-all/55gk2rcmfc6p2dg9u9ohc3hw9/gradle-3.3/lib/plugins/gradle-workers-3.3.jar
7fc9084da000-7fc9084df000 r-xp 00000000 08:01 1321121                    /home/jk/.gradle/native/23/linux-amd64/libnative-platform.so
7fc9084df000-7fc9086de000 ---p 00005000 08:01 1321121                    /home/jk/.gradle/native/23/linux-amd64/libnative-platform.so
7fc9086de000-7fc9086df000 rw-p 00004000 08:01 1321121                    /home/jk/.gradle/native/23/linux-amd64/libnative-platform.so
7fc9086df000-7fc9086f0000 r-xp 00000000 08:01 2630242                    /usr/local/android-studio/jre/jre/lib/amd64/libnio.so
7fc9086f0000-7fc9088ef000 ---p 00011000 08:01 2630242                    /usr/local/android-studio/jre/jre/lib/amd64/libnio.so
7fc9088ef000-7fc9088f0000 r--p 00010000 08:01 2630242                    /usr/local/android-studio/jre/jre/lib/amd64/libnio.so
7fc9088f0000-7fc9088f1000 rw-p 00011000 08:01 2630242                    /usr/local/android-studio/jre/jre/lib/amd64/libnio.so
7fc9088f1000-7fc908bf2000 rw-p 00000000 00:00 0 
7fc908bf2000-7fc908c09000 r-xp 00000000 08:01 2630241                    /usr/local/android-studio/jre/jre/lib/amd64/libnet.so
7fc908c09000-7fc908e08000 ---p 00017000 08:01 2630241                    /usr/local/android-studio/jre/jre/lib/amd64/libnet.so
7fc908e08000-7fc908e09000 r--p 00016000 08:01 2630241                    /usr/local/android-studio/jre/jre/lib/amd64/libnet.so
7fc908e09000-7fc908e0a000 rw-p 00017000 08:01 2630241                    /usr/local/android-studio/jre/jre/lib/amd64/libnet.so
7fc908e0a000-7fc908e17000 r--s 00041000 08:01 1320729                    /home/jk/.gradle/wrapper/dists/gradle-3.3-all/55gk2rcmfc6p2dg9u9ohc3hw9/gradle-3.3/lib/gradle-tooling-api-3.3.jar
7fc908e17000-7fc908e1d000 r--s 00032000 08:01 1320751                    /home/jk/.gradle/wrapper/dists/gradle-3.3-all/55gk2rcmfc6p2dg9u9ohc3hw9/gradle-3.3/lib/jaxen-1.1.jar
7fc908e1d000-7fc908e22000 r--s 00048000 08:01 1320750                    /home/jk/.gradle/wrapper/dists/gradle-3.3-all/55gk2rcmfc6p2dg9u9ohc3hw9/gradle-3.3/lib/dom4j-1.6.1.jar
7fc908e22000-7fc908e2d000 r--s 00059000 08:01 1320728                    /home/jk/.gradle/wrapper/dists/gradle-3.3-all/55gk2rcmfc6p2dg9u9ohc3hw9/gradle-3.3/lib/gradle-ui-3.3.jar
7fc908e2d000-7fc908e36000 r--s 0008c000 08:01 1320720                    /home/jk/.gradle/wrapper/dists/gradle-3.3-all/55gk2rcmfc6p2dg9u9ohc3hw9/gradle-3.3/lib/kotlin-stdlib-1.1-M02.jar
7fc908e36000-7fc908e6a000 r--s 00256000 08:01 1320718                    /home/jk/.gradle/wrapper/dists/gradle-3.3-all/55gk2rcmfc6p2dg9u9ohc3hw9/gradle-3.3/lib/kotlin-reflect-1.1-M02.jar
7fc908e6a000-7fc909000000 r--s 0157e000 08:01 1320717                    /home/jk/.gradle/wrapper/dists/gradle-3.3-all/55gk2rcmfc6p2dg9u9ohc3hw9/gradle-3.3/lib/kotlin-compiler-embeddable-1.1-M02.jar
7fc909000000-7fc90c000000 rw-p 00000000 00:00 0 
7fc90c000000-7fc90c023000 rw-p 00000000 00:00 0 
7fc90c023000-7fc910000000 ---p 00000000 00:00 0 
7fc910000000-7fc910021000 rw-p 00000000 00:00 0 
7fc910021000-7fc914000000 ---p 00000000 00:00 0 
7fc914000000-7fc914021000 rw-p 00000000 00:00 0 
7fc914021000-7fc918000000 ---p 00000000 00:00 0 
7fc918000000-7fc918021000 rw-p 00000000 00:00 0 
7fc918021000-7fc91c000000 ---p 00000000 00:00 0 
7fc91c000000-7fc91c001000 r--s 00006000 08:01 1320722                    /home/jk/.gradle/wrapper/dists/gradle-3.3-all/55gk2rcmfc6p2dg9u9ohc3hw9/gradle-3.3/lib/gradle-wrapper-3.3.jar
7fc91c001000-7fc91c003000 r--s 00002000 08:01 1320749                    /home/jk/.gradle/wrapper/dists/gradle-3.3-all/55gk2rcmfc6p2dg9u9ohc3hw9/gradle-3.3/lib/gradle-open-api-3.3.jar
7fc91c003000-7fc91c009000 r--s 0002a000 08:01 1320719                    /home/jk/.gradle/wrapper/dists/gradle-3.3-all/55gk2rcmfc6p2dg9u9ohc3hw9/gradle-3.3/lib/kotlin-runtime-1.1-M02.jar
7fc91c009000-7fc91c011000 r--s 0004e000 08:01 1320716                    /home/jk/.gradle/wrapper/dists/gradle-3.3-all/55gk2rcmfc6p2dg9u9ohc3hw9/gradle-3.3/lib/gradle-script-kotlin-0.5.1.jar
7fc91c011000-7fc91c014000 r--s 0000b000 08:01 1320747                    /home/jk/.gradle/wrapper/dists/gradle-3.3-all/55gk2rcmfc6p2dg9u9ohc3hw9/gradle-3.3/lib/gradle-resources-3.3.jar
7fc91c014000-7fc91c016000 r--s 00003000 08:01 1320756                    /home/jk/.gradle/wrapper/dists/gradle-3.3-all/55gk2rcmfc6p2dg9u9ohc3hw9/gradle-3.3/lib/jcl-over-slf4j-1.7.10.jar
7fc91c016000-7fc91c017000 r--s 00005000 08:01 1320755                    /home/jk/.gradle/wrapper/dists/gradle-3.3-all/55gk2rcmfc6p2dg9u9ohc3hw9/gradle-3.3/lib/log4j-over-slf4j-1.7.10.jar
7fc91c017000-7fc91c019000 r--s 00000000 08:01 1320754                    /home/jk/.gradle/wrapper/dists/gradle-3.3-all/55gk2rcmfc6p2dg9u9ohc3hw9/gradle-3.3/lib/jul-to-slf4j-1.7.10.jar
7fc91c019000-7fc91c01e000 r--s 0001e000 08:01 1320731                    /home/jk/.gradle/wrapper/dists/gradle-3.3-all/55gk2rcmfc6p2dg9u9ohc3hw9/gradle-3.3/lib/gradle-logging-3.3.jar
7fc91c01e000-7fc91c020000 r--s 00007000 08:01 1320775                    /home/jk/.gradle/wrapper/dists/gradle-3.3-all/55gk2rcmfc6p2dg9u9ohc3hw9/gradle-3.3/lib/objenesis-1.2.jar
7fc91c020000-7fc91c022000 r--s 00000000 08:01 1320774                    /home/jk/.gradle/wrapper/dists/gradle-3.3-all/55gk2rcmfc6p2dg9u9ohc3hw9/gradle-3.3/lib/minlog-1.2.jar
7fc91c022000-7fc91c024000 r--s 0000f000 08:01 1320773                    /home/jk/.gradle/wrapper/dists/gradle-3.3-all/55gk2rcmfc6p2dg9u9ohc3hw9/gradle-3.3/lib/reflectasm-1.07-shaded.jar
7fc91c024000-7fc91c028000 r--s 00026000 08:01 1320758                    /home/jk/.gradle/wrapper/dists/gradle-3.3-all/55gk2rcmfc6p2dg9u9ohc3hw9/gradle-3.3/lib/kryo-2.20.jar
7fc91c028000-7fc91c02e000 r--s 00027000 08:01 1320746                    /home/jk/.gradle/wrapper/dists/gradle-3.3-all/55gk2rcmfc6p2dg9u9ohc3hw9/gradle-3.3/lib/gradle-messaging-3.3.jar
7fc91c02e000-7fc91c02f000 r--s 00001000 08:01 1320772                    /home/jk/.gradle/wrapper/dists/gradle-3.3-all/55gk2rcmfc6p2dg9u9ohc3hw9/gradle-3.3/lib/native-platform-linux-i386-ncurses6-0.12.jar
7fc91c02f000-7fc91c030000 r--s 00001000 08:01 1320771                    /home/jk/.gradle/wrapper/dists/gradle-3.3-all/55gk2rcmfc6p2dg9u9ohc3hw9/gradle-3.3/lib/native-platform-linux-i386-ncurses5-0.12.jar
7fc91c030000-7fc91c031000 r--s 00001000 08:01 1320770                    /home/jk/.gradle/wrapper/dists/gradle-3.3-all/55gk2rcmfc6p2dg9u9ohc3hw9/gradle-3.3/lib/native-platform-linux-amd64-ncurses6-0.12.jar
7fc91c031000-7fc91c032000 r--s 00001000 08:01 1320769                    /home/jk/.gradle/wrapper/dists/gradle-3.3-all/55gk2rcmfc6p2dg9u9ohc3hw9/gradle-3.3/lib/native-platform-linux-amd64-ncurses5-0.12.jar
7fc91c032000-7fc91c033000 r--s 0000b000 08:01 1320768                    /home/jk/.gradle/wrapper/dists/gradle-3.3-all/55gk2rcmfc6p2dg9u9ohc3hw9/gradle-3.3/lib/native-platform-windows-i386-0.12.jar
7fc91c033000-7fc91c035000 r--s 0000b000 08:01 1320767                    /home/jk/.gradle/wrapper/dists/gradle-3.3-all/55gk2rcmfc6p2dg9u9ohc3hw9/gradle-3.3/lib/native-platform-windows-amd64-0.12.jar
7fc91c035000-7fc91c037000 r--s 00002000 08:01 1320766                    /home/jk/.gradle/wrapper/dists/gradle-3.3-all/55gk2rcmfc6p2dg9u9ohc3hw9/gradle-3.3/lib/native-platform-osx-i386-0.12.jar
7fc91c037000-7fc91c038000 r--s 00002000 08:01 1320765                    /home/jk/.gradle/wrapper/dists/gradle-3.3-all/55gk2rcmfc6p2dg9u9ohc3hw9/gradle-3.3/lib/native-platform-osx-amd64-0.12.jar
7fc91c038000-7fc91c039000 r--s 00002000 08:01 1320764                    /home/jk/.gradle/wrapper/dists/gradle-3.3-all/55gk2rcmfc6p2dg9u9ohc3hw9/gradle-3.3/lib/native-platform-linux-i386-0.12.jar
7fc91c039000-7fc91c03a000 r--s 00002000 08:01 1320763                    /home/jk/.gradle/wrapper/dists/gradle-3.3-all/55gk2rcmfc6p2dg9u9ohc3hw9/gradle-3.3/lib/native-platform-linux-amd64-0.12.jar
7fc91c03a000-7fc91c03b000 r--s 00003000 08:01 1320762                    /home/jk/.gradle/wrapper/dists/gradle-3.3-all/55gk2rcmfc6p2dg9u9ohc3hw9/gradle-3.3/lib/native-platform-freebsd-i386-libstdcpp-0.12.jar
7fc91c03b000-7fc91c03c000 r--s 00004000 08:01 1320761                    /home/jk/.gradle/wrapper/dists/gradle-3.3-all/55gk2rcmfc6p2dg9u9ohc3hw9/gradle-3.3/lib/native-platform-freebsd-i386-libcpp-0.12.jar
7fc91c03c000-7fc91c03e000 r--s 00003000 08:01 1320760                    /home/jk/.gradle/wrapper/dists/gradle-3.3-all/55gk2rcmfc6p2dg9u9ohc3hw9/gradle-3.3/lib/native-platform-freebsd-amd64-libstdcpp-0.12.jar
7fc91c03e000-7fc91c041000 r--s 00023000 08:01 1320753                    /home/jk/.gradle/wrapper/dists/gradle-3.3-all/55gk2rcmfc6p2dg9u9ohc3hw9/gradle-3.3/lib/jansi-1.14.jar
7fc91c041000-7fc91c045000 r--s 00011000 08:01 1320752                    /home/jk/.gradle/wrapper/dists/gradle-3.3-all/55gk2rcmfc6p2dg9u9ohc3hw9/gradle-3.3/lib/native-platform-0.12.jar
7fc91c045000-7fc91c048000 r--s 0000a000 08:01 1320730                    /home/jk/.gradle/wrapper/dists/gradle-3.3-all/55gk2rcmfc6p2dg9u9ohc3hw9/gradle-3.3/lib/gradle-native-3.3.jar
7fc91c048000-7fc91c04a000 r--s 00005000 08:01 1320727                    /home/jk/.gradle/wrapper/dists/gradle-3.3-all/55gk2rcmfc6p2dg9u9ohc3hw9/gradle-3.3/lib/gradle-cli-3.3.jar
7fc91c04a000-7fc91c059000 r--s 0007f000 08:01 1320737                    /home/jk/.gradle/wrapper/dists/gradle-3.3-all/55gk2rcmfc6p2dg9u9ohc3hw9/gradle-3.3/lib/gradle-model-core-3.3.jar
7fc91c059000-7fc91c0c9000 r--s 00641000 08:01 1320736                    /home/jk/.gradle/wrapper/dists/gradle-3.3-all/55gk2rcmfc6p2dg9u9ohc3hw9/gradle-3.3/lib/groovy-all-2.4.7.jar
7fc91c0c9000-7fc91c0f1000 r--s 001cf000 08:01 1320733                    /home/jk/.gradle/wrapper/dists/gradle-3.3-all/55gk2rcmfc6p2dg9u9ohc3hw9/gradle-3.3/lib/guava-jdk5-17.0.jar
7fc91c0f1000-7fc91c0f2000 ---p 00000000 00:00 0 
7fc91c0f2000-7fc91c1f2000 rw-p 00000000 00:00 0 
7fc91c1f2000-7fc91c1f5000 ---p 00000000 00:00 0 
7fc91c1f5000-7fc91c2f3000 rw-p 00000000 00:00 0 
7fc91c2f3000-7fc91c2f6000 ---p 00000000 00:00 0 
7fc91c2f6000-7fc91c3f4000 rw-p 00000000 00:00 0 
7fc91c3f4000-7fc91c3f7000 ---p 00000000 00:00 0 
7fc91c3f7000-7fc91c4f5000 rw-p 00000000 00:00 0 
7fc91c4f5000-7fc91c4f8000 ---p 00000000 00:00 0 
7fc91c4f8000-7fc91c5f6000 rw-p 00000000 00:00 0 
7fc91c5f6000-7fc91c5f9000 ---p 00000000 00:00 0 
7fc91c5f9000-7fc91c6f7000 rw-p 00000000 00:00 0 
7fc91c6f7000-7fc91c6fa000 ---p 00000000 00:00 0 
7fc91c6fa000-7fc91c7f8000 rw-p 00000000 00:00 0 
7fc91c7f8000-7fc91c7fb000 ---p 00000000 00:00 0 
7fc91c7fb000-7fc91c8f9000 rw-p 00000000 00:00 0 
7fc91c8f9000-7fc91c8fa000 ---p 00000000 00:00 0 
7fc91c8fa000-7fc91d000000 rw-p 00000000 00:00 0 
7fc91d000000-7fc91d780000 rwxp 00000000 00:00 0 
7fc91d780000-7fc92c000000 ---p 00000000 00:00 0 
7fc92c000000-7fc92cd10000 rw-p 00000000 00:00 0 
7fc92cd10000-7fc930000000 ---p 00000000 00:00 0 
7fc930000000-7fc930001000 r--s 00004000 08:01 1320759                    /home/jk/.gradle/wrapper/dists/gradle-3.3-all/55gk2rcmfc6p2dg9u9ohc3hw9/gradle-3.3/lib/native-platform-freebsd-amd64-libcpp-0.12.jar
7fc930001000-7fc930003000 r--s 00007000 08:01 1320738                    /home/jk/.gradle/wrapper/dists/gradle-3.3-all/55gk2rcmfc6p2dg9u9ohc3hw9/gradle-3.3/lib/gradle-model-groovy-3.3.jar
7fc930003000-7fc930005000 r--s 00006000 08:01 1320745                    /home/jk/.gradle/wrapper/dists/gradle-3.3-all/55gk2rcmfc6p2dg9u9ohc3hw9/gradle-3.3/lib/gradle-base-services-groovy-3.3.jar
7fc930005000-7fc930006000 r--s 00002000 08:01 1320748                    /home/jk/.gradle/wrapper/dists/gradle-3.3-all/55gk2rcmfc6p2dg9u9ohc3hw9/gradle-3.3/lib/gradle-docs-3.3.jar
7fc930006000-7fc930013000 r--s 00083000 08:01 1320741                    /home/jk/.gradle/wrapper/dists/gradle-3.3-all/55gk2rcmfc6p2dg9u9ohc3hw9/gradle-3.3/lib/commons-collections-3.2.2.jar
7fc930013000-7fc930032000 r--s 001d1000 08:01 1320740                    /home/jk/.gradle/wrapper/dists/gradle-3.3-all/55gk2rcmfc6p2dg9u9ohc3hw9/gradle-3.3/lib/ant-1.9.6.jar
7fc930032000-7fc93006f000 r--s 001f8000 08:01 1320726                    /home/jk/.gradle/wrapper/dists/gradle-3.3-all/55gk2rcmfc6p2dg9u9ohc3hw9/gradle-3.3/lib/gradle-core-3.3.jar
7fc93006f000-7fc930a4a000 rw-p 00000000 00:00 0 
7fc930a4a000-7fc930c19000 r--s 03c1b000 08:01 2630209                    /usr/local/android-studio/jre/jre/lib/rt.jar
7fc930c19000-7fc93178f000 rw-p 00000000 00:00 0 
7fc93178f000-7fc931790000 ---p 00000000 00:00 0 
7fc931790000-7fc931890000 rw-p 00000000 00:00 0 
7fc931890000-7fc931891000 ---p 00000000 00:00 0 
7fc931891000-7fc931991000 rw-p 00000000 00:00 0 
7fc931991000-7fc931992000 ---p 00000000 00:00 0 
7fc931992000-7fc931a92000 rw-p 00000000 00:00 0 
7fc931a92000-7fc931a93000 ---p 00000000 00:00 0 
7fc931a93000-7fc931ba8000 rw-p 00000000 00:00 0 
7fc931ba8000-7fc931d93000 ---p 00000000 00:00 0 
7fc931d93000-7fc931da8000 rw-p 00000000 00:00 0 
7fc931da8000-7fc931f93000 ---p 00000000 00:00 0 
7fc931f93000-7fc931fba000 rw-p 00000000 00:00 0 
7fc931fba000-7fc932093000 ---p 00000000 00:00 0 
7fc932093000-7fc9320b2000 rw-p 00000000 00:00 0 
7fc9320b2000-7fc932454000 ---p 00000000 00:00 0 
7fc932454000-7fc93246e000 r-xp 00000000 08:01 2630226                    /usr/local/android-studio/jre/jre/lib/amd64/libzip.so
7fc93246e000-7fc93266e000 ---p 0001a000 08:01 2630226                    /usr/local/android-studio/jre/jre/lib/amd64/libzip.so
7fc93266e000-7fc93266f000 r--p 0001a000 08:01 2630226                    /usr/local/android-studio/jre/jre/lib/amd64/libzip.so
7fc93266f000-7fc932670000 rw-p 0001b000 08:01 2630226                    /usr/local/android-studio/jre/jre/lib/amd64/libzip.so
7fc932670000-7fc93267b000 r-xp 00000000 08:01 3150331                    /lib/x86_64-linux-gnu/libnss_files-2.23.so
7fc93267b000-7fc93287a000 ---p 0000b000 08:01 3150331                    /lib/x86_64-linux-gnu/libnss_files-2.23.so
7fc93287a000-7fc93287b000 r--p 0000a000 08:01 3150331                    /lib/x86_64-linux-gnu/libnss_files-2.23.so
7fc93287b000-7fc93287c000 rw-p 0000b000 08:01 3150331                    /lib/x86_64-linux-gnu/libnss_files-2.23.so
7fc93287c000-7fc932882000 rw-p 00000000 00:00 0 
7fc932882000-7fc93288d000 r-xp 00000000 08:01 3145816                    /lib/x86_64-linux-gnu/libnss_nis-2.23.so
7fc93288d000-7fc932a8c000 ---p 0000b000 08:01 3145816                    /lib/x86_64-linux-gnu/libnss_nis-2.23.so
7fc932a8c000-7fc932a8d000 r--p 0000a000 08:01 3145816                    /lib/x86_64-linux-gnu/libnss_nis-2.23.so
7fc932a8d000-7fc932a8e000 rw-p 0000b000 08:01 3145816                    /lib/x86_64-linux-gnu/libnss_nis-2.23.so
7fc932a8e000-7fc932aa4000 r-xp 00000000 08:01 3145820                    /lib/x86_64-linux-gnu/libnsl-2.23.so
7fc932aa4000-7fc932ca3000 ---p 00016000 08:01 3145820                    /lib/x86_64-linux-gnu/libnsl-2.23.so
7fc932ca3000-7fc932ca4000 r--p 00015000 08:01 3145820                    /lib/x86_64-linux-gnu/libnsl-2.23.so
7fc932ca4000-7fc932ca5000 rw-p 00016000 08:01 3145820                    /lib/x86_64-linux-gnu/libnsl-2.23.so
7fc932ca5000-7fc932ca7000 rw-p 00000000 00:00 0 
7fc932ca7000-7fc932caf000 r-xp 00000000 08:01 3150374                    /lib/x86_64-linux-gnu/libnss_compat-2.23.so
7fc932caf000-7fc932eae000 ---p 00008000 08:01 3150374                    /lib/x86_64-linux-gnu/libnss_compat-2.23.so
7fc932eae000-7fc932eaf000 r--p 00007000 08:01 3150374                    /lib/x86_64-linux-gnu/libnss_compat-2.23.so
7fc932eaf000-7fc932eb0000 rw-p 00008000 08:01 3150374                    /lib/x86_64-linux-gnu/libnss_compat-2.23.so
7fc932eb0000-7fc932edd000 r-xp 00000000 08:01 2630244                    /usr/local/android-studio/jre/jre/lib/amd64/libjava.so
7fc932edd000-7fc9330dc000 ---p 0002d000 08:01 2630244                    /usr/local/android-studio/jre/jre/lib/amd64/libjava.so
7fc9330dc000-7fc9330dd000 r--p 0002c000 08:01 2630244                    /usr/local/android-studio/jre/jre/lib/amd64/libjava.so
7fc9330dd000-7fc9330df000 rw-p 0002d000 08:01 2630244                    /usr/local/android-studio/jre/jre/lib/amd64/libjava.so
7fc9330df000-7fc9330ef000 r-xp 00000000 08:01 2630215                    /usr/local/android-studio/jre/jre/lib/amd64/libverify.so
7fc9330ef000-7fc9332ee000 ---p 00010000 08:01 2630215                    /usr/local/android-studio/jre/jre/lib/amd64/libverify.so
7fc9332ee000-7fc9332f0000 r--p 0000f000 08:01 2630215                    /usr/local/android-studio/jre/jre/lib/amd64/libverify.so
7fc9332f0000-7fc9332f1000 rw-p 00011000 08:01 2630215                    /usr/local/android-studio/jre/jre/lib/amd64/libverify.so
7fc9332f1000-7fc9332f8000 r-xp 00000000 08:01 3150431                    /lib/x86_64-linux-gnu/librt-2.23.so
7fc9332f8000-7fc9334f7000 ---p 00007000 08:01 3150431                    /lib/x86_64-linux-gnu/librt-2.23.so
7fc9334f7000-7fc9334f8000 r--p 00006000 08:01 3150431                    /lib/x86_64-linux-gnu/librt-2.23.so
7fc9334f8000-7fc9334f9000 rw-p 00007000 08:01 3150431                    /lib/x86_64-linux-gnu/librt-2.23.so
7fc9334f9000-7fc933601000 r-xp 00000000 08:01 3145817                    /lib/x86_64-linux-gnu/libm-2.23.so
7fc933601000-7fc933800000 ---p 00108000 08:01 3145817                    /lib/x86_64-linux-gnu/libm-2.23.so
7fc933800000-7fc933801000 r--p 00107000 08:01 3145817                    /lib/x86_64-linux-gnu/libm-2.23.so
7fc933801000-7fc933802000 rw-p 00108000 08:01 3145817                    /lib/x86_64-linux-gnu/libm-2.23.so
7fc933802000-7fc9343f3000 r-xp 00000000 08:01 2630224                    /usr/local/android-studio/jre/jre/lib/amd64/server/libjvm.so
7fc9343f3000-7fc9345f3000 ---p 00bf1000 08:01 2630224                    /usr/local/android-studio/jre/jre/lib/amd64/server/libjvm.so
7fc9345f3000-7fc934692000 r--p 00bf1000 08:01 2630224                    /usr/local/android-studio/jre/jre/lib/amd64/server/libjvm.so
7fc934692000-7fc9346bb000 rw-p 00c90000 08:01 2630224                    /usr/local/android-studio/jre/jre/lib/amd64/server/libjvm.so
7fc9346bb000-7fc9346ff000 rw-p 00000000 00:00 0 
7fc9346ff000-7fc934717000 r-xp 00000000 08:01 3150614                    /lib/x86_64-linux-gnu/libpthread-2.23.so
7fc934717000-7fc934916000 ---p 00018000 08:01 3150614                    /lib/x86_64-linux-gnu/libpthread-2.23.so
7fc934916000-7fc934917000 r--p 00017000 08:01 3150614                    /lib/x86_64-linux-gnu/libpthread-2.23.so
7fc934917000-7fc934918000 rw-p 00018000 08:01 3150614                    /lib/x86_64-linux-gnu/libpthread-2.23.so
7fc934918000-7fc93491c000 rw-p 00000000 00:00 0 
7fc93491c000-7fc93491f000 r-xp 00000000 08:01 3145813                    /lib/x86_64-linux-gnu/libdl-2.23.so
7fc93491f000-7fc934b1e000 ---p 00003000 08:01 3145813                    /lib/x86_64-linux-gnu/libdl-2.23.so
7fc934b1e000-7fc934b1f000 r--p 00002000 08:01 3145813                    /lib/x86_64-linux-gnu/libdl-2.23.so
7fc934b1f000-7fc934b20000 rw-p 00003000 08:01 3145813                    /lib/x86_64-linux-gnu/libdl-2.23.so
7fc934b20000-7fc934cdf000 r-xp 00000000 08:01 3145822                    /lib/x86_64-linux-gnu/libc-2.23.so
7fc934cdf000-7fc934edf000 ---p 001bf000 08:01 3145822                    /lib/x86_64-linux-gnu/libc-2.23.so
7fc934edf000-7fc934ee3000 r--p 001bf000 08:01 3145822                    /lib/x86_64-linux-gnu/libc-2.23.so
7fc934ee3000-7fc934ee5000 rw-p 001c3000 08:01 3145822                    /lib/x86_64-linux-gnu/libc-2.23.so
7fc934ee5000-7fc934ee9000 rw-p 00000000 00:00 0 
7fc934ee9000-7fc934eff000 r-xp 00000000 08:01 2630165                    /usr/local/android-studio/jre/lib/amd64/jli/libjli.so
7fc934eff000-7fc9350fe000 ---p 00016000 08:01 2630165                    /usr/local/android-studio/jre/lib/amd64/jli/libjli.so
7fc9350fe000-7fc9350ff000 r--p 00015000 08:01 2630165                    /usr/local/android-studio/jre/lib/amd64/jli/libjli.so
7fc9350ff000-7fc935100000 rw-p 00016000 08:01 2630165                    /usr/local/android-studio/jre/lib/amd64/jli/libjli.so
7fc935100000-7fc935126000 r-xp 00000000 08:01 3145823                    /lib/x86_64-linux-gnu/ld-2.23.so
7fc935126000-7fc935127000 r--s 00000000 08:01 1320744                    /home/jk/.gradle/wrapper/dists/gradle-3.3-all/55gk2rcmfc6p2dg9u9ohc3hw9/gradle-3.3/lib/javax.inject-1.jar
7fc935127000-7fc935128000 r--s 00000000 08:01 1320743                    /home/jk/.gradle/wrapper/dists/gradle-3.3-all/55gk2rcmfc6p2dg9u9ohc3hw9/gradle-3.3/lib/jcip-annotations-1.0.jar
7fc935128000-7fc93512c000 r--s 00027000 08:01 1320742                    /home/jk/.gradle/wrapper/dists/gradle-3.3-all/55gk2rcmfc6p2dg9u9ohc3hw9/gradle-3.3/lib/commons-io-2.2.jar
7fc93512c000-7fc935131000 r--s 00038000 08:01 1320739                    /home/jk/.gradle/wrapper/dists/gradle-3.3-all/55gk2rcmfc6p2dg9u9ohc3hw9/gradle-3.3/lib/asm-all-5.1.jar
7fc935131000-7fc935132000 r--s 00001000 08:01 1320735                    /home/jk/.gradle/wrapper/dists/gradle-3.3-all/55gk2rcmfc6p2dg9u9ohc3hw9/gradle-3.3/lib/gradle-process-services-3.3.jar
7fc935132000-7fc935137000 r--s 00041000 08:01 1320734                    /home/jk/.gradle/wrapper/dists/gradle-3.3-all/55gk2rcmfc6p2dg9u9ohc3hw9/gradle-3.3/lib/commons-lang-2.6.jar
7fc935137000-7fc935140000 r--s 00042000 08:01 1320724                    /home/jk/.gradle/wrapper/dists/gradle-3.3-all/55gk2rcmfc6p2dg9u9ohc3hw9/gradle-3.3/lib/gradle-base-services-3.3.jar
7fc935140000-7fc935202000 rw-p 00000000 00:00 0 
7fc935202000-7fc935205000 ---p 00000000 00:00 0 
7fc935205000-7fc935307000 rw-p 00000000 00:00 0 
7fc935307000-7fc935309000 r--s 00000000 08:01 1320725                    /home/jk/.gradle/wrapper/dists/gradle-3.3-all/55gk2rcmfc6p2dg9u9ohc3hw9/gradle-3.3/lib/gradle-jvm-services-3.3.jar
7fc935309000-7fc93530a000 r--s 00000000 08:01 1320890                    /home/jk/.gradle/wrapper/dists/gradle-3.3-all/55gk2rcmfc6p2dg9u9ohc3hw9/gradle-3.3/lib/gradle-version-info-3.3.jar
7fc93530a000-7fc93530b000 r--s 00007000 08:01 1320732                    /home/jk/.gradle/wrapper/dists/gradle-3.3-all/55gk2rcmfc6p2dg9u9ohc3hw9/gradle-3.3/lib/slf4j-api-1.7.10.jar
7fc93530b000-7fc93530c000 r--s 00004000 08:01 1320757                    /home/jk/.gradle/wrapper/dists/gradle-3.3-all/55gk2rcmfc6p2dg9u9ohc3hw9/gradle-3.3/lib/ant-launcher-1.9.6.jar
7fc93530c000-7fc935319000 r--s 0005c000 08:01 1320721                    /home/jk/.gradle/wrapper/dists/gradle-3.3-all/55gk2rcmfc6p2dg9u9ohc3hw9/gradle-3.3/lib/gradle-launcher-3.3.jar
7fc935319000-7fc935321000 rw-s 00000000 08:01 3039278                    /tmp/hsperfdata_jk/18335
7fc935321000-7fc935322000 rw-p 00000000 00:00 0 
7fc935322000-7fc935323000 ---p 00000000 00:00 0 
7fc935323000-7fc935325000 rw-p 00000000 00:00 0 
7fc935325000-7fc935326000 r--p 00025000 08:01 3145823                    /lib/x86_64-linux-gnu/ld-2.23.so
7fc935326000-7fc935327000 rw-p 00026000 08:01 3145823                    /lib/x86_64-linux-gnu/ld-2.23.so
7fc935327000-7fc935328000 rw-p 00000000 00:00 0 
7ffc934d7000-7ffc934f8000 rw-p 00000000 00:00 0                          [stack]
7ffc934ff000-7ffc93501000 r--p 00000000 00:00 0                          [vvar]
7ffc93501000-7ffc93503000 r-xp 00000000 00:00 0                          [vdso]
ffffffffff600000-ffffffffff601000 r-xp 00000000 00:00 0                  [vsyscall]

VM Arguments:
jvm_args: -Xmx1536m -Dfile.encoding=UTF-8 -Duser.country=US -Duser.language=en -Duser.variant 
java_command: org.gradle.launcher.daemon.bootstrap.GradleDaemon 3.3
java_class_path (initial): /home/jk/.gradle/wrapper/dists/gradle-3.3-all/55gk2rcmfc6p2dg9u9ohc3hw9/gradle-3.3/lib/gradle-launcher-3.3.jar
Launcher Type: SUN_STANDARD

Environment Variables:
PATH=/home/jk/bin:/home/jk/.local/bin:/usr/local/sbin:/usr/local/bin:/usr/sbin:/usr/bin:/sbin:/bin:/usr/games:/usr/local/games
LD_LIBRARY_PATH=/usr/local/android-studio/bin:
SHELL=/bin/bash
DISPLAY=:0

Signal Handlers:
SIGSEGV: [libjvm.so+0x9e5150], sa_mask[0]=11111111011111111101111111111110, sa_flags=SA_RESTART|SA_SIGINFO
SIGBUS: [libjvm.so+0x9e5150], sa_mask[0]=11111111011111111101111111111110, sa_flags=SA_RESTART|SA_SIGINFO
SIGFPE: [libjvm.so+0x848450], sa_mask[0]=11111111011111111101111111111110, sa_flags=SA_RESTART|SA_SIGINFO
SIGPIPE: [libjvm.so+0x848450], sa_mask[0]=11111111011111111101111111111110, sa_flags=SA_RESTART|SA_SIGINFO
SIGXFSZ: [libjvm.so+0x848450], sa_mask[0]=11111111011111111101111111111110, sa_flags=SA_RESTART|SA_SIGINFO
SIGILL: [libjvm.so+0x848450], sa_mask[0]=11111111011111111101111111111110, sa_flags=SA_RESTART|SA_SIGINFO
SIGUSR1: SIG_DFL, sa_mask[0]=00000000000000000000000000000000, sa_flags=none
SIGUSR2: [libjvm.so+0x848320], sa_mask[0]=00100000000000000000000000000000, sa_flags=SA_RESTART|SA_SIGINFO
SIGHUP: [libjvm.so+0x848510], sa_mask[0]=11111111011111111101111111111110, sa_flags=SA_RESTART|SA_SIGINFO
SIGINT: [libjvm.so+0x848510], sa_mask[0]=11111111011111111101111111111110, sa_flags=SA_RESTART|SA_SIGINFO
SIGTERM: [libjvm.so+0x848510], sa_mask[0]=11111111011111111101111111111110, sa_flags=SA_RESTART|SA_SIGINFO
SIGQUIT: [libjvm.so+0x848510], sa_mask[0]=11111111011111111101111111111110, sa_flags=SA_RESTART|SA_SIGINFO


---------------  S Y S T E M  ---------------

OS:DISTRIB_ID="elementary"
DISTRIB_RELEASE=0.4
DISTRIB_CODENAME=loki
DISTRIB_DESCRIPTION="elementary OS 0.4 Loki"

uname:Linux 4.4.0-71-generic #92-Ubuntu SMP Fri Mar 24 12:59:01 UTC 2017 x86_64
libc:glibc 2.23 NPTL 2.23 
rlimit: STACK 8192k, CORE 0k, NPROC 15276, NOFILE 65536, AS infinity
load average:15.77 7.36 3.86

/proc/meminfo:
MemTotal:        3951352 kB
MemFree:           87560 kB
MemAvailable:          0 kB
Buffers:             268 kB
Cached:           559656 kB
SwapCached:          272 kB
Active:          2842280 kB
Inactive:         781756 kB
Active(anon):    2839228 kB
Inactive(anon):   778136 kB
Active(file):       3052 kB
Inactive(file):     3620 kB
Unevictable:         696 kB
Mlocked:             696 kB
SwapTotal:       4098044 kB
SwapFree:              0 kB
Dirty:                24 kB
Writeback:             0 kB
AnonPages:       3066740 kB
Mapped:             6572 kB
Shmem:            551200 kB
Slab:             102120 kB
SReclaimable:      50860 kB
SUnreclaim:        51260 kB
KernelStack:       13216 kB
PageTables:        62268 kB
NFS_Unstable:          0 kB
Bounce:                0 kB
WritebackTmp:          0 kB
CommitLimit:     6073720 kB
Committed_AS:   14423332 kB
VmallocTotal:   34359738367 kB
VmallocUsed:           0 kB
VmallocChunk:          0 kB
HardwareCorrupted:     0 kB
AnonHugePages:    387072 kB
CmaTotal:              0 kB
CmaFree:               0 kB
HugePages_Total:       0
HugePages_Free:        0
HugePages_Rsvd:        0
HugePages_Surp:        0
Hugepagesize:       2048 kB
DirectMap4k:      347392 kB
DirectMap2M:     3751936 kB
DirectMap1G:           0 kB


CPU:total 4 (2 cores per cpu, 2 threads per core) family 6 model 69 stepping 1, cmov, cx8, fxsr, mmx, sse, sse2, sse3, ssse3, sse4.1, sse4.2, popcnt, avx, avx2, aes, clmul, erms, lzcnt, ht, tsc, tscinvbit, bmi1, bmi2

/proc/cpuinfo:
processor	: 0
vendor_id	: GenuineIntel
cpu family	: 6
model		: 69
model name	: Intel(R) Core(TM) i5-4200U CPU @ 1.60GHz
stepping	: 1
microcode	: 0x10
cpu MHz		: 2300.000
cache size	: 3072 KB
physical id	: 0
siblings	: 4
core id		: 0
cpu cores	: 2
apicid		: 0
initial apicid	: 0
fpu		: yes
fpu_exception	: yes
cpuid level	: 13
wp		: yes
flags		: fpu vme de pse tsc msr pae mce cx8 apic sep mtrr pge mca cmov pat pse36 clflush dts acpi mmx fxsr sse sse2 ss ht tm pbe syscall nx pdpe1gb rdtscp lm constant_tsc arch_perfmon pebs bts rep_good nopl xtopology nonstop_tsc aperfmperf eagerfpu pni pclmulqdq dtes64 monitor ds_cpl vmx est tm2 ssse3 sdbg fma cx16 xtpr pdcm pcid sse4_1 sse4_2 movbe popcnt tsc_deadline_timer aes xsave avx f16c rdrand lahf_lm abm epb tpr_shadow vnmi flexpriority ept vpid fsgsbase tsc_adjust bmi1 avx2 smep bmi2 erms invpcid xsaveopt dtherm ida arat pln pts
bugs		:
bogomips	: 4589.14
clflush size	: 64
cache_alignment	: 64
address sizes	: 39 bits physical, 48 bits virtual
power management:

processor	: 1
vendor_id	: GenuineIntel
cpu family	: 6
model		: 69
model name	: Intel(R) Core(TM) i5-4200U CPU @ 1.60GHz
stepping	: 1
microcode	: 0x10
cpu MHz		: 2300.000
cache size	: 3072 KB
physical id	: 0
siblings	: 4
core id		: 1
cpu cores	: 2
apicid		: 2
initial apicid	: 2
fpu		: yes
fpu_exception	: yes
cpuid level	: 13
wp		: yes
flags		: fpu vme de pse tsc msr pae mce cx8 apic sep mtrr pge mca cmov pat pse36 clflush dts acpi mmx fxsr sse sse2 ss ht tm pbe syscall nx pdpe1gb rdtscp lm constant_tsc arch_perfmon pebs bts rep_good nopl xtopology nonstop_tsc aperfmperf eagerfpu pni pclmulqdq dtes64 monitor ds_cpl vmx est tm2 ssse3 sdbg fma cx16 xtpr pdcm pcid sse4_1 sse4_2 movbe popcnt tsc_deadline_timer aes xsave avx f16c rdrand lahf_lm abm epb tpr_shadow vnmi flexpriority ept vpid fsgsbase tsc_adjust bmi1 avx2 smep bmi2 erms invpcid xsaveopt dtherm ida arat pln pts
bugs		:
bogomips	: 4589.14
clflush size	: 64
cache_alignment	: 64
address sizes	: 39 bits physical, 48 bits virtual
power management:

processor	: 2
vendor_id	: GenuineIntel
cpu family	: 6
model		: 69
model name	: Intel(R) Core(TM) i5-4200U CPU @ 1.60GHz
stepping	: 1
microcode	: 0x10
cpu MHz		: 2300.000
cache size	: 3072 KB
physical id	: 0
siblings	: 4
core id		: 0
cpu cores	: 2
apicid		: 1
initial apicid	: 1
fpu		: yes
fpu_exception	: yes
cpuid level	: 13
wp		: yes
flags		: fpu vme de pse tsc msr pae mce cx8 apic sep mtrr pge mca cmov pat pse36 clflush dts acpi mmx fxsr sse sse2 ss ht tm pbe syscall nx pdpe1gb rdtscp lm constant_tsc arch_perfmon pebs bts rep_good nopl xtopology nonstop_tsc aperfmperf eagerfpu pni pclmulqdq dtes64 monitor ds_cpl vmx est tm2 ssse3 sdbg fma cx16 xtpr pdcm pcid sse4_1 sse4_2 movbe popcnt tsc_deadline_timer aes xsave avx f16c rdrand lahf_lm abm epb tpr_shadow vnmi flexpriority ept vpid fsgsbase tsc_adjust bmi1 avx2 smep bmi2 erms invpcid xsaveopt dtherm ida arat pln pts
bugs		:
bogomips	: 4589.14
clflush size	: 64
cache_alignment	: 64
address sizes	: 39 bits physical, 48 bits virtual
power management:

processor	: 3
vendor_id	: GenuineIntel
cpu family	: 6
model		: 69
model name	: Intel(R) Core(TM) i5-4200U CPU @ 1.60GHz
stepping	: 1
microcode	: 0x10
cpu MHz		: 2299.910
cache size	: 3072 KB
physical id	: 0
siblings	: 4
core id		: 1
cpu cores	: 2
apicid		: 3
initial apicid	: 3
fpu		: yes
fpu_exception	: yes
cpuid level	: 13
wp		: yes
flags		: fpu vme de pse tsc msr pae mce cx8 apic sep mtrr pge mca cmov pat pse36 clflush dts acpi mmx fxsr sse sse2 ss ht tm pbe syscall nx pdpe1gb rdtscp lm constant_tsc arch_perfmon pebs bts rep_good nopl xtopology nonstop_tsc aperfmperf eagerfpu pni pclmulqdq dtes64 monitor ds_cpl vmx est tm2 ssse3 sdbg fma cx16 xtpr pdcm pcid sse4_1 sse4_2 movbe popcnt tsc_deadline_timer aes xsave avx f16c rdrand lahf_lm abm epb tpr_shadow vnmi flexpriority ept vpid fsgsbase tsc_adjust bmi1 avx2 smep bmi2 erms invpcid xsaveopt dtherm ida arat pln pts
bugs		:
bogomips	: 4589.14
clflush size	: 64
cache_alignment	: 64
address sizes	: 39 bits physical, 48 bits virtual
power management:



Memory: 4k page, physical 3951352k(87484k free), swap 4098044k(0k free)

vm_info: OpenJDK 64-Bit Server VM (25.112-b06) for linux-amd64 JRE (1.8.0_112-release-b06), built on Dec  6 2016 12:11:18 by "builder" with gcc 4.8.4

time: Fri Mar 31 18:42:59 2017
elapsed time: 76 seconds (0d 0h 1m 16s)

